2: D [2025-04-10 04:04:38.549] Created log file: Z:\Games\coc\MyBot-MBR_v8.1.9r4\Profiles\Main\Logs\2025-04-10_04.04.38.log
2: D [2025-04-10 04:04:38.550] Android: BlueStacks5
2: D [2025-04-10 04:04:38.550] Android Instance: Pie64
2: D [2025-04-10 04:04:38.550] Android Version: 
2: D [2025-04-10 04:04:38.550] Android Version API: 17
2: D [2025-04-10 04:04:38.551] Android ADB Device: 127.0.0.1:5555
2: D [2025-04-10 04:04:38.551] Android Program Path: 
2: D [2025-04-10 04:04:38.551] Android Program FileVersionInfo: not available
2: D [2025-04-10 04:04:38.551] Android ADB Path: 
2: D [2025-04-10 04:04:38.552] Android ADB Global Options: 
2: D [2025-04-10 04:04:38.552] Android VBoxManage Path: 
2: D [2025-04-10 04:04:38.552] Android ADB Shared Folder: 
2: D [2025-04-10 04:04:38.553] Full Command Line: 5 Main Village BlueStacks Main Village
2: D [2025-04-10 04:04:38.553] @AutoItExe: Z:\Games\coc\MyBot-MBR_v8.1.9r4\MyBot.run.exe
2: D [2025-04-10 04:04:38.553] @ScriptFullPath: Z:\Games\coc\MyBot-MBR_v8.1.9r4\MyBot.run.exe
2: D [2025-04-10 04:04:38.553] @WorkingDir: Z:\Games\coc\MyBot-MBR_v8.1.9r4\lib
2: D [2025-04-10 04:04:38.553] @AutoItPID: 78428
2: D [2025-04-10 04:04:38.554] @OSArch: X64
2: D [2025-04-10 04:04:38.554] @OSVersion: WIN_10
2: D [2025-04-10 04:04:38.554] @OSBuild: 26100
2: D [2025-04-10 04:04:38.554] @OSServicePack: 
2: D [2025-04-10 04:04:38.556] Primary Display: 2560 x 1440 - 32bit
2: D [2025-04-10 04:04:38.548] SetupProfileFolder: Z:\Games\coc\MyBot-MBR_v8.1.9r4\Profiles\MyVillage
2: D [2025-04-10 04:04:38.581] readConfig(), call number 2
2: D [2025-04-10 04:04:38.607] Read Building Config Z:\Games\coc\MyBot-MBR_v8.1.9r4\Profiles\MyVillage\building.ini
2: D [2025-04-10 04:04:38.620] Read Config Z:\Games\coc\MyBot-MBR_v8.1.9r4\Profiles\MyVillage\config.ini
2: D [2025-04-10 04:04:38.764] Read Clan Games Config Z:\Games\coc\MyBot-MBR_v8.1.9r4\Profiles\MyVillage\clangames.ini
2: D [2025-04-10 04:04:38.768] applyConfig(), call number 2
2: D [2025-04-10 04:04:38.768] Threading: Using 0 threads for parallelism
2: D [2025-04-10 04:04:38.768] Threading: Using 0 threads shared across all bot instances
2: D [2025-04-10 04:04:38.774] HideAndroidWindow: False, False, True, applyConfig
2: D [2025-04-10 04:04:38.777] Disable MyBot Window Redraw: applyConfig
2: D [2025-04-10 04:04:38.779] Bot title updated to: My Bot v8.1.9 (Pie64)
2: D [2025-04-10 04:04:38.808] BB Attack Count: 6
2: D [2025-04-10 04:04:40.830] Redraw MyBot Window: applyConfig
2: D [2025-04-10 04:04:40.870] saveConfig(), call number 3
2: D [2025-04-10 04:04:40.885] Save Building Config Z:\Games\coc\MyBot-MBR_v8.1.9r4\Profiles\MyVillage\building.ini
2: D [2025-04-10 04:04:40.902] Save Config Z:\Games\coc\MyBot-MBR_v8.1.9r4\Profiles\MyVillage\config.ini
2: D [2025-04-10 04:04:40.905] GlRenderMode = gl
2: D [2025-04-10 04:04:40.905] BlueStacks5 (Pie64) is using OpenGL, disable WinAPI for Background Mode
2: D [2025-04-10 04:04:40.905] Enable ADB screencap for Background Mode
2: D [2025-04-10 04:04:41.059] Save Clan Games Config Z:\Games\coc\MyBot-MBR_v8.1.9r4\Profiles\MyVillage\clangames.ini
2: D [2025-04-10 04:04:41.065] SaveConfig(), time = 0.19 sec
2: L [2025-04-10 04:04:41.065] Profile MyVillage loaded from Z:\Games\coc\MyBot-MBR_v8.1.9r4\Profiles\MyVillage\config.ini
2: D [2025-04-10 04:04:52.091] saveConfig(), call number 4
2: D [2025-04-10 04:04:52.105] Save Building Config Z:\Games\coc\MyBot-MBR_v8.1.9r4\Profiles\MyVillage\building.ini
2: D [2025-04-10 04:04:52.126] Save Config Z:\Games\coc\MyBot-MBR_v8.1.9r4\Profiles\MyVillage\config.ini
2: D [2025-04-10 04:04:52.128] GlRenderMode = gl
2: D [2025-04-10 04:04:52.128] BlueStacks5 (Pie64) is using OpenGL, disable WinAPI for Background Mode
2: D [2025-04-10 04:04:52.129] Enable ADB screencap for Background Mode
2: D [2025-04-10 04:04:52.293] Save Clan Games Config Z:\Games\coc\MyBot-MBR_v8.1.9r4\Profiles\MyVillage\clangames.ini
2: D [2025-04-10 04:04:52.298] SaveConfig(), time = 0.2 sec
2: D [2025-04-10 04:04:52.298] readConfig(), call number 3
2: D [2025-04-10 04:04:52.324] Read Building Config Z:\Games\coc\MyBot-MBR_v8.1.9r4\Profiles\MyVillage\building.ini
2: D [2025-04-10 04:04:52.390] Read Config Z:\Games\coc\MyBot-MBR_v8.1.9r4\Profiles\MyVillage\config.ini
2: D [2025-04-10 04:04:52.534] Read Clan Games Config Z:\Games\coc\MyBot-MBR_v8.1.9r4\Profiles\MyVillage\clangames.ini
2: D [2025-04-10 04:04:52.537] SetupProfileFolder: Z:\Games\coc\MyBot-MBR_v8.1.9r4\Profiles\2nd Village
2: L [2025-04-10 04:04:52.539] New Profile '2nd Village' created
2: D [2025-04-10 04:04:52.540] Profiles found: 2nd Village|Main|MyVillage
2: L [2025-04-10 04:05:02.206] Saving your setting...
2: D [2025-04-10 04:05:02.207] saveConfig(), call number 5
2: D [2025-04-10 04:05:02.220] Save Building Config Z:\Games\coc\MyBot-MBR_v8.1.9r4\Profiles\2nd Village\building.ini
2: D [2025-04-10 04:05:02.239] Save Config Z:\Games\coc\MyBot-MBR_v8.1.9r4\Profiles\2nd Village\config.ini
2: D [2025-04-10 04:05:02.242] GlRenderMode = gl
2: D [2025-04-10 04:05:02.243] BlueStacks5 (Pie64) is using OpenGL, disable WinAPI for Background Mode
2: D [2025-04-10 04:05:02.243] Enable ADB screencap for Background Mode
2: D [2025-04-10 04:05:02.398] Save Clan Games Config Z:\Games\coc\MyBot-MBR_v8.1.9r4\Profiles\2nd Village\clangames.ini
2: D [2025-04-10 04:05:02.402] SaveConfig(), time = 0.2 sec
2: D [2025-04-10 04:05:02.403] readConfig(), call number 4
2: D [2025-04-10 04:05:02.431] Read Building Config Z:\Games\coc\MyBot-MBR_v8.1.9r4\Profiles\2nd Village\building.ini
2: D [2025-04-10 04:05:02.441] Read Config Z:\Games\coc\MyBot-MBR_v8.1.9r4\Profiles\2nd Village\config.ini
2: D [2025-04-10 04:05:02.558] Read Clan Games Config Z:\Games\coc\MyBot-MBR_v8.1.9r4\Profiles\2nd Village\clangames.ini
2: D [2025-04-10 04:05:02.561] applyConfig(), call number 3
2: D [2025-04-10 04:05:02.561] Threading: Using 0 threads for parallelism
2: D [2025-04-10 04:05:02.561] Threading: Using 0 threads shared across all bot instances
2: D [2025-04-10 04:05:02.562] HideAndroidWindow: False, False, True, applyConfig
2: D [2025-04-10 04:05:02.564] Disable MyBot Window Redraw: applyConfig
2: D [2025-04-10 04:05:02.566] Bot title updated to: My Bot v8.1.9 (Pie64)
2: D [2025-04-10 04:05:02.581]  - Ini Path: Z:\Games\coc\MyBot-MBR_v8.1.9r4\Profiles\2nd Village\ClanGamesRewards.ini
2: D [2025-04-10 04:05:02.582] BookOfEverything - 10
2: D [2025-04-10 04:05:02.582] BookOfHero - 10
2: D [2025-04-10 04:05:02.583] BookOfFighting - 10
2: D [2025-04-10 04:05:02.583] BookOfBuilding - 10
2: D [2025-04-10 04:05:02.584] BookOfSpell - 10
2: D [2025-04-10 04:05:02.585] Gems - 20
2: D [2025-04-10 04:05:02.585] RuneOfGold - 30
2: D [2025-04-10 04:05:02.586] RuneOfElixir - 30
2: D [2025-04-10 04:05:02.586] RuneOfDarkElixir - 30
2: D [2025-04-10 04:05:02.587] RuneOfBuilderGold - 30
2: D [2025-04-10 04:05:02.588] RuneOfBuilderElixir - 30
2: D [2025-04-10 04:05:02.588] Shovel - 40
2: D [2025-04-10 04:05:02.588] FullBookOfEverything - 50
2: D [2025-04-10 04:05:02.589] FullBookOfHero - 50
2: D [2025-04-10 04:05:02.589] FullBookOfFighting - 50
2: D [2025-04-10 04:05:02.590] FullBookOfBuilding - 50
2: D [2025-04-10 04:05:02.590] FullBookOfSpell - 50
2: D [2025-04-10 04:05:02.590] FullRuneOfGold - 60
2: D [2025-04-10 04:05:02.591] FullRuneOfElixir - 60
2: D [2025-04-10 04:05:02.591] FullRuneOfDarkElixir - 60
2: D [2025-04-10 04:05:02.592] FullRuneOfBuilderGold - 60
2: D [2025-04-10 04:05:02.593] FullRuneOfBuilderElixir - 60
2: D [2025-04-10 04:05:02.593] FullShovel - 70
2: D [2025-04-10 04:05:02.594] FullWallRing - 70
2: D [2025-04-10 04:05:02.594] WallRing - 70
2: D [2025-04-10 04:05:02.595] PotBuilder - 80
2: D [2025-04-10 04:05:02.595] PotResearch - 80
2: D [2025-04-10 04:05:02.595] PotClock - 80
2: D [2025-04-10 04:05:02.596] PotBoost - 80
2: D [2025-04-10 04:05:02.596] PotHero - 80
2: D [2025-04-10 04:05:02.597] PotResources - 80
2: D [2025-04-10 04:05:02.597] PotPower - 80
2: D [2025-04-10 04:05:02.598] PotSuper - 80
2: D [2025-04-10 04:05:02.598] FullPotBuilder - 90
2: D [2025-04-10 04:05:02.599] FullPotResearch - 90
2: D [2025-04-10 04:05:02.599] FullPotClock - 90
2: D [2025-04-10 04:05:02.599] FullPotBoost - 90
2: D [2025-04-10 04:05:02.600] FullPotHero - 90
2: D [2025-04-10 04:05:02.600] FullPotResources - 90
2: D [2025-04-10 04:05:02.601] FullPotPower - 90
2: D [2025-04-10 04:05:02.601] FullPotSuper - 90
2: D [2025-04-10 04:05:02.603] BB Attack Count: 6
2: D [2025-04-10 04:05:04.519] Redraw MyBot Window: applyConfig
2: L [2025-04-10 04:05:04.557] Done!
2: D [2025-04-10 04:05:06.585] saveConfig(), call number 6
2: D [2025-04-10 04:05:06.608] Save Building Config Z:\Games\coc\MyBot-MBR_v8.1.9r4\Profiles\2nd Village\building.ini
2: D [2025-04-10 04:05:06.636] Save Config Z:\Games\coc\MyBot-MBR_v8.1.9r4\Profiles\2nd Village\config.ini
2: D [2025-04-10 04:05:06.640] GlRenderMode = gl
2: D [2025-04-10 04:05:06.640] BlueStacks5 (Pie64) is using OpenGL, disable WinAPI for Background Mode
2: D [2025-04-10 04:05:06.641] Enable ADB screencap for Background Mode
2: D [2025-04-10 04:05:06.846] Save Clan Games Config Z:\Games\coc\MyBot-MBR_v8.1.9r4\Profiles\2nd Village\clangames.ini
2: D [2025-04-10 04:05:06.852] SaveConfig(), time = 0.27 sec
0: D [2025-04-10 04:06:27.886] Append to log file: Z:\Games\coc\MyBot-MBR_v8.1.9r4\Profiles\Main\Logs\2025-04-10_04.04.38.log
0: D [2025-04-10 04:06:27.886] Full Command Line: 5 Main Village BlueStacks Main Village
0: D [2025-04-10 04:06:27.887] @AutoItExe: Z:\Games\coc\MyBot-MBR_v8.1.9r4\MyBot.run.exe
0: D [2025-04-10 04:06:27.887] @ScriptFullPath: Z:\Games\coc\MyBot-MBR_v8.1.9r4\MyBot.run.exe
0: D [2025-04-10 04:06:27.887] @WorkingDir: Z:\Games\coc\MyBot-MBR_v8.1.9r4
0: D [2025-04-10 04:06:27.887] @AutoItPID: 96516
0: D [2025-04-10 04:06:27.887] @OSArch: X64
0: D [2025-04-10 04:06:27.888] @OSVersion: WIN_10
0: D [2025-04-10 04:06:27.888] @OSBuild: 26100
0: D [2025-04-10 04:06:27.888] @OSServicePack: 
0: D [2025-04-10 04:06:27.889] Primary Display: 2560 x 1440 - 32bit
0: D [2025-04-10 04:06:27.883] MyBot.run/API/1.1 Message ID = 49890
0: D [2025-04-10 04:06:27.884] MyBot.run/STATE/1.1 Message ID = 49891
0: D [2025-04-10 04:06:27.885] SetupProfileFolder: Z:\Games\coc\MyBot-MBR_v8.1.9r4\Profiles\Main
0: L [2025-04-10 04:06:27.885] ====================== BOT LOG ======================
0: D [2025-04-10 04:06:27.889] Created switch log file: Z:\Games\coc\MyBot-MBR_v8.1.9r4\Profiles\SwitchAccLog-2025-04.log
0: D [2025-04-10 04:06:27.890] readConfig(), call number 1
0: D [2025-04-10 04:06:27.910] Read Building Config Z:\Games\coc\MyBot-MBR_v8.1.9r4\Profiles\Main\building.ini
0: D [2025-04-10 04:06:27.921] Read Config Z:\Games\coc\MyBot-MBR_v8.1.9r4\Profiles\Main\config.ini
0: D [2025-04-10 04:06:28.046] Read Clan Games Config Z:\Games\coc\MyBot-MBR_v8.1.9r4\Profiles\Main\clangames.ini
0: D [2025-04-10 04:06:28.075] Bot title updated to: My Bot v8.1.9
0: D [2025-04-10 04:06:28.080] Aquired mutex ticket: Launching.1, 0x000002C4
0: L [2025-04-10 04:06:28.125] Watchdog launched
0: D [2025-04-10 04:06:33.679] SplashStep 1 of 10: Initializing Android...(5.56 sec)
0: D [2025-04-10 04:06:33.681] SplashStep 2 of 10: Detecting Android...(5.56 sec)
0: D [2025-04-10 04:06:33.682] Retrieving CoC distributors
0: L [2025-04-10 04:06:33.683] Unrecognized COC Package: 0
0: D [2025-04-10 04:06:33.683] Bot title updated to: My Bot v8.1.9 (Pie64)
0: D [2025-04-10 04:06:33.684] UpdateSplashTitle: My Bot v8.1.9 (Pie64), Profile: Main
0: D [2025-04-10 04:06:33.688] Aquire Mutex for Profile: Main
0: D [2025-04-10 04:06:33.688] My Bot is the only running instance
0: D [2025-04-10 04:06:33.689] SplashStep 3 of 10: Loading Main GUI...(5.56 sec)
0: D [2025-04-10 04:06:33.757] SplashStep 4 of 10: Loading GUI Bottom...(5.64 sec)
0: D [2025-04-10 04:06:33.831] AndroidToFront: Source chkBackground
0: D [2025-04-10 04:06:34.227] SplashStep 5 of 10: Loading Log tab...(6.11 sec)
0: D [2025-04-10 04:06:34.801] SplashStep 6 of 10: Loading Village tab...(6.67 sec)
0: D [2025-04-10 04:06:48.123] SplashStep 7 of 10: Loading Attack tab...(20 sec)
0: D [2025-04-10 04:07:08.299] SplashStep 8 of 10: Loading Bot tab...(40.17 sec)
0: D [2025-04-10 04:07:08.806] Profiles found: 2nd Village|Main|MyVillage
0: D [2025-04-10 04:07:13.169] SplashStep 9 of 10: Loading About Us tab...(45.05 sec)
0: D [2025-04-10 04:07:13.205] SplashStep 10 of 10: Initializing GUI...(45.08 sec)
0: D [2025-04-10 04:07:13.620] Redraw MyBot ControlIds (forced): 0x00182D8C, 0x00182D80
0: D [2025-04-10 04:07:13.620] Control ID 0x00182D8C handle: 0x00182D8C parent: 0x00182D96 $g_hFrmBot: 0x0020272A $g_hFrmBotEx: 0x001D1840 Pos: 10, 133, 452, 303
0: D [2025-04-10 04:07:13.620] Control ID 0x00182D8C RedrawWindow Pos: 10, 133, 462, 436
0: D [2025-04-10 04:07:13.621] Control ID 0x00182D80 handle: 0x00182D80 parent: 0x00182D96 $g_hFrmBot: 0x0020272A $g_hFrmBotEx: 0x001D1840 Pos: 10, 440, 452, 101
0: D [2025-04-10 04:07:13.621] Control ID 0x00182D80 RedrawWindow Pos: 10, 440, 462, 541
0: D [2025-04-10 04:07:13.621] $g_hFrmBot=0x0020272A
0: D [2025-04-10 04:07:13.622] $g_hFrmBotEx=0x001D1840
0: D [2025-04-10 04:07:13.622] $g_hFrmBotBottom=0x001C0E4A
0: D [2025-04-10 04:07:13.622] $g_hFrmBotEmbeddedShield=0
0: D [2025-04-10 04:07:13.622] $g_hFrmBotEmbeddedShieldInput=19
0: D [2025-04-10 04:07:13.622] $g_hFrmBotEmbeddedGraphics=0
0: D [2025-04-10 04:07:13.624] Created attack log file: Z:\Games\coc\MyBot-MBR_v8.1.9r4\Profiles\Main\Logs\AttackLog-2025-04.log
0: D [2025-04-10 04:07:13.627] readConfig(), call number 2
0: D [2025-04-10 04:07:13.649] Read Building Config Z:\Games\coc\MyBot-MBR_v8.1.9r4\Profiles\Main\building.ini
0: D [2025-04-10 04:07:13.659] Read Config Z:\Games\coc\MyBot-MBR_v8.1.9r4\Profiles\Main\config.ini
0: D [2025-04-10 04:07:13.777] Read Clan Games Config Z:\Games\coc\MyBot-MBR_v8.1.9r4\Profiles\Main\clangames.ini
0: D [2025-04-10 04:07:13.779] applyConfig(), call number 1
0: D [2025-04-10 04:07:13.780] Threading: Using 0 threads for parallelism
0: D [2025-04-10 04:07:13.780] Threading: Using 0 threads shared across all bot instances
0: D [2025-04-10 04:07:13.780] Disable MyBot Window Redraw: applyConfig
0: D [2025-04-10 04:07:13.782] Bot title updated to: My Bot v8.1.9 (Pie64)
0: D [2025-04-10 04:07:18.456] Redraw MyBot Window: applyConfig
0: D [2025-04-10 04:07:18.459] $g_sProfilePath = Z:\Games\coc\MyBot-MBR_v8.1.9r4\Profiles
0: D [2025-04-10 04:07:18.459] $g_sProfileCurrentName = Main
0: D [2025-04-10 04:07:18.459] $g_sProfileLogsPath = Z:\Games\coc\MyBot-MBR_v8.1.9r4\Profiles\Main\Logs\
2: D [2025-04-10 04:07:18.473] Restore bot window to 628, 658, caller: GUIControl_WM_NCACTIVATE
2: D [2025-04-10 04:07:18.601] MyBot.run.dll opened.
2: D [2025-04-10 04:07:18.602] Threading: Using 0 threads shared across all bot instances
2: D [2025-04-10 04:07:18.680] Threading: Using 0 threads for parallelism
2: D [2025-04-10 04:07:18.680] Searching BlueStacks5 Window: Title = 'BlueStacks5 ', Class = '[CLASS:BlueStacksApp; INSTANCE:1]', Text = '_ctl.W'
2: D [2025-04-10 04:07:18.680] BlueStacks5 (Pie64) Window not found in list
2: D [2025-04-10 04:07:18.681] Android Emulator not launched
2: D [2025-04-10 04:07:18.685] setAndroidPID: $pid=0
2: D [2025-04-10 04:07:18.718] Android PID=0 initialized: , Idle
2: D [2025-04-10 04:07:18.719] debugMBRFunctions: $iDebugSearchArea=0, $iDebugRedArea=0, $giDebugOcr=0
2: D [2025-04-10 04:07:19.221] SetBotGuiPID: $pid=96516
2: D [2025-04-10 04:07:19.240] Bot GUI PID=96516 initialized: 96516
2: L [2025-04-10 04:07:19.241] Android Emulator Configuration: BlueStacks5 (instance Pie64)
2: D [2025-04-10 04:07:19.818] Last GitHub version is 8.1.9
2: D [2025-04-10 04:07:19.818] Your version is 8.1.9
2: L [2025-04-10 04:07:19.818] WELCOME CHIEF, YOU HAVE THE LATEST MYBOT VERSION
2: D [2025-04-10 04:07:19.832] Maximum of 2 bots running at same time configured
2: D [2025-04-10 04:07:19.832] MyBot.run launch time 51422 ms.
2: D [2025-04-10 04:07:19.839] Nox version not found
2: L [2025-04-10 04:07:19.840] Emulator Found In Your Machine :
2: L [2025-04-10 04:07:19.841]   - BlueStacks5 version: 5.21.580.1017
2: D [2025-04-10 04:07:19.890] Notify | NotifyGetLastMessageFromTelegram()
2: D [2025-04-10 04:07:49.223] saveConfig(), call number 1
2: D [2025-04-10 04:07:49.238] Save Building Config Z:\Games\coc\MyBot-MBR_v8.1.9r4\Profiles\Main\building.ini
2: D [2025-04-10 04:07:49.257] Save Config Z:\Games\coc\MyBot-MBR_v8.1.9r4\Profiles\Main\config.ini
2: D [2025-04-10 04:07:49.261] GlRenderMode = gl
2: D [2025-04-10 04:07:49.261] BlueStacks5 (Pie64) is using OpenGL, disable WinAPI for Background Mode
2: D [2025-04-10 04:07:49.261] Enable ADB screencap for Background Mode
2: D [2025-04-10 04:07:49.419] Save Clan Games Config Z:\Games\coc\MyBot-MBR_v8.1.9r4\Profiles\Main\clangames.ini
2: D [2025-04-10 04:07:49.423] SaveConfig(), time = 0.2 sec
2: D [2025-04-10 04:07:49.425] Aquire Mutex for Profile: MyVillage
2: D [2025-04-10 04:07:49.425] Release Mutex for Profile: Main
2: D [2025-04-10 04:07:49.426] Append to log file: Z:\Games\coc\MyBot-MBR_v8.1.9r4\Profiles\Main\Logs\2025-04-10_04.04.38.log
2: D [2025-04-10 04:07:49.426] Android: BlueStacks5
2: D [2025-04-10 04:07:49.426] Android Instance: Pie64
2: D [2025-04-10 04:07:49.427] Android Version: 
2: D [2025-04-10 04:07:49.427] Android Version API: 17
2: D [2025-04-10 04:07:49.427] Android ADB Device: 127.0.0.1:5555
2: D [2025-04-10 04:07:49.427] Android Program Path: 
2: D [2025-04-10 04:07:49.428] Android Program FileVersionInfo: not available
2: D [2025-04-10 04:07:49.428] Android ADB Path: 
2: D [2025-04-10 04:07:49.428] Android ADB Global Options: 
2: D [2025-04-10 04:07:49.428] Android VBoxManage Path: 
2: D [2025-04-10 04:07:49.429] Android ADB Shared Folder: 
2: D [2025-04-10 04:07:49.429] Full Command Line: 5 Main Village BlueStacks Main Village
2: D [2025-04-10 04:07:49.429] @AutoItExe: Z:\Games\coc\MyBot-MBR_v8.1.9r4\MyBot.run.exe
2: D [2025-04-10 04:07:49.429] @ScriptFullPath: Z:\Games\coc\MyBot-MBR_v8.1.9r4\MyBot.run.exe
2: D [2025-04-10 04:07:49.430] @WorkingDir: Z:\Games\coc\MyBot-MBR_v8.1.9r4\lib
2: D [2025-04-10 04:07:49.430] @AutoItPID: 96516
2: D [2025-04-10 04:07:49.430] @OSArch: X64
2: D [2025-04-10 04:07:49.430] @OSVersion: WIN_10
2: D [2025-04-10 04:07:49.431] @OSBuild: 26100
2: D [2025-04-10 04:07:49.431] @OSServicePack: 
2: D [2025-04-10 04:07:49.433] Primary Display: 2560 x 1440 - 32bit
2: D [2025-04-10 04:07:49.425] SetupProfileFolder: Z:\Games\coc\MyBot-MBR_v8.1.9r4\Profiles\MyVillage
2: D [2025-04-10 04:07:49.457] readConfig(), call number 3
2: D [2025-04-10 04:07:49.483] Read Building Config Z:\Games\coc\MyBot-MBR_v8.1.9r4\Profiles\MyVillage\building.ini
2: D [2025-04-10 04:07:49.494] Read Config Z:\Games\coc\MyBot-MBR_v8.1.9r4\Profiles\MyVillage\config.ini
2: D [2025-04-10 04:07:49.641] Read Clan Games Config Z:\Games\coc\MyBot-MBR_v8.1.9r4\Profiles\MyVillage\clangames.ini
2: D [2025-04-10 04:07:49.645] applyConfig(), call number 2
2: D [2025-04-10 04:07:49.645] Threading: Using 0 threads for parallelism
2: D [2025-04-10 04:07:49.646] Threading: Using 0 threads shared across all bot instances
2: D [2025-04-10 04:07:49.652] HideAndroidWindow: False, False, True, applyConfig
2: D [2025-04-10 04:07:49.655] Disable MyBot Window Redraw: applyConfig
2: D [2025-04-10 04:07:49.658] Bot title updated to: My Bot v8.1.9 (Pie64)
2: D [2025-04-10 04:07:49.690] BB Attack Count: 6
2: D [2025-04-10 04:07:51.764] Redraw MyBot Window: applyConfig
2: D [2025-04-10 04:07:51.802] saveConfig(), call number 2
2: D [2025-04-10 04:07:51.815] Save Building Config Z:\Games\coc\MyBot-MBR_v8.1.9r4\Profiles\MyVillage\building.ini
2: D [2025-04-10 04:07:51.833] Save Config Z:\Games\coc\MyBot-MBR_v8.1.9r4\Profiles\MyVillage\config.ini
2: D [2025-04-10 04:07:51.835] GlRenderMode = gl
2: D [2025-04-10 04:07:51.836] BlueStacks5 (Pie64) is using OpenGL, disable WinAPI for Background Mode
2: D [2025-04-10 04:07:51.836] Enable ADB screencap for Background Mode
2: D [2025-04-10 04:07:51.992] Save Clan Games Config Z:\Games\coc\MyBot-MBR_v8.1.9r4\Profiles\MyVillage\clangames.ini
2: D [2025-04-10 04:07:51.997] SaveConfig(), time = 0.2 sec
2: L [2025-04-10 04:07:51.997] Profile MyVillage loaded from Z:\Games\coc\MyBot-MBR_v8.1.9r4\Profiles\MyVillage\config.ini
2: D [2025-04-10 04:08:02.971] HideAndroidWindow: False, False, True, GUIControl_WM_ACTIVATEAPP->ShowAndroidWindow
2: D [2025-04-10 04:08:02.972] HideAndroidWindow: False, False, True, GUIControl_WM_ACTIVATEAPP->ShowAndroidWindow
2: D [2025-04-10 04:08:02.972] HideAndroidWindow: False, False, True, GUIControl_WM_ACTIVATEAPP->ShowAndroidWindow
2: D [2025-04-10 04:08:02.973] HideAndroidWindow: False, False, True, GUIControl_WM_ACTIVATEAPP->ShowAndroidWindow
2: D [2025-04-10 04:08:02.973] HideAndroidWindow: False, False, True, GUIControl_WM_ACTIVATEAPP->ShowAndroidWindow
2: D [2025-04-10 04:08:02.973] HideAndroidWindow: False, False, True, GUIControl_WM_ACTIVATEAPP->ShowAndroidWindow
2: D [2025-04-10 04:08:02.979] Restore bot window to -939, 688, caller: GUIControl_WM_NCACTIVATE
2: D [2025-04-10 04:08:17.100] New Bot Host Window Handle registered: 0x00290D64
2: D [2025-04-10 04:08:32.317] 1 running bot instances detected
2: D [2025-04-10 04:09:06.546] HideAndroidWindow: False, False, True, GUIControl_WM_ACTIVATEAPP->ShowAndroidWindow
2: D [2025-04-10 04:09:06.547] HideAndroidWindow: False, False, True, GUIControl_WM_ACTIVATEAPP->ShowAndroidWindow
2: D [2025-04-10 04:09:06.547] HideAndroidWindow: False, False, True, GUIControl_WM_ACTIVATEAPP->ShowAndroidWindow
2: D [2025-04-10 04:09:06.547] HideAndroidWindow: False, False, True, GUIControl_WM_ACTIVATEAPP->ShowAndroidWindow
2: D [2025-04-10 04:09:06.548] HideAndroidWindow: False, False, True, GUIControl_WM_ACTIVATEAPP->ShowAndroidWindow
2: D [2025-04-10 04:09:06.548] HideAndroidWindow: False, False, True, GUIControl_WM_ACTIVATEAPP->ShowAndroidWindow
2: D [2025-04-10 04:09:06.555] Restore bot window to -939, 688, caller: GUIControl_WM_NCACTIVATE
2: D [2025-04-10 04:10:46.835] HideAndroidWindow: False, False, True, GUIControl_WM_ACTIVATEAPP->ShowAndroidWindow
2: D [2025-04-10 04:10:46.835] HideAndroidWindow: False, False, True, GUIControl_WM_ACTIVATEAPP->ShowAndroidWindow
2: D [2025-04-10 04:10:46.836] HideAndroidWindow: False, False, True, GUIControl_WM_ACTIVATEAPP->ShowAndroidWindow
2: D [2025-04-10 04:10:46.836] HideAndroidWindow: False, False, True, GUIControl_WM_ACTIVATEAPP->ShowAndroidWindow
2: D [2025-04-10 04:10:46.836] HideAndroidWindow: False, False, True, GUIControl_WM_ACTIVATEAPP->ShowAndroidWindow
2: D [2025-04-10 04:10:46.837] HideAndroidWindow: False, False, True, GUIControl_WM_ACTIVATEAPP->ShowAndroidWindow
2: D [2025-04-10 04:10:46.840] Restore bot window to -939, 688, caller: GUIControl_WM_NCACTIVATE
2: L [2025-04-10 04:10:46.853] Closing My Bot v8.1.9 (Pie64), please wait ...
2: L [2025-04-10 04:10:46.855] Closing My Bot v8.1.9 (Pie64) now ...
2: D [2025-04-10 04:10:46.856] SetupProfileFolder: Z:\Games\coc\MyBot-MBR_v8.1.9r4\Profiles\MyVillage
2: D [2025-04-10 04:10:46.864] saveConfig(), call number 3
2: D [2025-04-10 04:10:46.879] Save Building Config Z:\Games\coc\MyBot-MBR_v8.1.9r4\Profiles\MyVillage\building.ini
2: D [2025-04-10 04:10:46.898] Save Config Z:\Games\coc\MyBot-MBR_v8.1.9r4\Profiles\MyVillage\config.ini
2: D [2025-04-10 04:10:46.901] GlRenderMode = gl
2: D [2025-04-10 04:10:46.901] BlueStacks5 (Pie64) is using OpenGL, disable WinAPI for Background Mode
2: D [2025-04-10 04:10:46.901] Enable ADB screencap for Background Mode
2: D [2025-04-10 04:10:47.070] Save Clan Games Config Z:\Games\coc\MyBot-MBR_v8.1.9r4\Profiles\MyVillage\clangames.ini
2: D [2025-04-10 04:10:47.076] SaveConfig(), time = 0.22 sec
2: D [2025-04-10 04:10:47.076] Searching BlueStacks5 Window: Title = 'BlueStacks5 ', Class = '[CLASS:BlueStacksApp; INSTANCE:1]', Text = '_ctl.W'
2: D [2025-04-10 04:10:47.077] BlueStacks5 (Pie64) Window not found in list
2: D [2025-04-10 04:10:47.077] Android Emulator not launched
2: D [2025-04-10 04:10:47.082] Android Emulator not launched
2: D [2025-04-10 04:10:47.086] AndroidInvalidState: No Window Handle
2: D [2025-04-10 04:10:47.087] AndroidToFront: Source BotClose
2: D [2025-04-10 04:10:47.087] Release Mutex for Profile: MyVillage
0: D [2025-04-10 04:10:48.203] Bot Host Window Handle un-registered: 0x00290D64
2: D [2025-04-10 05:20:00.167] Append to log file: Z:\Games\coc\MyBot-MBR_v8.1.9r4\Profiles\Main\Logs\2025-04-10_04.04.38.log
2: D [2025-04-10 05:20:00.168] Android: BlueStacks5
2: D [2025-04-10 05:20:00.168] Android Instance: Pie64
2: D [2025-04-10 05:20:00.168] Android Version: 5.21.580.1017
2: D [2025-04-10 05:20:00.168] Android Version API: 28
2: D [2025-04-10 05:20:00.169] Android ADB Device: 127.0.0.1:5555
2: D [2025-04-10 05:20:00.169] Android Program Path: C:\Program Files\BlueStacks_nxt\HD-Player.exe
2: D [2025-04-10 05:20:00.169] Android Program FileVersionInfo: 1033,,BlueStack Systems,BlueStacks,5.21.580.1017,,Copyright 2011 BlueStack Systems, Inc.  All Rights Reserved.,,HD-Player,BlueStacks,5.21.580.1017,,
2: D [2025-04-10 05:20:00.169] Android ADB Path: C:\Program Files\BlueStacks_nxt\HD-Adb.exe
2: D [2025-04-10 05:20:00.170] Android ADB Global Options: 
2: D [2025-04-10 05:20:00.170] Android VBoxManage Path: C:\Program Files\BlueStacks_nxt\BstkVMMgr.exe
2: D [2025-04-10 05:20:00.170] Android ADB Shared Folder: /mnt/windows/BstSharedFolder/
2: D [2025-04-10 05:20:00.171] Full Command Line: 0
2: D [2025-04-10 05:20:00.171] @AutoItExe: Z:\Games\coc\MyBot-MBR_v8.1.9r4\MyBot.run.exe
2: D [2025-04-10 05:20:00.171] @ScriptFullPath: Z:\Games\coc\MyBot-MBR_v8.1.9r4\MyBot.run.exe
2: D [2025-04-10 05:20:00.172] @WorkingDir: Z:\Games\coc\MyBot-MBR_v8.1.9r4\lib
2: D [2025-04-10 05:20:00.172] @AutoItPID: 61952
2: D [2025-04-10 05:20:00.172] @OSArch: X64
2: D [2025-04-10 05:20:00.172] @OSVersion: WIN_10
2: D [2025-04-10 05:20:00.173] @OSBuild: 26100
2: D [2025-04-10 05:20:00.173] @OSServicePack: 
2: D [2025-04-10 05:20:00.174] Primary Display: 2560 x 1440 - 32bit
2: D [2025-04-10 05:20:00.165] SetupProfileFolder: Z:\Games\coc\MyBot-MBR_v8.1.9r4\Profiles\MyVillage
2: D [2025-04-10 05:20:00.199] readConfig(), call number 7
2: D [2025-04-10 05:20:00.224] Read Building Config Z:\Games\coc\MyBot-MBR_v8.1.9r4\Profiles\MyVillage\building.ini
2: D [2025-04-10 05:20:00.234] Read Config Z:\Games\coc\MyBot-MBR_v8.1.9r4\Profiles\MyVillage\config.ini
2: D [2025-04-10 05:20:00.358] Read Clan Games Config Z:\Games\coc\MyBot-MBR_v8.1.9r4\Profiles\MyVillage\clangames.ini
2: D [2025-04-10 05:20:00.361] applyConfig(), call number 6
2: D [2025-04-10 05:20:00.361] Threading: Using 0 threads for parallelism
2: D [2025-04-10 05:20:00.362] Threading: Using 0 threads shared across all bot instances
2: D [2025-04-10 05:20:00.367] HideAndroidWindow: False, False, True, applyConfig
2: D [2025-04-10 05:20:00.369] Disable MyBot Window Redraw: applyConfig
2: D [2025-04-10 05:20:00.371] Bot title updated to: My Bot v8.1.9 (Pie64)
2: D [2025-04-10 05:20:00.402] BB Attack Count: 6
2: D [2025-04-10 05:20:02.631] Redraw MyBot Window: applyConfig
2: D [2025-04-10 05:20:02.669] saveConfig(), call number 9
2: D [2025-04-10 05:20:02.683] Save Building Config Z:\Games\coc\MyBot-MBR_v8.1.9r4\Profiles\MyVillage\building.ini
2: D [2025-04-10 05:20:02.702] Save Config Z:\Games\coc\MyBot-MBR_v8.1.9r4\Profiles\MyVillage\config.ini
2: D [2025-04-10 05:20:02.704] GlRenderMode = gl
2: D [2025-04-10 05:20:02.704] BlueStacks5 (Pie64) is using OpenGL, disable WinAPI for Background Mode
2: D [2025-04-10 05:20:02.704] Enable ADB screencap for Background Mode
2: D [2025-04-10 05:20:02.860] Save Clan Games Config Z:\Games\coc\MyBot-MBR_v8.1.9r4\Profiles\MyVillage\clangames.ini
2: D [2025-04-10 05:20:02.865] SaveConfig(), time = 0.2 sec
2: L [2025-04-10 05:20:02.866] Profile MyVillage loaded from Z:\Games\coc\MyBot-MBR_v8.1.9r4\Profiles\MyVillage\config.ini
2: D [2025-04-10 05:20:08.891] saveConfig(), call number 10
2: D [2025-04-10 05:20:08.906] Save Building Config Z:\Games\coc\MyBot-MBR_v8.1.9r4\Profiles\MyVillage\building.ini
2: D [2025-04-10 05:20:08.924] Save Config Z:\Games\coc\MyBot-MBR_v8.1.9r4\Profiles\MyVillage\config.ini
2: D [2025-04-10 05:20:08.926] GlRenderMode = gl
2: D [2025-04-10 05:20:08.927] BlueStacks5 (Pie64) is using OpenGL, disable WinAPI for Background Mode
2: D [2025-04-10 05:20:08.927] Enable ADB screencap for Background Mode
2: D [2025-04-10 05:20:09.091] Save Clan Games Config Z:\Games\coc\MyBot-MBR_v8.1.9r4\Profiles\MyVillage\clangames.ini
2: D [2025-04-10 05:20:09.096] SaveConfig(), time = 0.2 sec
2: D [2025-04-10 05:20:09.096] readConfig(), call number 8
2: D [2025-04-10 05:20:09.122] Read Building Config Z:\Games\coc\MyBot-MBR_v8.1.9r4\Profiles\MyVillage\building.ini
2: D [2025-04-10 05:20:09.133] Read Config Z:\Games\coc\MyBot-MBR_v8.1.9r4\Profiles\MyVillage\config.ini
2: D [2025-04-10 05:20:09.257] Read Clan Games Config Z:\Games\coc\MyBot-MBR_v8.1.9r4\Profiles\MyVillage\clangames.ini
2: D [2025-04-10 05:20:09.261] SetupProfileFolder: Z:\Games\coc\MyBot-MBR_v8.1.9r4\Profiles\2ndVill
2: L [2025-04-10 05:20:09.263] New Profile '2ndVill' created
2: D [2025-04-10 05:20:09.265] Profiles found: 2ndVill|Main|MyVillage
2: D [2025-04-10 05:20:15.755] saveConfig(), call number 11
2: D [2025-04-10 05:20:15.769] Save Building Config Z:\Games\coc\MyBot-MBR_v8.1.9r4\Profiles\2ndVill\building.ini
2: D [2025-04-10 05:20:15.786] Save Config Z:\Games\coc\MyBot-MBR_v8.1.9r4\Profiles\2ndVill\config.ini
2: D [2025-04-10 05:20:15.788] GlRenderMode = gl
2: D [2025-04-10 05:20:15.789] BlueStacks5 (Pie64) is using OpenGL, disable WinAPI for Background Mode
2: D [2025-04-10 05:20:15.789] Enable ADB screencap for Background Mode
2: D [2025-04-10 05:20:15.954] Save Clan Games Config Z:\Games\coc\MyBot-MBR_v8.1.9r4\Profiles\2ndVill\clangames.ini
2: D [2025-04-10 05:20:15.958] SaveConfig(), time = 0.22 sec
