2025-04-06 11:20:57 : | 1|11:20|  1252|  7| 4| 450113| 340851| 2550| -9| 0| 31|    0k|   0|--||0/220|
2025-04-06 11:24:03 : | 1|11:24|  1243|  1| 4| 179462| 151878|  750|-11| 0| 32|    0k|   0|--||0/220|
2025-04-06 11:33:24 : ============================= ATTACK LOG ==============================
2025-04-06 11:33:24 : |                       ------- LOOT --------            -- BONUS --   |
2025-04-06 11:33:24 : |AC| TIME|TROPHY|SRC|DS|   GOLD| ELIXIR|   DE| TR| *|  %| G & E|  DE|L.|
2025-04-06 11:36:58 : | 1|11:36|  1232|  1| 1|  39114|  73745|  247|-11| 0|  5|    0k|   0|--||0/220|
2025-04-06 11:45:14 : | 1|11:45|  1221|  7| 1|  67039| 257210|  648|-12| 0| 36|    0k|   0|--||0/220|
2025-04-06 11:59:02 : | 1|11:59|  1209|  6| 4| 694666| 717661| 2180|  1| 1| 93|    4k| 150|S1||0/220|
2025-04-06 12:08:46 : ============================= ATTACK LOG ==============================
2025-04-06 12:08:46 : |                       ------- LOOT --------            -- BONUS --   |
2025-04-06 12:08:46 : |AC| TIME|TROPHY|SRC|DS|   GOLD| ELIXIR|   DE| TR| *|  %| G & E|  DE|L.|
2025-04-06 12:16:28 : | 1|12:16|  1224| 13| 4| 501415| 501549| 2568|  4| 3|100|    4k| 150|S1||0/220|
2025-04-06 12:23:36 : | 1|12:23|  1228| 16| 4| 749856| 781555| 1633|  6| 3|100|    4k| 150|S1||0/220|
2025-04-06 13:26:36 : ============================= ATTACK LOG ==============================
2025-04-06 13:26:36 : |                       ------- LOOT --------            -- BONUS --   |
2025-04-06 13:26:36 : |AC| TIME|TROPHY|SRC|DS|   GOLD| ELIXIR|   DE| TR| *|  %| G & E|  DE|L.|
2025-04-06 13:42:45 : ============================= ATTACK LOG ==============================
2025-04-06 13:42:45 : |                       ------- LOOT --------            -- BONUS --   |
2025-04-06 13:42:45 : |AC| TIME|TROPHY|SRC|DS|   GOLD| ELIXIR|   DE| TR| *|  %| G & E|  DE|L.|
2025-04-06 13:50:20 : ============================= ATTACK LOG ==============================
2025-04-06 13:50:20 : |                       ------- LOOT --------            -- BONUS --   |
2025-04-06 13:50:20 : |AC| TIME|TROPHY|SRC|DS|   GOLD| ELIXIR|   DE| TR| *|  %| G & E|  DE|L.|
2025-04-06 13:51:40 : ============================= ATTACK LOG ==============================
2025-04-06 13:51:40 : |                       ------- LOOT --------            -- BONUS --   |
2025-04-06 13:51:40 : |AC| TIME|TROPHY|SRC|DS|   GOLD| ELIXIR|   DE| TR| *|  %| G & E|  DE|L.|
2025-04-06 13:54:35 : ============================= ATTACK LOG ==============================
2025-04-06 13:54:35 : |                       ------- LOOT --------            -- BONUS --   |
2025-04-06 13:54:35 : |AC| TIME|TROPHY|SRC|DS|   GOLD| ELIXIR|   DE| TR| *|  %| G & E|  DE|L.|
2025-04-06 14:07:25 : | 1|14:07|  1267| 13| 4| 113553| 111455| 1085|  6| 3|100|    4k| 150|S1||0/220|
2025-04-06 14:17:37 : | 1|14:17|  1273| 23| 4| 142892| 149287|  507| 10| 3| 99|    4k| 150|S1||0/220|
2025-04-06 14:25:54 : | 1|14:25|  1283| 23| 4| 560731| 507153|  914|  2| 3|100|    4k| 150|S1||0/220|
2025-04-06 14:32:27 : | 1|14:32|  1285| 18| 4| 536236| 458999|  907|  3| 3|100|    4k| 150|S1||0/220|
2025-04-06 15:14:36 : ============================= ATTACK LOG ==============================
2025-04-06 15:14:36 : |                       ------- LOOT --------            -- BONUS --   |
2025-04-06 15:14:36 : |AC| TIME|TROPHY|SRC|DS|   GOLD| ELIXIR|   DE| TR| *|  %| G & E|  DE|L.|
2025-04-06 15:21:08 : | 1|15:21|  1281| 16| 4| 583352| 509581| 1893|  3| 3|100|    4k| 150|S1||0/220|
2025-04-06 15:27:32 : | 1|15:27|  1284|  7| 4| 457084| 448634| 1627|  8| 3|100|    4k| 150|S1||0/220|
2025-04-06 15:33:29 : | 1|15:33|  1292| 11| 4| 342490| 398743| 1642|  7| 3|100|    4k| 150|S1||0/220|
2025-04-06 15:38:26 : | 1|15:38|  1292| 10| 4| 324442| 302506|  933|  3| 3|100|    4k| 150|S1||0/220|
2025-04-06 15:47:01 : | 1|15:47|  1292| 30| 4| 654467| 650162| 2607|  1| 3|100|    4k| 150|S1||0/220|
2025-04-06 15:52:46 : | 1|15:52|  1292| 15| 4| 386742| 428058|  987|  3| 3|100|    4k| 150|S1||0/220|
2025-04-06 16:02:19 : | 1|16:02|  1306| 17| 4| 466426| 316077| 2568|  7| 3|100|    4k| 150|S1||0/220|
2025-04-06 16:11:48 : | 1|16:11|  1313| 27| 4| 738724| 706798| 2875|  8| 3|100|    4k| 150|S1||0/220|
2025-04-06 16:38:25 : | 1|16:38|  1269| 29| 4| 427746| 412486| 1098|  3| 3|100|    4k| 150|S1||0/220|
2025-04-06 22:36:19 : ============================= ATTACK LOG ==============================
2025-04-06 22:36:19 : |                       ------- LOOT --------            -- BONUS --   |
2025-04-06 22:36:19 : |AC| TIME|TROPHY|SRC|DS|   GOLD| ELIXIR|   DE| TR| *|  %| G & E|  DE|L.|
2025-04-06 22:37:39 : ============================= ATTACK LOG ==============================
2025-04-06 22:37:39 : |                       ------- LOOT --------            -- BONUS --   |
2025-04-06 22:37:39 : |AC| TIME|TROPHY|SRC|DS|   GOLD| ELIXIR|   DE| TR| *|  %| G & E|  DE|L.|
2025-04-06 23:47:03 : ============================= ATTACK LOG ==============================
2025-04-06 23:47:03 : |                       ------- LOOT --------            -- BONUS --   |
2025-04-06 23:47:03 : |AC| TIME|TROPHY|SRC|DS|   GOLD| ELIXIR|   DE| TR| *|  %| G & E|  DE|L.|
2025-04-06 23:53:48 : | 1|23:53|  1160|  8| 4| 496096| 506559| 2786| 11| 3|100|    4k| 150|S1||0/220|
2025-04-07 00:02:52 : | 1|00:02|  1171| 21| 4| 599070| 631891| 3109| 17| 3| 99|    4k| 150|S1||0/220|
2025-04-07 00:09:19 : | 1|00:09|  1188| 12| 4| 337361| 377198| 1300| 23| 3|100|    4k| 150|S1||0/220|
2025-04-07 00:16:07 : | 1|00:16|  1211| 14| 4| 624462| 636797| 1385| 22| 3|100|    4k| 150|S1||0/220|
2025-04-07 00:19:56 : | 1|00:19|  1211|  4| 4| 453771| 458885| 2621| 25| 3|100|    4k| 150|S1||0/220|
2025-04-07 00:23:52 : | 1|00:23|  1211|  1| 4| 911322| 901946| 4777| 10| 3|100|    4k| 150|S1||0/220|
2025-04-07 00:29:33 : | 1|00:29|  1268|  1| 4| 431837| 325179| 3834| 14| 3|100|    4k| 150|S1||0/220|
2025-04-07 00:32:50 : | 1|00:32|  1268|  5| 4| 518266| 580045| 4068| 18| 3|100|    4k| 150|S1||0/220|
2025-04-07 01:52:18 : | 1|01:52|  1300|  2| 4| 514752| 526565| 1460| 16| 3|100|    4k| 150|S1||0/220|
2025-04-07 02:00:22 : | 1|02:00|  1300| 26| 4| 525360| 534254| 6905|  4| 2| 87|    4k| 150|S1||0/220|
2025-04-07 02:32:08 : | 1|02:32|  1320|  5| 4| 508428| 527909| 1192|  4| 2| 81|    4k| 150|S1||0/220|
2025-04-07 02:49:43 : | 1|02:49|  1324| 71| 4| 307164| 387628| 4513| 13| 3|100|    4k| 150|S1||0/220|
2025-04-07 02:55:40 : | 1|02:55|  1337|  7| 4| 737972| 737872| 5231| 14| 3|100|    4k| 150|S1||0/220|
2025-04-07 03:11:50 : | 1|03:11|  1351| 61| 4| 582449| 568312| 2932| 17| 3|100|    4k| 150|S1||0/220|
2025-04-07 03:33:03 : | 1|03:33|  1368| 81| 4| 589980| 383047| 1829| 10| 3|100|    4k| 150|S1||0/220|
2025-04-07 03:40:45 : | 1|03:40|  1378|  8| 4| 502477| 486621| 1006| 13| 3| 98|    4k| 150|S1||0/220|
2025-04-07 03:44:49 : | 1|03:44|  1378| 11| 4| 750398| 429161| 1964| 11| 3| 99|    4k| 150|S1||0/220|
2025-04-07 04:24:45 : | 1|04:24|  1402| 18| 4| 139239| 260567| 2498|  3| 2| 70|   10k| 200|G3||0/220|
2025-04-07 04:28:38 : | 1|04:28|  1402|  7| 4| 469432| 380547| 1702| 11| 3|100|   10k| 200|G3||0/220|
2025-04-07 04:53:11 : | 1|04:53|  1416|  7| 4| 502782| 591336| 1178| 10| 3|100|   10k| 200|G3||0/220|
2025-04-07 05:19:48 : | 1|05:19|  1426|102| 4| 742453| 730721| 1028| 17| 3|100|   10k| 200|G3||0/220|
2025-04-07 05:25:11 : | 1|05:25|  1443|  4| 4| 854462| 897457| 1406| 16| 3|100|   10k| 200|G3||0/220|
2025-04-07 05:31:23 : | 1|05:31|  1443| 17| 4| 561194| 588450| 2715|  3| 2| 94|   10k| 200|G3||0/220|
2025-04-07 06:48:26 : | 1|06:48|  1461| 29| 4| 596525| 591919| 5122| 12| 3|100|   10k| 200|G3||0/220|
2025-04-07 07:17:54 : | 1|07:17|  1473|121| 4| 436851| 294516| 4190|  8| 2| 87|   10k| 200|G3||0/220|
2025-04-07 07:25:37 : | 1|07:25|  1481| 18| 4| 360864| 165417| 1529|  5| 2| 77|   10k| 200|G3||0/220|
2025-04-07 07:33:59 : | 1|07:33|  1486| 24| 4| 602848| 589827| 3083| 11| 3|100|   10k| 200|G3||0/220|
2025-04-07 07:57:30 : | 1|07:57|  1497| 93| 4| 603529| 705331| 2917| 22| 3|100|   10k| 200|G3||0/220|
2025-04-07 08:07:13 : | 1|08:07|  1519| 27| 4| 320242| 483797| 6105|  4| 2| 93|   10k| 200|G3||0/220|
2025-04-07 08:14:21 : | 1|08:14|  1519| 19| 4| 447803| 689813| 5458| 14| 3|100|   10k| 200|G3||0/220|
2025-04-07 10:51:09 : ============================= ATTACK LOG ==============================
2025-04-07 10:51:09 : |                       ------- LOOT --------            -- BONUS --   |
2025-04-07 10:51:09 : |AC| TIME|TROPHY|SRC|DS|   GOLD| ELIXIR|   DE| TR| *|  %| G & E|  DE|L.|
2025-04-07 11:28:42 : | 1|11:28|  1495| 82| 4| 581831| 477314| 1481|  1| 1| 82|   10k| 200|G3||0/220|
2025-04-07 11:37:33 : | 1|11:37|  1496| 17| 4| 394443| 536800| 4984|  9| 3|100|   10k| 200|G3||0/220|
2025-04-07 11:43:07 : | 1|11:43|  1496| 17| 4| 491751| 966052| 3546| 14| 3|100|   10k| 200|G3||0/220|
2025-04-07 11:54:44 : | 1|11:54|  1519| 31| 4| 489107| 335410|  921|  1| 1| 72|   10k| 200|G3||0/220|
2025-04-07 22:44:58 : | 1|22:44|   994|  7| 4| 267344| 248284| 3369|  8| 2| 74|    3k| 125|S2||0/220|
2025-04-07 22:51:02 : | 1|22:51|  1002|  1| 4|1036437|1081245| 5259| 11| 3| 99|    3k| 125|S2||0/220|
2025-04-07 22:55:46 : | 1|22:55|  1002| 13| 4| 691967| 670323| 1888| 14| 3|100|    3k| 125|S2||0/220|
2025-04-07 22:58:11 : ============================= ATTACK LOG ==============================
2025-04-07 22:58:11 : |                       ------- LOOT --------            -- BONUS --   |
2025-04-07 22:58:11 : |AC| TIME|TROPHY|SRC|DS|   GOLD| ELIXIR|   DE| TR| *|  %| G & E|  DE|L.|
2025-04-07 23:04:05 : | 1|23:04|  1027| 10| 4| 456204| 396821| 2044|  5| 2| 91|    3k| 125|S2||0/220|
2025-04-07 23:09:01 : ============================= ATTACK LOG ==============================
2025-04-07 23:09:01 : |                       ------- LOOT --------            -- BONUS --   |
2025-04-07 23:09:01 : |AC| TIME|TROPHY|SRC|DS|   GOLD| ELIXIR|   DE| TR| *|  %| G & E|  DE|L.|
2025-04-07 23:23:47 : | 1|23:23|  1032| 50| 4| 629475| 460032| 5553|  3| 2| 99|    3k| 125|S2||0/220|
2025-04-07 23:39:56 : | 1|23:39|  1035| 46| 4| 569665| 733113| 4244| 12| 3|100|    3k| 125|S2||0/220|
2025-04-07 23:49:29 : ============================= ATTACK LOG ==============================
2025-04-07 23:49:29 : |                       ------- LOOT --------            -- BONUS --   |
2025-04-07 23:49:29 : |AC| TIME|TROPHY|SRC|DS|   GOLD| ELIXIR|   DE| TR| *|  %| G & E|  DE|L.|
2025-04-07 23:55:09 : | 1|23:55|  1055| 10| 4| 226160| 282967| 2322|  5| 2| 73|    3k| 125|S2||0/220|
2025-04-08 01:48:30 : ============================= ATTACK LOG ==============================
2025-04-08 01:48:30 : |                       ------- LOOT --------            -- BONUS --   |
2025-04-08 01:48:30 : |AC| TIME|TROPHY|SRC|DS|   GOLD| ELIXIR|   DE| TR| *|  %| G & E|  DE|L.|
2025-04-08 03:38:56 : | 1|03:38|  1065| 18| 4| 603905| 583486| 1015|  1| 1| 76|    3k| 125|S2||0/220|
2025-04-09 17:24:05 : ============================= ATTACK LOG ==============================
2025-04-09 17:24:05 : |                       ------- LOOT --------            -- BONUS --   |
2025-04-09 17:24:05 : |AC| TIME|TROPHY|SRC|DS|   GOLD| ELIXIR|   DE| TR| *|  %| G & E|  DE|L.|
2025-04-09 17:48:12 : ============================= ATTACK LOG ==============================
2025-04-09 17:48:12 : |                       ------- LOOT --------            -- BONUS --   |
2025-04-09 17:48:12 : |AC| TIME|TROPHY|SRC|DS|   GOLD| ELIXIR|   DE| TR| *|  %| G & E|  DE|L.|
2025-04-09 22:04:00 : ============================= ATTACK LOG ==============================
2025-04-09 22:04:00 : |                       ------- LOOT --------            -- BONUS --   |
2025-04-09 22:04:00 : |AC| TIME|TROPHY|SRC|DS|   GOLD| ELIXIR|   DE| TR| *|  %| G & E|  DE|L.|
2025-04-09 22:14:53 : ============================= ATTACK LOG ==============================
2025-04-09 22:14:53 : |                       ------- LOOT --------            -- BONUS --   |
2025-04-09 22:14:53 : |AC| TIME|TROPHY|SRC|DS|   GOLD| ELIXIR|   DE| TR| *|  %| G & E|  DE|L.|
2025-04-09 22:19:05 : ============================= ATTACK LOG ==============================
2025-04-09 22:19:05 : |                       ------- LOOT --------            -- BONUS --   |
2025-04-09 22:19:05 : |AC| TIME|TROPHY|SRC|DS|   GOLD| ELIXIR|   DE| TR| *|  %| G & E|  DE|L.|
2025-04-09 22:30:50 : ============================= ATTACK LOG ==============================
2025-04-09 22:30:50 : |                       ------- LOOT --------            -- BONUS --   |
2025-04-09 22:30:50 : |AC| TIME|TROPHY|SRC|DS|   GOLD| ELIXIR|   DE| TR| *|  %| G & E|  DE|L.|
2025-04-09 22:45:04 : ============================= ATTACK LOG ==============================
2025-04-09 22:45:04 : |                       ------- LOOT --------            -- BONUS --   |
2025-04-09 22:45:04 : |AC| TIME|TROPHY|SRC|DS|   GOLD| ELIXIR|   DE| TR| *|  %| G & E|  DE|L.|
2025-04-09 23:56:18 : ============================= ATTACK LOG ==============================
2025-04-09 23:56:18 : |                       ------- LOOT --------            -- BONUS --   |
2025-04-09 23:56:18 : |AC| TIME|TROPHY|SRC|DS|   GOLD| ELIXIR|   DE| TR| *|  %| G & E|  DE|L.|
2025-04-10 00:06:43 : ============================= ATTACK LOG ==============================
2025-04-10 00:06:43 : |                       ------- LOOT --------            -- BONUS --   |
2025-04-10 00:06:43 : |AC| TIME|TROPHY|SRC|DS|   GOLD| ELIXIR|   DE| TR| *|  %| G & E|  DE|L.|
2025-04-10 01:07:45 : ============================= ATTACK LOG ==============================
2025-04-10 01:07:45 : |                       ------- LOOT --------            -- BONUS --   |
2025-04-10 01:07:45 : |AC| TIME|TROPHY|SRC|DS|   GOLD| ELIXIR|   DE| TR| *|  %| G & E|  DE|L.|
2025-04-10 01:34:52 : ============================= ATTACK LOG ==============================
2025-04-10 01:34:52 : |                       ------- LOOT --------            -- BONUS --   |
2025-04-10 01:34:52 : |AC| TIME|TROPHY|SRC|DS|   GOLD| ELIXIR|   DE| TR| *|  %| G & E|  DE|L.|
2025-04-10 02:06:16 : ============================= ATTACK LOG ==============================
2025-04-10 02:06:16 : |                       ------- LOOT --------            -- BONUS --   |
2025-04-10 02:06:16 : |AC| TIME|TROPHY|SRC|DS|   GOLD| ELIXIR|   DE| TR| *|  %| G & E|  DE|L.|
2025-04-10 02:38:39 : ============================= ATTACK LOG ==============================
2025-04-10 02:38:39 : |                       ------- LOOT --------            -- BONUS --   |
2025-04-10 02:38:39 : |AC| TIME|TROPHY|SRC|DS|   GOLD| ELIXIR|   DE| TR| *|  %| G & E|  DE|L.|
2025-04-10 03:27:26 : ============================= ATTACK LOG ==============================
2025-04-10 03:27:26 : |                       ------- LOOT --------            -- BONUS --   |
2025-04-10 03:27:26 : |AC| TIME|TROPHY|SRC|DS|   GOLD| ELIXIR|   DE| TR| *|  %| G & E|  DE|L.|
2025-04-10 04:12:04 : ============================= ATTACK LOG ==============================
2025-04-10 04:12:04 : |                       ------- LOOT --------            -- BONUS --   |
2025-04-10 04:12:04 : |AC| TIME|TROPHY|SRC|DS|   GOLD| ELIXIR|   DE| TR| *|  %| G & E|  DE|L.|
2025-04-10 04:29:30 : ============================= ATTACK LOG ==============================
2025-04-10 04:29:30 : |                       ------- LOOT --------            -- BONUS --   |
2025-04-10 04:29:30 : |AC| TIME|TROPHY|SRC|DS|   GOLD| ELIXIR|   DE| TR| *|  %| G & E|  DE|L.|
2025-04-10 04:35:32 : ============================= ATTACK LOG ==============================
2025-04-10 04:35:32 : |                       ------- LOOT --------            -- BONUS --   |
2025-04-10 04:35:32 : |AC| TIME|TROPHY|SRC|DS|   GOLD| ELIXIR|   DE| TR| *|  %| G & E|  DE|L.|
2025-04-10 04:58:41 : ============================= ATTACK LOG ==============================
2025-04-10 04:58:41 : |                       ------- LOOT --------            -- BONUS --   |
2025-04-10 04:58:41 : |AC| TIME|TROPHY|SRC|DS|   GOLD| ELIXIR|   DE| TR| *|  %| G & E|  DE|L.|
2025-04-10 05:03:34 : ============================= ATTACK LOG ==============================
2025-04-10 05:03:34 : |                       ------- LOOT --------            -- BONUS --   |
2025-04-10 05:03:34 : |AC| TIME|TROPHY|SRC|DS|   GOLD| ELIXIR|   DE| TR| *|  %| G & E|  DE|L.|
2025-04-10 05:51:57 : ============================= ATTACK LOG ==============================
2025-04-10 05:51:57 : |                       ------- LOOT --------            -- BONUS --   |
2025-04-10 05:51:57 : |AC| TIME|TROPHY|SRC|DS|   GOLD| ELIXIR|   DE| TR| *|  %| G & E|  DE|L.|
2025-04-10 13:04:21 : | 1|13:04|  1164|  1| 4| 572754| 398185| 5135| 15| 3| 99|    3k| 125|S2||0/220|
2025-04-10 13:14:29 : ============================= ATTACK LOG ==============================
2025-04-10 13:14:29 : |                       ------- LOOT --------            -- BONUS --   |
2025-04-10 13:14:29 : |AC| TIME|TROPHY|SRC|DS|   GOLD| ELIXIR|   DE| TR| *|  %| G & E|  DE|L.|
2025-04-10 13:18:24 : | 1|13:18|  1173|  9| 4|      0|      0|    0| -8| 0|  0|    0k|   0|--||0/220|
2025-04-10 13:58:44 : ============================= ATTACK LOG ==============================
2025-04-10 13:58:44 : |                       ------- LOOT --------            -- BONUS --   |
2025-04-10 13:58:44 : |AC| TIME|TROPHY|SRC|DS|   GOLD| ELIXIR|   DE| TR| *|  %| G & E|  DE|L.|
2025-04-10 14:05:56 : ============================= ATTACK LOG ==============================
2025-04-10 14:05:56 : |                       ------- LOOT --------            -- BONUS --   |
2025-04-10 14:05:56 : |AC| TIME|TROPHY|SRC|DS|   GOLD| ELIXIR|   DE| TR| *|  %| G & E|  DE|L.|
2025-04-10 14:14:34 : ============================= ATTACK LOG ==============================
2025-04-10 14:14:34 : |                       ------- LOOT --------            -- BONUS --   |
2025-04-10 14:14:34 : |AC| TIME|TROPHY|SRC|DS|   GOLD| ELIXIR|   DE| TR| *|  %| G & E|  DE|L.|
2025-04-10 14:35:36 : ============================= ATTACK LOG ==============================
2025-04-10 14:35:36 : |                       ------- LOOT --------            -- BONUS --   |
2025-04-10 14:35:36 : |AC| TIME|TROPHY|SRC|DS|   GOLD| ELIXIR|   DE| TR| *|  %| G & E|  DE|L.|
2025-04-10 14:46:55 : ============================= ATTACK LOG ==============================
2025-04-10 14:46:55 : |                       ------- LOOT --------            -- BONUS --   |
2025-04-10 14:46:55 : |AC| TIME|TROPHY|SRC|DS|   GOLD| ELIXIR|   DE| TR| *|  %| G & E|  DE|L.|
2025-04-10 15:07:22 : ============================= ATTACK LOG ==============================
2025-04-10 15:07:22 : |                       ------- LOOT --------            -- BONUS --   |
2025-04-10 15:07:22 : |AC| TIME|TROPHY|SRC|DS|   GOLD| ELIXIR|   DE| TR| *|  %| G & E|  DE|L.|
2025-04-10 15:15:08 : ============================= ATTACK LOG ==============================
2025-04-10 15:15:08 : |                       ------- LOOT --------            -- BONUS --   |
2025-04-10 15:15:08 : |AC| TIME|TROPHY|SRC|DS|   GOLD| ELIXIR|   DE| TR| *|  %| G & E|  DE|L.|
2025-04-10 15:33:02 : | 1|15:33|  1019|  5| 4| 407307| 320571| 1976| 17| 3|100|    3k| 125|S2||0/220|
2025-04-10 15:36:08 : ============================= ATTACK LOG ==============================
2025-04-10 15:36:08 : |                       ------- LOOT --------            -- BONUS --   |
2025-04-10 15:36:08 : |AC| TIME|TROPHY|SRC|DS|   GOLD| ELIXIR|   DE| TR| *|  %| G & E|  DE|L.|
2025-04-10 15:40:49 : | 1|15:40|  1036|  7| 4| 643909| 451066|  857| 10| 3|100|    3k| 125|S2||0/220|
2025-04-10 16:14:18 : | 1|16:14|  1051|  3| 4| 570314| 333194| 4270|  3| 2| 71|    3k| 125|S2||0/220|
2025-04-10 16:22:31 : | 1|16:22|  1054|  5| 4| 711545| 711540| 1284|  4| 2| 99|    3k| 125|S2||0/220|
2025-04-10 16:25:13 : | 1|16:25|  1054|  2| 4| 583063| 507346| 1689| 23| 3|100|    3k| 125|S2||0/220|
2025-04-10 16:29:15 : | 1|16:29|  1054|  8| 4| 394453| 335856| 1768|  7| 2| 99|    3k| 125|S2||0/220|
2025-04-10 16:38:08 : | 1|16:38|  1088|  4| 4| 608486| 703721| 4391| 17| 3|100|    3k| 125|S2||0/220|
2025-04-10 16:46:13 : | 1|16:46|  1088| 37| 4| 342653| 447425| 1328|  8| 3|100|    3k| 125|S2||0/220|
2025-04-10 16:49:42 : | 1|16:49|  1088|  9| 4|1156080|1034193| 8750| 11| 3|100|    3k| 125|S2||0/220|
2025-04-10 16:58:49 : | 1|16:58|  1124|  7| 4| 554408| 304921| 3899| 20| 3|100|    3k| 125|S2||0/220|
2025-04-11 01:33:46 : ============================= ATTACK LOG ==============================
2025-04-11 01:33:46 : |                       ------- LOOT --------            -- BONUS --   |
2025-04-11 01:33:46 : |AC| TIME|TROPHY|SRC|DS|   GOLD| ELIXIR|   DE| TR| *|  %| G & E|  DE|L.|
2025-04-11 02:25:36 : | 1|02:25|  1198|135| 4| 349132| 447136| 1646| 23| 3|100|    4k| 150|S1||0/220|
2025-04-11 03:10:21 : | 1|03:10|   994| 16| 4| 354839| 374870| 2673| 12| 3|100|    3k| 125|S2||0/220|
2025-04-11 03:15:11 : | 1|03:15|   994|  8| 4| 546884| 662473| 1840| 18| 3|100|    3k| 125|S2||0/220|
2025-04-11 03:46:50 : | 1|03:46|  1024|113| 4| 363491| 343184|  985|  3| 2| 99|    3k| 125|S2||0/220|
2025-04-11 03:58:29 : | 1|03:58|  1027| 21| 4| 529827| 537213| 4078| 19| 3|100|    3k| 125|S2||0/220|
2025-04-11 04:05:05 : | 1|04:05|  1027| 21| 4| 646060| 370078| 2914| 10| 3|100|    3k| 125|S2||0/220|
2025-04-11 04:59:49 : | 1|04:59|  1056|103| 4| 366034| 522384| 1403| 13| 3| 99|    3k| 125|S2||0/220|
2025-04-11 05:12:35 : | 1|05:12|  1069| 14| 4| 494802| 551212| 4764|  4| 2| 79|    3k| 125|S2||0/220|
2025-04-11 05:19:03 : | 1|05:19|  1069| 17| 4| 640638| 421747| 1489| 14| 3|100|    3k| 125|S2||0/220|
2025-04-11 05:37:01 : | 1|05:37|  1087| 67| 4| 539492| 838937| 2423| 14| 3| 99|    3k| 125|S2||0/220|
2025-04-11 05:53:02 : | 1|05:53|  1101| 25| 4| 596965| 698730| 4967|  3| 2| 99|    3k| 125|S2||0/220|
2025-04-11 06:01:58 : | 1|06:01|  1101| 30| 4| 676659| 662093| 3146| 21| 3|100|    3k| 125|S2||0/220|
2025-04-11 06:05:39 : | 1|06:05|  1101|  5| 4| 358173|  55531|  111|  1| 1| 68|    3k| 122|S2||0/220|
2025-04-11 06:18:41 : | 1|06:18|  1126|  8| 4| 358800| 303483| 1909| 20| 3|100|    3k| 125|S2||0/220|
2025-04-11 06:24:07 : | 1|06:24|  1126| 10| 4| 382844| 280923| 1350|  5| 2| 77|    3k| 125|S2||0/220|
2025-04-11 06:30:14 : | 1|06:30|  1126| 18| 4| 536503| 548817|  880| 24| 3|100|    3k| 125|S2||0/220|
2025-04-11 06:47:23 : | 1|06:47|  1175| 25| 4| 549687| 376461| 4211|  1| 1| 72|    3k| 125|S2||0/220|
2025-04-11 06:50:16 : | 1|06:50|  1175|  2| 4| 658346| 349491| 2344|  4| 2| 91|    3k| 125|S2||0/220|
2025-04-11 06:58:40 : | 1|06:58|  1175| 26| 4| 682759| 382758| 6890|  5| 2| 93|    3k| 125|S2||0/220|
2025-04-11 13:11:45 : | 1|13:11|  1185| 54| 4| 790245| 990251|10529| 20| 3|100|    3k| 125|S2||0/220|
2025-04-11 14:11:55 : | 1|14:11|   996| 11| 4| 432698| 727524| 5231| 18| 3| 99|    3k| 125|S2||0/220|
2025-04-11 14:22:42 : | 1|14:22|  1014|  4| 4| 414721| 506862| 1671|  4| 2| 91|    3k| 125|S2||0/220|
2025-04-11 15:09:41 : | 1|15:09|  1021|  8| 4| 367475| 376839|  907|  8| 2| 76|    3k| 125|S2||0/220|
2025-04-11 15:14:05 : | 1|15:14|  1021|  8| 4| 601038| 555790| 6688| 16| 3|100|    3k| 125|S2||0/220|
2025-04-11 15:17:38 : | 1|15:17|  1021|  1| 4| 629285| 368335| 2971|  3| 2| 82|    3k| 125|S2||0/220|
2025-04-11 16:26:17 : | 1|16:26|  1035| 13| 4| 673357| 748493| 3710| 14| 3|100|    3k| 125|S2||0/220|
2025-04-11 16:34:26 : | 1|16:34|  1035| 27| 4| 698178| 548010| 9233|  3| 2| 97|    3k| 125|S2||0/220|
2025-04-11 16:43:58 : | 1|16:43|  1035| 38| 4| 344115| 600207| 2801| 18| 3|100|    3k| 125|S2||0/220|
2025-04-11 16:56:01 : | 1|16:56|  1070|  9| 4| 489127| 494171| 4173|  6| 2| 98|    3k| 125|S2||0/220|
2025-04-11 16:59:21 : | 1|16:59|  1070|  4| 4|1107904|1123737| 8750| 11| 3|100|    3k| 125|S2||0/220|
2025-04-11 17:03:51 : | 1|17:03|  1070| 13| 4|  70624| 131067|   41| -7| 0| 47|    0k|   0|--||0/220|
2025-04-11 17:13:07 : | 1|17:13|  1080|  4| 4| 567265| 518066| 2403| 17| 3|100|    3k| 125|S2||0/220|
2025-04-11 17:15:35 : | 1|17:15|  1080|  3| 4|  83592| 197824|  315| -7| 0| 26|    0k|   0|--||0/220|
2025-04-11 17:21:31 : | 1|17:21|  1080| 18| 4| 521947| 479002| 2630| 20| 3|100|    3k| 125|S2||0/220|
2025-04-11 17:59:09 : | 1|17:59|  1110| 61| 4| 594515| 468309| 6590| 13| 3|100|    3k| 125|S2||0/220|
2025-04-11 18:03:05 : | 1|18:03|  1110|  3| 4| 394349| 367156| 4568|  5| 2| 98|    3k| 125|S2||0/220|
2025-04-11 18:08:51 : | 1|18:08|  1110| 16| 4| 589564| 417802| 4043|  5| 2| 97|    3k| 125|S2||0/220|
2025-04-12 03:16:08 : | 1|03:16|  1118|  5| 4| 464650| 596945| 5166| 14| 3|100|    3k| 125|S2||0/220|
2025-04-12 03:23:32 : | 1|03:23|  1132|  2| 4| 338894| 465600| 2087| 11| 3|100|    3k| 125|S2||0/220|
2025-04-12 03:27:34 : | 1|03:27|  1132| 10| 4| 535244| 495134| 3078| 10| 3|100|    3k| 125|S2||0/220|
2025-04-12 03:32:46 : | 1|03:32|  1132| 18| 4| 630549| 406374| 4232|  5| 2| 75|    3k| 125|S2||0/220|
2025-04-12 03:41:38 : | 1|03:41|  1158|  7| 4| 452015| 453333| 4002| 20| 3|100|    3k| 125|S2||0/220|
2025-04-12 03:52:11 : | 1|03:52|  1158| 40| 4| 510474| 770166| 3521|  7| 2| 98|    3k| 125|S2||0/220|
2025-04-12 04:07:51 : | 1|04:07|  1185| 64| 4| 408341| 419848| 1192| 19| 3| 99|    3k| 125|S2||0/220|
2025-04-12 04:29:45 : | 1|04:29|  1168| 36| 4| 704082| 620182| 5245| 11| 3|100|    4k| 150|S1||0/220|
2025-04-12 04:33:31 : | 1|04:33|  1168|  4| 4| 521790| 374443| 2782| 19| 3| 99|    4k| 150|S1||0/220|
2025-04-12 04:40:20 : | 1|04:40|  1168| 25| 4| 502104| 569836|  768| 13| 3|100|    4k| 150|S1||0/220|
2025-04-12 05:01:11 : | 1|05:01|   996| 23| 4| 649427| 769928| 6424| 10| 3|100|    3k| 125|S2||0/220|
2025-04-12 05:03:39 : | 1|05:03|   996|  2| 4| 558025| 328804| 3325| 10| 3|100|    3k| 125|S2||0/220|
2025-04-12 05:29:47 : | 1|05:29|  1016|  5| 4| 329139| 363891| 3210| 10| 3| 98|    3k| 125|S2||0/220|
2025-04-12 05:35:19 : | 1|05:35|  1016| 16| 4| 903678| 553042| 3939| 16| 3|100|    3k| 125|S2||0/220|
2025-04-12 06:07:18 : | 1|06:07|  1042|137| 4| 663359| 672859| 4534| 18| 3|100|    3k| 125|S2||0/220|
2025-04-12 06:44:39 : | 1|06:44|  1060| 26| 4| 502480| 504947| 3577| 21| 3|100|    3k| 125|S2||0/220|
2025-04-12 06:58:45 : | 1|06:58|  1081| 33| 4| 732169| 711531| 5084| 13| 3| 99|    3k| 125|S2||0/220|
2025-04-12 07:05:13 : | 1|07:05|  1081| 16| 4| 699345| 366651| 3802|  7| 2| 73|    3k| 125|S2||0/220|
2025-04-12 07:09:07 : | 1|07:09|  1081|  8| 4| 315549| 341817| 2174| 25| 3|100|    3k| 125|S2||0/220|
2025-04-12 07:18:21 : | 1|07:18|  1126|  8| 4| 554090| 416126| 3957| 15| 3|100|    3k| 125|S2||0/220|
2025-04-12 07:37:17 : | 1|07:37|  1141| 76| 4| 465499| 326260| 3633| 11| 3| 99|    3k| 125|S2||0/220|
2025-04-12 07:46:43 : | 1|07:46|  1152|  8| 4| 407207| 566452| 4215| 10| 3|100|    3k| 125|S2||0/220|
2025-04-12 07:50:37 : | 1|07:50|  1152|  5| 4| 467204| 489723| 3160|  3| 2| 97|    3k| 125|S2||0/220|
2025-04-12 07:56:59 : | 1|07:56|  1152| 23| 4| 699415| 650936| 2235| 12| 3|100|    3k| 125|S2||0/220|
2025-04-12 08:09:42 : | 1|08:09|  1177| 27| 4| 362715| 405018| 3471| 17| 3|100|    3k| 125|S2||0/220|
2025-04-12 08:14:53 : | 1|08:14|  1177| 10| 4| 722057| 629820| 4842|  5| 2| 98|    3k| 125|S2||0/220|
2025-04-12 08:28:00 : | 1|08:28|  1177| 49| 4| 618901| 788022| 6284|  5| 2| 83|    3k| 125|S2||0/220|
2025-04-12 08:50:35 : | 1|08:50|   996| 32| 4| 777582| 953502| 7973|  4| 2| 99|    3k| 125|S2||0/220|
2025-04-12 08:56:30 : | 1|08:56|   996| 18| 4| 380356| 415205| 3277| 10| 3|100|    3k| 125|S2||0/220|
2025-04-12 11:37:54 : | 1|11:37|  1010| 10| 4| 396424| 359507| 3140| 25| 3|100|    3k| 125|S2||0/220|
2025-04-12 14:30:11 : ============================= ATTACK LOG ==============================
2025-04-12 14:30:11 : |                       ------- LOOT --------            -- BONUS --   |
2025-04-12 14:30:11 : |AC| TIME|TROPHY|SRC|DS|   GOLD| ELIXIR|   DE| TR| *|  %| G & E|  DE|L.|
2025-04-12 14:43:50 : | 1|14:43|  1035| 35| 4| 663464| 634202| 4125| 15| 3|100|    3k| 125|S2||0/220|
2025-04-12 15:02:59 : | 1|15:02|  1050| 28| 4|1037367| 480914| 5479| 14| 3|100|    3k| 125|S2||0/220|
2025-04-12 15:11:32 : | 1|15:11|  1064|  1| 4| 340378| 376682| 5998|  8| 2| 98|    3k| 125|S2||0/220|
2025-04-12 15:15:39 : | 1|15:15|  1064| 10| 4| 356911| 396631| 1885| 11| 3|100|    3k| 125|S2||0/220|
2025-04-12 15:20:32 : | 1|15:20|  1064| 12| 4| 840182| 850188| 6902| 24| 3|100|    3k| 125|S2||0/220|
2025-04-12 15:33:59 : | 1|15:33|  1107| 32| 4| 859780| 651417| 4025| 11| 3|100|    3k| 125|S2||0/220|
2025-04-12 15:37:10 : | 1|15:37|  1107|  5| 4| 720507| 780868| 1179| 10| 3|100|    3k| 125|S2||0/220|
2025-04-12 15:45:18 : | 1|15:45|  1107| 28| 4| 477943| 479047| 2275| 25| 3|100|    3k| 125|S2||0/220|
2025-04-12 17:56:39 : ============================= ATTACK LOG ==============================
2025-04-12 17:56:39 : |                       ------- LOOT --------            -- BONUS --   |
2025-04-12 17:56:39 : |AC| TIME|TROPHY|SRC|DS|   GOLD| ELIXIR|   DE| TR| *|  %| G & E|  DE|L.|
2025-04-12 19:05:38 : | 1|19:05|  1129|  6| 4| 375208| 389931| 1687| 20| 3|100|    3k| 125|S2||0/220|
2025-04-12 19:18:08 : ============================= ATTACK LOG ==============================
2025-04-12 19:18:08 : |                       ------- LOOT --------            -- BONUS --   |
2025-04-12 19:18:08 : |AC| TIME|TROPHY|SRC|DS|   GOLD| ELIXIR|   DE| TR| *|  %| G & E|  DE|L.|
2025-04-12 21:22:54 : | 1|21:22|  1149| 57| 4| 329792| 359468| 1428| 15| 3|100|    3k| 125|S2||0/220|
2025-04-12 21:31:14 : | 1|21:31|  1149| 26| 4| 267596| 403401| 1683|  6| 2| 74|    3k| 125|S2||0/220|
2025-04-12 22:00:28 : | 1|22:00|  1170|120| 4| 302871| 572832| 6072|  3| 2| 98|    3k| 125|S2||0/220|
2025-04-12 22:17:45 : | 1|22:17|  1173| 46| 4| 470790| 511247| 4658| 11| 3|100|    3k| 125|S2||0/220|
2025-04-12 22:36:48 : | 1|22:36|  1184| 75| 4| 523510| 475325| 2280| 13| 3|100|    3k| 125|S2||0/220|
2025-04-12 23:07:45 : ============================= ATTACK LOG ==============================
2025-04-12 23:07:45 : |                       ------- LOOT --------            -- BONUS --   |
2025-04-12 23:07:45 : |AC| TIME|TROPHY|SRC|DS|   GOLD| ELIXIR|   DE| TR| *|  %| G & E|  DE|L.|
2025-04-12 23:26:23 : | 1|23:26|  1197| 65| 4| 313992| 438390| 6953| 14| 3| 99|    3k| 125|S2||0/220|
2025-04-12 23:53:11 : ============================= ATTACK LOG ==============================
2025-04-12 23:53:11 : |                       ------- LOOT --------            -- BONUS --   |
2025-04-12 23:53:11 : |AC| TIME|TROPHY|SRC|DS|   GOLD| ELIXIR|   DE| TR| *|  %| G & E|  DE|L.|
2025-04-12 23:54:39 : ============================= ATTACK LOG ==============================
2025-04-12 23:54:39 : |                       ------- LOOT --------            -- BONUS --   |
2025-04-12 23:54:39 : |AC| TIME|TROPHY|SRC|DS|   GOLD| ELIXIR|   DE| TR| *|  %| G & E|  DE|L.|
2025-04-13 00:07:38 : | 1|00:07|  1165| 39| 4| 572433| 780874| 4041|  1| 1| 61|    4k| 136|S1||0/220|
2025-04-13 00:26:31 : | 1|00:26|  1166| 29| 4| 351767| 312273| 1629| 12| 3|100|    4k| 150|S1||0/220|
2025-04-13 00:38:21 : | 1|00:38|  1166| 41| 4| 336259| 314492| 7510| 11| 3|100|    4k| 150|S1||0/220|
2025-04-13 00:52:12 : | 1|00:52|  1166| 49| 4| 615664|1022268| 6631|  6| 2| 88|    4k| 150|S1||0/220|
2025-04-13 01:06:26 : | 1|01:06|  1195| 13| 4| 329481| 455185| 1783|  4| 2| 96|    4k| 150|S1||0/220|
2025-04-13 01:54:12 : | 1|01:54|  1199| 97| 4| 322829| 566762| 4758|  7| 2| 88|    4k| 150|S1||0/220|
2025-04-13 02:00:44 : | 1|02:00|  1199| 17| 4| 547163| 369052|  791| 23| 3| 99|    4k| 150|S1||0/220|
2025-04-13 02:12:06 : | 1|02:12|  1199| 40| 4| 491087| 948022| 3660|  5| 2| 98|    4k| 150|S1||0/220|
2025-04-13 09:59:56 : | 1|09:59|   998| 48| 4| 367390| 510066| 5405|  3| 2| 64|    3k| 118|S2||0/220|
2025-04-13 10:12:59 : | 1|10:12|  1001|  7| 4| 915087| 464057| 1860| 14| 3|100|    3k| 125|S2||0/220|
2025-04-13 10:17:47 : | 1|10:17|  1001| 10| 4| 513162| 772974| 3634| 12| 3|100|    3k| 125|S2||0/220|
2025-04-13 10:21:04 : | 1|10:21|  1001|  3| 4| 943612|1210000| 6080| 13| 3|100|    3k| 125|S2||0/220|
2025-04-13 10:34:31 : | 1|10:34|  1040| 19| 4| 395702| 548801| 4060| 13| 3|100|    3k| 125|S2||0/220|
2025-04-13 10:52:22 : | 1|10:52|  1053|  7| 4| 623883| 730910| 2592| 12| 3|100|    3k| 125|S2||0/220|
2025-04-13 11:08:44 : | 1|11:08|  1065| 31| 4| 310882| 358442| 6138| 12| 3|100|    3k| 125|S2||0/220|
2025-04-13 11:12:18 : | 1|11:12|  1065|  6| 4| 632637| 607477| 4671| 12| 3|100|    3k| 125|S2||0/220|
2025-04-13 11:17:17 : | 1|11:17|  1065| 10| 4|1268141|1212150| 6465|  4| 2| 97|    3k| 125|S2||0/220|
2025-04-13 15:37:50 : | 1|15:37|  1093| 22| 4| 687841| 456351| 2348| 22| 3|100|    3k| 125|S2||0/220|
2025-04-13 15:51:33 : | 1|15:51|  1115| 27| 4| 651164| 514617| 3694| 25| 3|100|    3k| 125|S2||0/220|
2025-04-13 16:00:56 : | 1|16:00|  1115| 30| 4| 714302| 563427| 6401| 23| 3|100|    3k| 125|S2||0/220|
2025-04-13 20:26:49 : | 1|20:26|  1184|  8| 8| 857401| 718000| 3326| 12| 3|100|    3k| 125|S2||0/220|
2025-04-13 20:43:26 : | 1|20:43|  1196| 43| 4| 600572| 589543| 2427| 16| 3|100|    3k| 125|S2||0/220|
2025-04-13 21:16:49 : | 1|21:16|   998|  3| 4| 408718| 354260| 3267| 10| 3|100|    3k| 125|S2||0/220|
2025-04-13 21:30:23 : ============================= ATTACK LOG ==============================
2025-04-13 21:30:23 : |                       ------- LOOT --------            -- BONUS --   |
2025-04-13 21:30:23 : |AC| TIME|TROPHY|SRC|DS|   GOLD| ELIXIR|   DE| TR| *|  %| G & E|  DE|L.|
2025-04-13 21:31:42 : ============================= ATTACK LOG ==============================
2025-04-13 21:31:42 : |                       ------- LOOT --------            -- BONUS --   |
2025-04-13 21:31:42 : |AC| TIME|TROPHY|SRC|DS|   GOLD| ELIXIR|   DE| TR| *|  %| G & E|  DE|L.|
2025-04-13 21:38:39 : | 1|21:38|  1008| 12| 4| 656586| 432916| 2954| 19| 3|100|    3k| 125|S2||0/220|
2025-04-13 21:47:05 : ============================= ATTACK LOG ==============================
2025-04-13 21:47:05 : |                       ------- LOOT --------            -- BONUS --   |
2025-04-13 21:47:05 : |AC| TIME|TROPHY|SRC|DS|   GOLD| ELIXIR|   DE| TR| *|  %| G & E|  DE|L.|
2025-04-13 21:48:02 : ============================= ATTACK LOG ==============================
2025-04-13 21:48:02 : |                       ------- LOOT --------            -- BONUS --   |
2025-04-13 21:48:02 : |AC| TIME|TROPHY|SRC|DS|   GOLD| ELIXIR|   DE| TR| *|  %| G & E|  DE|L.|
2025-04-13 21:49:16 : ============================= ATTACK LOG ==============================
2025-04-13 21:49:16 : |                       ------- LOOT --------            -- BONUS --   |
2025-04-13 21:49:16 : |AC| TIME|TROPHY|SRC|DS|   GOLD| ELIXIR|   DE| TR| *|  %| G & E|  DE|L.|
2025-04-13 21:55:46 : | 1|21:55|  1027| 11| 4| 484647| 536025| 4119| 21| 3|100|    3k| 125|S2||0/220|
2025-04-13 22:46:12 : ============================= ATTACK LOG ==============================
2025-04-13 22:46:12 : |                       ------- LOOT --------            -- BONUS --   |
2025-04-13 22:46:12 : |AC| TIME|TROPHY|SRC|DS|   GOLD| ELIXIR|   DE| TR| *|  %| G & E|  DE|L.|
2025-04-13 22:47:18 : ============================= ATTACK LOG ==============================
2025-04-13 22:47:18 : |                       ------- LOOT --------            -- BONUS --   |
2025-04-13 22:47:18 : |AC| TIME|TROPHY|SRC|DS|   GOLD| ELIXIR|   DE| TR| *|  %| G & E|  DE|L.|
2025-04-13 22:59:08 : ============================= ATTACK LOG ==============================
2025-04-13 22:59:08 : |                       ------- LOOT --------            -- BONUS --   |
2025-04-13 22:59:08 : |AC| TIME|TROPHY|SRC|DS|   GOLD| ELIXIR|   DE| TR| *|  %| G & E|  DE|L.|
2025-04-13 23:06:08 : ============================= ATTACK LOG ==============================
2025-04-13 23:06:08 : |                       ------- LOOT --------            -- BONUS --   |
2025-04-13 23:06:08 : |AC| TIME|TROPHY|SRC|DS|   GOLD| ELIXIR|   DE| TR| *|  %| G & E|  DE|L.|
2025-04-13 23:52:28 : ============================= ATTACK LOG ==============================
2025-04-13 23:52:28 : |                       ------- LOOT --------            -- BONUS --   |
2025-04-13 23:52:28 : |AC| TIME|TROPHY|SRC|DS|   GOLD| ELIXIR|   DE| TR| *|  %| G & E|  DE|L.|
2025-04-14 01:02:16 : ============================= ATTACK LOG ==============================
2025-04-14 01:02:16 : |                       ------- LOOT --------            -- BONUS --   |
2025-04-14 01:02:16 : |AC| TIME|TROPHY|SRC|DS|   GOLD| ELIXIR|   DE| TR| *|  %| G & E|  DE|L.|
2025-04-14 01:12:50 : ============================= ATTACK LOG ==============================
2025-04-14 01:12:50 : |                       ------- LOOT --------            -- BONUS --   |
2025-04-14 01:12:50 : |AC| TIME|TROPHY|SRC|DS|   GOLD| ELIXIR|   DE| TR| *|  %| G & E|  DE|L.|
2025-04-14 01:22:02 : ============================= ATTACK LOG ==============================
2025-04-14 01:22:02 : |                       ------- LOOT --------            -- BONUS --   |
2025-04-14 01:22:02 : |AC| TIME|TROPHY|SRC|DS|   GOLD| ELIXIR|   DE| TR| *|  %| G & E|  DE|L.|
2025-04-14 01:34:13 : ============================= ATTACK LOG ==============================
2025-04-14 01:34:13 : |                       ------- LOOT --------            -- BONUS --   |
2025-04-14 01:34:13 : |AC| TIME|TROPHY|SRC|DS|   GOLD| ELIXIR|   DE| TR| *|  %| G & E|  DE|L.|
2025-04-14 01:42:01 : ============================= ATTACK LOG ==============================
2025-04-14 01:42:01 : |                       ------- LOOT --------            -- BONUS --   |
2025-04-14 01:42:01 : |AC| TIME|TROPHY|SRC|DS|   GOLD| ELIXIR|   DE| TR| *|  %| G & E|  DE|L.|
2025-04-14 01:50:07 : ============================= ATTACK LOG ==============================
2025-04-14 01:50:07 : |                       ------- LOOT --------            -- BONUS --   |
2025-04-14 01:50:07 : |AC| TIME|TROPHY|SRC|DS|   GOLD| ELIXIR|   DE| TR| *|  %| G & E|  DE|L.|
