2025-04-10 04:46:32 : Upgrading Dark Elixir Drill to level 5 for 1 020 000 Elixir - Duration : 8h20m
2025-04-10 11:49:01 : Upgrading Wall to level 10 for 170 000 Elixir - Duration : 1
2025-04-10 11:49:20 : Upgrading Wall to level 10 for 170 000 Elixir - Duration : 1
2025-04-10 11:49:37 : Upgrading Wall to level 10 for 170 000 Elixir - Duration : 1
2025-04-10 11:49:55 : Upgrading Wall to level 10 for 170 000 Elixir - Duration : 1
2025-04-10 11:50:13 : Upgrading Wall to level 10 for 170 000 Elixir - Duration : 1
2025-04-10 11:50:32 : Upgrading Wall to level 10 for 170 000 Elixir - Duration : 1
2025-04-10 11:50:51 : Upgrading Wall to level 10 for 170 000 Elixir - Duration : 1
2025-04-10 11:51:09 : Upgrading Wall to level 10 for 170 000 Elixir - Duration : 1
2025-04-10 11:51:27 : Upgrading Wall to level 10 for 170 000 Elixir - Duration : 1
2025-04-10 11:51:45 : Upgrading Wall to level 10 for 170 000 Elixir - Duration : 1
2025-04-10 11:56:36 : Upgrading Wall to level 10 for 170 000 Elixir - Duration : 1
2025-04-10 11:56:54 : Upgrading Wall to level 10 for 170 000 Elixir - Duration : 1
2025-04-10 11:57:11 : Upgrading Wall to level 10 for 170 000 Elixir - Duration : 1
2025-04-10 11:57:29 : Upgrading Wall to level 10 for 170 000 Elixir - Duration : 1
2025-04-10 11:57:48 : Upgrading Wall to level 10 for 170 000 Elixir - Duration : 1
2025-04-10 11:58:06 : Upgrading Wall to level 10 for 170 000 Elixir - Duration : 1
2025-04-10 11:58:24 : Upgrading Wall to level 10 for 170 000 Elixir - Duration : 1
2025-04-10 11:58:41 : Upgrading Wall to level 10 for 170 000 Elixir - Duration : 1
2025-04-10 11:58:59 : Upgrading Wall to level 10 for 170 000 Elixir - Duration : 1
2025-04-10 11:59:17 : Upgrading Wall to level 10 for 170 000 Elixir - Duration : 1
2025-04-10 12:04:09 : Upgrading Wall to level 10 for 170 000 Elixir - Duration : 1
2025-04-10 12:04:27 : Upgrading Wall to level 10 for 170 000 Elixir - Duration : 1
2025-04-10 12:04:45 : Upgrading Wall to level 10 for 170 000 Elixir - Duration : 1
2025-04-10 12:05:10 : Upgrading Wall to level 9 for 85 000 Gold - Duration : 1
2025-04-10 12:05:28 : Upgrading Wall to level 9 for 85 000 Gold - Duration : 1
2025-04-10 12:05:50 : Upgrading Wall to level 9 for 85 000 Elixir - Duration : 1
2025-04-10 12:11:01 : Upgrading Wall to level 10 for 170 000 Gold - Duration : 1
2025-04-10 12:11:22 : Upgrading Wall to level 10 for 170 000 Elixir - Duration : 1
2025-04-10 12:11:47 : Upgrading Wall to level 9 for 85 000 Gold - Duration : 1
2025-04-10 12:12:08 : Upgrading Wall to level 9 for 85 000 Elixir - Duration : 1
2025-04-10 12:16:50 : Upgrading Wall to level 10 for 170 000 Gold - Duration : 1
2025-04-10 12:17:11 : Upgrading Wall to level 10 for 170 000 Elixir - Duration : 1
2025-04-10 12:17:35 : Upgrading Wall to level 9 for 85 000 Gold - Duration : 1
2025-04-10 12:17:56 : Upgrading Wall to level 9 for 85 000 Elixir - Duration : 1
2025-04-10 12:22:47 : Upgrading Wall to level 10 for 170 000 Gold - Duration : 1
2025-04-10 12:23:07 : Upgrading Wall to level 10 for 170 000 Elixir - Duration : 1
2025-04-10 12:23:32 : Upgrading Wall to level 9 for 85 000 Gold - Duration : 1
2025-04-10 12:23:54 : Upgrading Wall to level 9 for 85 000 Elixir - Duration : 1
2025-04-10 12:27:56 : Upgrading Wall to level 10 for 170 000 Gold - Duration : 1
2025-04-10 12:28:38 : Upgrading Wall to level 9 for 85 000 Elixir - Duration : 1
2025-04-10 13:06:41 : Upgrading Wall to level 10 for 170 000 Gold - Duration : 1
2025-04-10 13:07:00 : Upgrading Wall to level 10 for 170 000 Elixir - Duration : 1
2025-04-10 13:07:19 : Upgrading Wall to level 9 for 85 000 Gold - Duration : 1
2025-04-10 13:07:35 : Upgrading Wall to level 9 for 85 000 Gold - Duration : 1
2025-04-10 13:07:50 : Upgrading Wall to level 9 for 85 000 Elixir - Duration : 1
2025-04-10 13:08:06 : Upgrading Wall to level 9 for 85 000 Gold - Duration : 1
2025-04-10 13:08:22 : Upgrading Wall to level 9 for 85 000 Elixir - Duration : 1
2025-04-10 13:08:38 : Upgrading Wall to level 9 for 85 000 Gold - Duration : 1
2025-04-10 13:08:54 : Upgrading Wall to level 9 for 85 000 Elixir - Duration : 1
2025-04-10 13:21:08 : Upgrading Wall to level 10 for 170 000 Gold - Duration : 1
2025-04-10 13:21:27 : Upgrading Wall to level 10 for 170 000 Elixir - Duration : 1
2025-04-10 13:21:46 : Upgrading Wall to level 9 for 85 000 Gold - Duration : 1
2025-04-10 13:22:02 : Upgrading Wall to level 9 for 85 000 Elixir - Duration : 1
2025-04-10 14:22:56 : Upgrading Wall to level 10 for 170 000 Gold - Duration : 1
2025-04-10 14:23:12 : Upgrading Wall to level 10 for 170 000 Gold - Duration : 1
2025-04-10 14:23:28 : Upgrading Wall to level 10 for 170 000 Gold - Duration : 1
2025-04-10 14:23:47 : Upgrading Wall to level 10 for 170 000 Elixir - Duration : 1
2025-04-10 14:24:03 : Upgrading Wall to level 9 for 85 000 Gold - Duration : 1
2025-04-10 14:24:19 : Upgrading Wall to level 9 for 85 000 Elixir - Duration : 1
2025-04-10 15:03:44 : Upgrading Wall to level 10 for 170 000 Gold - Duration : 1
2025-04-10 15:04:00 : Upgrading Wall to level 10 for 170 000 Gold - Duration : 1
2025-04-10 15:04:16 : Upgrading Wall to level 9 for 85 000 Gold - Duration : 1
2025-04-10 15:04:32 : Upgrading Wall to level 9 for 85 000 Elixir - Duration : 1
2025-04-10 15:34:23 : Upgrading Wall to level 10 for 170 000 Elixir - Duration : 1
2025-04-10 15:34:39 : Upgrading Wall to level 10 for 170 000 Elixir - Duration : 1
2025-04-10 15:34:55 : Upgrading Wall to level 10 for 170 000 Elixir - Duration : 1
2025-04-10 15:35:11 : Upgrading Wall to level 9 for 85 000 Gold - Duration : 1
2025-04-12 09:03:28 : Upgrading Elixir Collector to level 13 for 320 000 Gold - Duration : 2h20m
2025-04-12 11:28:16 : Upgrading Elixir Collector to level 13 for 320 000 Gold - Duration : 2h20m
2025-04-12 11:50:02 : Upgrading Elixir Collector to level 13 for 320 000 Gold - Duration : 2h20m
2025-04-13 10:03:21 : Upgrading Dark Spell Factory to level 5 for 2 000 000 Elixir - Duration : 1d12h
2025-04-13 10:23:17 : Upgrading Spell Factory to level 5 for 1 600 000 Elixir - Duration : 21h30m
2025-04-13 11:39:20 : Upgrading Army Camp to level 8 for 2 000 000 Elixir - Duration : 21h30m
2025-04-13 16:35:06 : Upgrading Army Camp to level 8 for 2 000 000 Elixir - Duration : 21h30m
2025-04-13 18:25:44 : Upgrading Army Camp to level 8 for 2 000 000 Elixir - Duration : 21h30m
