0: D [2025-04-13 23:00:29.191] Created log file: Z:\Games\coc\MyBot-MBR_v8.1.9r4\Profiles\2ndVill\Logs\2025-04-13_23.00.29.log
0: D [2025-04-13 23:00:29.191] Full Command Line: 3 2ndVill BlueStacks5 Pie64_5
0: D [2025-04-13 23:00:29.192] @AutoItExe: C:\Program Files (x86)\AutoIt3\AutoIt3.exe
0: D [2025-04-13 23:00:29.192] @ScriptFullPath: Z:\Games\coc\MyBot-MBR_v8.1.9r4\mybot.run.au3
0: D [2025-04-13 23:00:29.192] @WorkingDir: Z:\Games\coc\MyBot-MBR_v8.1.9r4
0: D [2025-04-13 23:00:29.192] @AutoItPID: 70576
0: D [2025-04-13 23:00:29.193] @OSArch: X64
0: D [2025-04-13 23:00:29.193] @OSVersion: WIN_10
0: D [2025-04-13 23:00:29.193] @OSBuild: 26100
0: D [2025-04-13 23:00:29.193] @OSServicePack: 
0: D [2025-04-13 23:00:29.194] Primary Display: 2560 x 1440 - 32bit
0: D [2025-04-13 23:00:29.188] MyBot.run/API/1.1 Message ID = 49809
0: D [2025-04-13 23:00:29.188] MyBot.run/STATE/1.1 Message ID = 49810
0: D [2025-04-13 23:00:29.189] SetupProfileFolder: Z:\Games\coc\MyBot-MBR_v8.1.9r4\Profiles\2ndVill
0: L [2025-04-13 23:00:29.190] ====================== BOT LOG ======================
0: D [2025-04-13 23:00:29.195] Created switch log file: Z:\Games\coc\MyBot-MBR_v8.1.9r4\Profiles\SwitchAccLog-2025-04.log
0: D [2025-04-13 23:00:29.196] readConfig(), call number 1
0: D [2025-04-13 23:00:29.217] Read Building Config Z:\Games\coc\MyBot-MBR_v8.1.9r4\Profiles\2ndVill\building.ini
0: D [2025-04-13 23:00:29.228] Read Config Z:\Games\coc\MyBot-MBR_v8.1.9r4\Profiles\2ndVill\config.ini
0: D [2025-04-13 23:00:29.352] Read Clan Games Config Z:\Games\coc\MyBot-MBR_v8.1.9r4\Profiles\2ndVill\clangames.ini
0: D [2025-04-13 23:00:29.400] Bot title updated to: My Bot v8.1.9
0: D [2025-04-13 23:00:29.408] Aquired mutex ticket: Launching.1, 0x0000038C
0: L [2025-04-13 23:00:29.460] Watchdog launched
0: D [2025-04-13 23:00:34.884] SplashStep 1 of 10: Initializing Android...(5.42 sec)
0: D [2025-04-13 23:00:34.887] SplashStep 1 of 10: Initializing Android...(BlueStacks5)...(5.42 sec)
0: D [2025-04-13 23:00:34.888] UpdateAndroidConfig("Pie64_5")
0: D [2025-04-13 23:00:34.889] InitAndroid(False): BlueStacks5
0: D [2025-04-13 23:00:34.889] Using ADB Path C:\Program Files\BlueStacks_nxt\HD-Adb.exe
0: D [2025-04-13 23:00:34.891] g_sAndroidPicturesHostPath = C:\ProgramData\BlueStacks_nxt\Engine\UserData\SharedFolder\
0: D [2025-04-13 23:00:34.891] g_sAndroidPicturesPath = /mnt/windows/BstSharedFolder/
0: D [2025-04-13 23:00:34.891] Searching BlueStacks5 Window: Title = 'BlueStacks5 ', Class = '[CLASS:BlueStacksApp; INSTANCE:1]', Text = '_ctl.W'
0: D [2025-04-13 23:00:34.891] WMI Query: Select Handle,ExecutablePath,CommandLine from Win32_Process where ExecutablePath like '%C:\\Program Files\\BlueStacks_nxt\\HD-Player.exe%'
0: D [2025-04-13 23:00:35.398] 24928 = C:\Program Files\BlueStacks_nxt\HD-Player.exe ("C:\\Program Files\\BlueStacks_nxt\\HD-Player.exe" "--instance" "Pie64_5")
0: D [2025-04-13 23:00:35.398] 147904 = C:\Program Files\BlueStacks_nxt\HD-Player.exe ("C:\Program Files\BlueStacks_nxt\HD-Player.exe" "--instance" "Pie64")
0: D [2025-04-13 23:00:35.398] Found Process 24928 by CommandLine: C:\Program Files\BlueStacks_nxt\HD-Player.exe "--instance" "Pie64_5"
0: D [2025-04-13 23:00:35.575] Found Android window: BlueStacks Keymap Overlay, 0x000705E6, Qt672QWindowToolSaveBits, 860, 732
0: D [2025-04-13 23:00:35.575] Found Android window: BlueStacks5-Pie64_5, 0x00022726, Qt672QWindowIcon, 862, 766
0: D [2025-04-13 23:00:35.575] Found 2 windows, searching for '_ctl.W' with class '[CLASS:BlueStacksApp; INSTANCE:1]'
0: D [2025-04-13 23:00:35.576] Found BlueStacks5 Window 'BlueStacks5-Pie64_5' (0x00022726) by PID 24928 ('C:\Program Files\BlueStacks_nxt\HD-Player.exe "--instance" "Pie64_5"')
0: D [2025-04-13 23:00:35.577] Move Android Window 'BlueStacks5-Pie64_5' to position: -1078, -162
0: D [2025-04-13 23:00:35.577] HideAndroidWindow: False, Default, True, WinGetAndroidHandle:1
0: D [2025-04-13 23:00:35.577] AndroidToFront: Source WinGetAndroidHandle:1->HideAndroidWindow
0: L [2025-04-13 23:00:35.578] BlueStacks5 (Pie64_5) running in window mode
0: D [2025-04-13 23:00:35.579] abi_list="x86,x64,arm,arm64"
0: D [2025-04-13 23:00:35.579] adb_port="5605"
0: D [2025-04-13 23:00:35.580] ads_app_activity="com.uncube.gamevantage.ui.activities.MainActivity"
0: D [2025-04-13 23:00:35.580] ads_app_package="com.uncube.gamevantage"
0: D [2025-04-13 23:00:35.580] ads_display_time=""
0: D [2025-04-13 23:00:35.580] ads_limit_min_pixels="900"
0: D [2025-04-13 23:00:35.580] ads_screen_width="172"
0: D [2025-04-13 23:00:35.581] ads_screen_width_percentage="20"
0: D [2025-04-13 23:00:35.581] airplane_mode_active="0"
0: D [2025-04-13 23:00:35.581] airplane_mode_active_time=""
0: D [2025-04-13 23:00:35.581] android_google_ad_id="94af3f99-ea76-4c57-8f60-0f8c4e3ebb72"
0: D [2025-04-13 23:00:35.581] android_id="87c95a4523c0cc2f"
0: D [2025-04-13 23:00:35.582] android_sound_while_tapping="1"
0: D [2025-04-13 23:00:35.582] app_launch_count="0"
0: D [2025-04-13 23:00:35.582] astc_decoding_mode="software"
0: D [2025-04-13 23:00:35.582] autohide_notifications="0"
0: D [2025-04-13 23:00:35.582] boot_duration="8079"
0: D [2025-04-13 23:00:35.583] camera_backend="qt"
0: D [2025-04-13 23:00:35.583] camera_device="Windows default"
0: D [2025-04-13 23:00:35.583] cpus="4"
0: D [2025-04-13 23:00:35.583] custom_resolution_selected="1"
0: D [2025-04-13 23:00:35.583] device_carrier_code="se_26202"
0: D [2025-04-13 23:00:35.584] device_country_code="276"
0: D [2025-04-13 23:00:35.584] device_custom_brand=""
0: D [2025-04-13 23:00:35.584] device_custom_manufacturer=""
0: D [2025-04-13 23:00:35.584] device_custom_model=""
0: D [2025-04-13 23:00:35.584] device_profile_code="optp"
0: D [2025-04-13 23:00:35.585] display_name="BlueStacks5-Pie64_5"
0: D [2025-04-13 23:00:35.585] dpi="160"
0: D [2025-04-13 23:00:35.585] eco_mode_max_fps="5"
0: D [2025-04-13 23:00:35.585] enable_fps_display="1"
0: D [2025-04-13 23:00:35.585] enable_fullscreen_all_apps="0"
0: D [2025-04-13 23:00:35.586] enable_high_fps="0"
0: D [2025-04-13 23:00:35.586] enable_logcat_redirection="0"
0: D [2025-04-13 23:00:35.586] enable_notifications="1"
0: D [2025-04-13 23:00:35.586] enable_root_access="0"
0: D [2025-04-13 23:00:35.586] enable_vsync="0"
0: D [2025-04-13 23:00:35.587] fb_height="732"
0: D [2025-04-13 23:00:35.587] fb_width="860"
0: D [2025-04-13 23:00:35.587] first_boot="0"
0: D [2025-04-13 23:00:35.587] game_controls_enabled="1"
0: D [2025-04-13 23:00:35.587] gl_win_height="732"
0: D [2025-04-13 23:00:35.588] gl_win_screen="LG FHD"
0: D [2025-04-13 23:00:35.588] gl_win_x="3"
0: D [2025-04-13 23:00:35.588] gl_win_y="92"
0: D [2025-04-13 23:00:35.588] google_account_logins="ernestllido6@gmail.com"
0: D [2025-04-13 23:00:35.588] google_login_popup_shown="0"
0: D [2025-04-13 23:00:35.589] graphics_engine="aga"
0: D [2025-04-13 23:00:35.589] graphics_renderer="gl"
0: D [2025-04-13 23:00:35.589] grm_ignored_rules=""
0: D [2025-04-13 23:00:35.589] launch_date=""
0: D [2025-04-13 23:00:35.589] libc_mem_allocator="jem"
0: D [2025-04-13 23:00:35.590] macro_win_height="-1"
0: D [2025-04-13 23:00:35.590] macro_win_screen=""
0: D [2025-04-13 23:00:35.590] macro_win_x="-1"
0: D [2025-04-13 23:00:35.590] macro_win_y="-1"
0: D [2025-04-13 23:00:35.590] max_fps="60"
0: D [2025-04-13 23:00:35.590] nowbux_signin_completed="0"
0: D [2025-04-13 23:00:35.591] nowgg_email=""
0: D [2025-04-13 23:00:35.591] nowgg_userAvatarUrl=""
0: D [2025-04-13 23:00:35.591] nowgg_userId=""
0: D [2025-04-13 23:00:35.591] nowgg_username=""
0: D [2025-04-13 23:00:35.592] pin_to_top="0"
0: D [2025-04-13 23:00:35.592] ram="12288"
0: D [2025-04-13 23:00:35.593] refresh_token=""
0: D [2025-04-13 23:00:35.593] show_nowbux_rewards_red_dot_onboarding="1"
0: D [2025-04-13 23:00:35.593] show_sidebar="0"
0: D [2025-04-13 23:00:35.593] split_ad_enabled="0"
0: D [2025-04-13 23:00:35.593] split_ad_show_times="-1"
0: D [2025-04-13 23:00:35.594] status.adb_port="5605"
0: D [2025-04-13 23:00:35.594] status.ip_addr_prefix_len="24"
0: D [2025-04-13 23:00:35.594] status.ip_gateway_addr="10.0.2.2"
0: D [2025-04-13 23:00:35.594] status.ip_guest_addr="10.0.2.15"
0: D [2025-04-13 23:00:35.594] status.session_id="22"
0: D [2025-04-13 23:00:35.595] token=""
0: D [2025-04-13 23:00:35.595] vulkan_supported="1"
0: D [2025-04-13 23:00:35.722] Using default ADB Daemon port, minitouch port is 6039
0: D [2025-04-13 23:00:35.723] Disabled WerFault for HD-Player.exe
0: D [2025-04-13 23:00:35.724] Disabled WerFault for HD-Adb.exe
0: D [2025-04-13 23:00:35.725] Func LaunchConsole: C:\Program Files\BlueStacks_nxt\BstkVMMgr.exe guestproperty enumerate Pie64_5
0: D [2025-04-13 23:00:35.921] Func LaunchConsole Output: BstkVMMgr.exe: error: Code E_FAIL (0x80004005) (extended info not available)
BstkVMMgr.exe: error: Context: "LockMachine(a->session, LockType_Shared)" at line 328 of file VBoxManageGuestProp.cpp
0: D [2025-04-13 23:00:35.922] Func LaunchConsole: C:\Program Files\BlueStacks_nxt\BstkVMMgr.exe getextradata Pie64_5 enumerate
0: D [2025-04-13 23:00:36.127] Func LaunchConsole Output: Key: VBoxInternal/CPUM/HostCPUID/00000001/ecx, Value: 0x201
Key: VBoxInternal/CPUM/IsaExts/AVX2, Value: 1
Key: VBoxInternal/Devices/HvMem/0/PCIBusNo, Value: 0
Key: VBoxInternal/Devices/HvMem/0/PCIDeviceNo, Value: 8
Key: VBoxInternal/Devices/HvMem/0/PCIFunctionNo, Value: 0
Key: VBoxInternal/Devices/bstaudio/0/PCIBusNo, Value: 0
Key: VBoxInternal/Devices/bstaudio/0/PCIDeviceNo, Value: 9
Key: VBoxInternal/Devices/bstaudio/0/PCIFunctionNo, Value: 0
Key: VBoxInternal/Devices/bstcamera/0/PCIBusNo, Value: 0
Key: VBoxInternal/Devices/bstcamera/0/PCIDeviceNo, Value: 16
Key: VBoxInternal/Devices/bstcamera/0/PCIFunctionNo, Value: 0
Key: VBoxInternal/Devices/bstpgaipc/0/PCIBusNo, Value: 0
Key: VBoxInternal/Devices/bstpgaipc/0/PCIDeviceNo, Value: 14
Key: VBoxInternal/Devices/bstpgaipc/0/PCIFunctionNo, Value: 0
Key: VBoxInternal/Devices/bstserial/0/Junk, Value: 0
Key: VBoxInternal/Devices/bstvmsg/0/PCIBusNo, Value: 0
Key: VBoxInternal/Devices/bstvmsg/0/PCIDeviceNo, Value: 10
Key: VBoxInternal/Devices/bstvmsg/0/PCIFunctionNo, Value: 0
Key: VBoxInternal/Devices/virtio-net/0/LUN#0/Config/UseHostResolver, Value: 1
Key: VBoxInternal/GIM/Provider, Value: KVM
Key: VBoxInternal/HM/HMForced, Value: 1
Key: VBoxInternal/PDM/Devices/bstdevices/Path, Value: C:\Program Files\BlueStacks_nxt\HD-Vdes-Service.dll
Key: VBoxInternal2/SavestateOnBatteryLow, Value: 0
0: D [2025-04-13 23:00:36.129] GlRenderMode = gl
0: D [2025-04-13 23:00:36.129] BlueStacks5 (Pie64_5) is using OpenGL, disable WinAPI for Background Mode
0: D [2025-04-13 23:00:36.130] Enable ADB screencap for Background Mode
0: D [2025-04-13 23:00:36.131] Android: BlueStacks5
0: D [2025-04-13 23:00:36.132] Android Config: 0
0: D [2025-04-13 23:00:36.132] Android Version: 5.21.580.1017
0: D [2025-04-13 23:00:36.132] Android Instance: Pie64_5
0: D [2025-04-13 23:00:36.133] Android Window Title: BlueStacks5-Pie64_5
0: D [2025-04-13 23:00:36.133] Android Program Path: C:\Program Files\BlueStacks_nxt\HD-Player.exe
0: D [2025-04-13 23:00:36.133] Android Program Parameter: "--instance" "Pie64_5"
0: D [2025-04-13 23:00:36.134] Android Program FileVersionInfo: 1033,,BlueStack Systems,BlueStacks,5.21.580.1017,,Copyright 2011 BlueStack Systems, Inc.  All Rights Reserved.,,HD-Player,BlueStacks,5.21.580.1017,,
0: D [2025-04-13 23:00:36.134] Android SecureME setting: 3
0: D [2025-04-13 23:00:36.134] Android ADB Path: C:\Program Files\BlueStacks_nxt\HD-Adb.exe
0: D [2025-04-13 23:00:36.135] Android ADB Global Options: 
0: D [2025-04-13 23:00:36.135] Android VBoxManage Path: C:\Program Files\BlueStacks_nxt\BstkVMMgr.exe
0: D [2025-04-13 23:00:36.135] Android ADB Device: 127.0.0.1:5605
0: D [2025-04-13 23:00:36.136] Android ADB Shared Folder: /mnt/windows/BstSharedFolder/
0: D [2025-04-13 23:00:36.136] Android ADB Shared Folder on Host: C:\ProgramData\BlueStacks_nxt\Engine\UserData\SharedFolder\
0: D [2025-04-13 23:00:36.137] Android ADB Shared SubFolder: 
0: D [2025-04-13 23:00:36.137] Android Mouse Device: BlueStacks Virtual Touch
0: D [2025-04-13 23:00:36.137] Android ADB screencap command enabled: True
0: D [2025-04-13 23:00:36.137] Android ADB input command enabled: True
0: D [2025-04-13 23:00:36.138] Android ADB Mouse Click enabled: True
0: D [2025-04-13 23:00:36.138] Android ADB Click Drag enabled: True
0: D [2025-04-13 23:00:36.138] Bot Background Mode for screen capture: disabled
0: D [2025-04-13 23:00:36.139] No Focus Tampering: False
0: D [2025-04-13 23:00:36.139] InitAndroid(False): BlueStacks5 END, initialization successful = True, result = True
0: D [2025-04-13 23:00:36.139] UpdateAndroidConfig("Pie64_5") END
0: D [2025-04-13 23:00:36.140] SplashStep 1 of 10: Initializing Android...(BlueStacks5)(6.69 sec)
0: D [2025-04-13 23:00:36.142] SplashStep 2 of 10: Detecting Android...(6.69 sec)
0: D [2025-04-13 23:00:36.143] Retrieving CoC distributors
0: D [2025-04-13 23:00:36.144] Func LaunchConsole: C:\Program Files\BlueStacks_nxt\HD-Adb.exe connect 127.0.0.1:5605
0: D [2025-04-13 23:00:36.342] Func LaunchConsole Output: already connected to 127.0.0.1:5605
0: D [2025-04-13 23:00:36.342] Func LaunchConsole: C:\Program Files\BlueStacks_nxt\HD-Adb.exe -s 127.0.0.1:5605 shell /data/anr/../../system/xbin/bstk/su root echo $USER:$USER_ID
0: D [2025-04-13 23:00:36.541] Func LaunchConsole Output: shell:2000
0: D [2025-04-13 23:00:36.542] Func LaunchConsole: C:\Program Files\BlueStacks_nxt\HD-Adb.exe -s 127.0.0.1:5605 shell /data/anr/../../system/xbin/bstk/su root mount|grep -E 'vboxsf|sharefolder'
0: D [2025-04-13 23:00:36.739] Func LaunchConsole Output: Documents on /mnt/windows/Documents type vboxsf (ro,nosuid,nodev,relatime,iocharset=utf8,uid=1000,gid=1015,dmode=0777,fmode=0777,dmask=02,fmask=02)
Pictures on /mnt/windows/Pictures type vboxsf (ro,nosuid,nodev,relatime,iocharset=utf8,uid=1000,gid=1015,dmode=0777,fmode=0777,dmask=02,fmask=02)
InputMapper on /mnt/windows/InputMapper type vboxsf (rw,nosuid,nodev,relatime,iocharset=utf8,uid=1000,gid=1015,dmode=0777,fmode=0777,dmask=02,fmask=02)
BstSharedFolder on /mnt/windows/BstSharedFolder type vboxsf (rw,nosuid,nodev,relatime,iocharset=utf8,uid=1000,gid=1015,dmode=0777,fmode=0777)
0: D [2025-04-13 23:00:36.742] Created dummy file: C:\ProgramData\BlueStacks_nxt\Engine\UserData\SharedFolder\732E7535FE16784219802148F077152008FB2EC2
0: D [2025-04-13 23:00:36.742] Func LaunchConsole: C:\Program Files\BlueStacks_nxt\HD-Adb.exe -s 127.0.0.1:5605 shell /data/anr/../../system/xbin/bstk/su root ls '/mnt/windows/BstSharedFolder/732E7535FE16784219802148F077152008FB2EC2'
0: D [2025-04-13 23:00:36.929] Func LaunchConsole Output: /mnt/windows/BstSharedFolder/732E7535FE16784219802148F077152008FB2EC2
0: D [2025-04-13 23:00:36.929] Using /mnt/windows/BstSharedFolder/ for Android shared folder
0: D [2025-04-13 23:00:36.929] C:\ProgramData\BlueStacks_nxt\Engine\UserData\SharedFolder\ exists
0: D [2025-04-13 23:00:36.930] Func LaunchConsole: C:\Program Files\BlueStacks_nxt\HD-Adb.exe connect 127.0.0.1:5605
0: D [2025-04-13 23:00:37.120] Func LaunchConsole Output: already connected to 127.0.0.1:5605
0: D [2025-04-13 23:00:37.121] Func LaunchConsole: C:\Program Files\BlueStacks_nxt\HD-Adb.exe -s 127.0.0.1:5605 shell /data/anr/../../system/xbin/bstk/su root echo $USER:$USER_ID
0: D [2025-04-13 23:00:37.317] Func LaunchConsole Output: shell:2000
0: D [2025-04-13 23:00:37.318] Run pipe ADB shell: "C:\Program Files\BlueStacks_nxt\HD-Adb.exe" -s 127.0.0.1:5605 shell -t -t /data/anr/../../system/xbin/bstk/su root
0: D [2025-04-13 23:00:38.583] Initialize shell prompt with 'mybot.run:'
0: D [2025-04-13 23:00:42.847] Initialize shell prompt with 'mybot.run:'
0: D [2025-04-13 23:00:43.351] ADB shell launched, PID = 60520: Android Steady Shell PID=1832

OP516FL1:/ # 
0: D [2025-04-13 23:00:43.362] Android Version API = 28
0: D [2025-04-13 23:00:43.362] Android Version 9.0
0: D [2025-04-13 23:00:43.363] Func LaunchConsole: C:\Program Files\BlueStacks_nxt\HD-Adb.exe connect 127.0.0.1:5605
0: D [2025-04-13 23:00:43.577] Func LaunchConsole Output: already connected to 127.0.0.1:5605
0: D [2025-04-13 23:00:43.578] Func LaunchConsole: C:\Program Files\BlueStacks_nxt\HD-Adb.exe -s 127.0.0.1:5605 shell /data/anr/../../system/xbin/bstk/su root echo $USER:$USER_ID
0: D [2025-04-13 23:00:43.794] Func LaunchConsole Output: shell:2000
0: D [2025-04-13 23:00:44.410] BlueStacks5 getevent -p: add device 1: /dev/input/event6

  name:     "Android Power Button"

  events:

    KEY (0001): 0074  008f 

  input props:

    <none>

could not get driver version for /dev/input/mice, Not a typewriter

add device 2: /dev/input/event1

  name:     "Sleep Button"

  events:

    KEY (0001): 008e 

  input props:

    <none>

add device 3: /dev/input/event4

  name:     "BlueStacks Virtual Touch"

  events:

    ABS (0003): 0035  : value 0, min 0, max 32767, fuzz 0, flat 0, resolution 0

                0036  : value 0, min 0, max 32767, fuzz 0, flat 0, resolution 0

  input props:

    <none>

add device 4: /dev/input/event0

  name:     "Power Button"

  events:

    KEY (0001): 0074 

  input props:

    <none>

add device 5: /dev/input/event5

  name:     "VirtualBox mouse integration"

  events:

    KEY (0001): 0110  0111  0112  0113  0114 

    REL (0002): 0006  0008 

    ABS (0003): 0000  : value 0, min 0, max 65535, fuzz 0, flat 0, resolution 0

                0001  : value 0, min 0, max 65535, fuzz 0, flat 0, resolution 0

  input props:

    <none>

could not get driver version for /dev/input/mouse0, Not a typewriter

add device 6: /dev/input/event2

  name:     "AT Translated Set 2 keyboard"

  events:

    KEY (0001): 0001  0002  0003  0004  0005  0006  0007  0008 

                0009  000a  000b  000c  000d  000e  000f  0010 

                0011  0012  0013  0014  0015  0016  0017  0018 

                0019  001a  001b  001c  001d  001e  001f  0020 

                0021  0022  0023  0024  0025  0026  0027  0028 

                0029  002a  002b  002c  002d  002e  002f  0030 

                0031  0032  0033  0034  0035  0036  0037  0038 

                0039  003a  003b  003c  003d  003e  003f  0040 

                0041  0042  0043  0044  0045  0046  0047  0048 

                0049  004a  004b  004c  004d  004e  004f  0050 

                0051  0052  0053  0055  0056  0057  0058  0059 

                005a  005b  005c  005d  005e  005f  0060  0061 

                0062  0063  0064  0066  0067  0068  0069  006a 

                006b  006c  006d  006e  006f  0070  0071  0072 

                0073  0074  0075  0076  0077  0079  007a  007b 

                007c  007d  007e  007f  0080  008c  008e  008f 

                009b  009c  009d  009e  009f  00a3  00a4  00a5 

                00a6  00ac  00ad  00b7  00b8  00b9  00d9  00e2 

    MSC (0004): 0004 

    LED (0011): 0000  0001  0002 

  input props:

    <none>

add device 7: /dev/input/event3

  name:     "AT Translated Set 2 keyboard"

  events:

    KEY (0001): 0001  0002  0003  0004  0005  0006  0007  0008 

                0009  000a  000b  000c  000d  000e  000f  0010 

                0011  0012  0013  0014  0015  0016  0017  0018 

                0019  001a  001b  001c  001d  001e  001f  0020 

                0021  0022  0023  0024  0025  0026  0027  0028 

                0029  002a  002b  002c  002d  002e  002f  0030 

                0031  0032  0033  0034  0035  0036  0037  0038 

                0039  003a  003b  003c  003d  003e  003f  0040 

                0041  0042  0043  0044  0045  0046  0047  0048 

                0049  004a  004b  004c  004d  004e  004f  0050 

                0051  0052  0053  0055  0056  0057  0058  0059 

                005a  005b  005c  005d  005e  005f  0060  0061 

                0062  0063  0064  0066  0067  0068  0069  006a 

                006b  006c  006d  006e  006f  0070  0071  0072 

                0073  0074  0075  0076  0077  0079  007a  007b 

                007c  007d  007e  007f  0080  008c  008e  008f 

                009b  009c  009d  009e  009f  00a3  00a4  00a5 

                00a6  00ac  00ad  00b7  00b8  00b9  00d9  00e2 

    MSC (0004): 0004 

  input props:

    <none>
0: D [2025-04-13 23:00:44.410] Using /dev/input/event4 for mouse events
0: D [2025-04-13 23:00:44.411] Func LaunchConsole: C:\Program Files\BlueStacks_nxt\HD-Adb.exe connect 127.0.0.1:5605
0: D [2025-04-13 23:00:44.602] Func LaunchConsole Output: already connected to 127.0.0.1:5605
0: D [2025-04-13 23:00:44.602] Func LaunchConsole: C:\Program Files\BlueStacks_nxt\HD-Adb.exe -s 127.0.0.1:5605 shell /data/anr/../../system/xbin/bstk/su root echo $USER:$USER_ID
0: D [2025-04-13 23:00:44.837] Func LaunchConsole Output: shell:2000
0: D [2025-04-13 23:00:44.838] Run pipe ADB shell for minituch: "C:\Program Files\BlueStacks_nxt\HD-Adb.exe" -s 127.0.0.1:5605 shell -t -t /data/anr/../../system/xbin/bstk/su root /mnt/windows/BstSharedFolder/minitouch -d /dev/input/event4 -i
0: D [2025-04-13 23:00:44.935] 1 running bot instances detected
0: D [2025-04-13 23:00:45.372] Bot title updated to: My Bot v8.1.9 (Pie64_5)
0: D [2025-04-13 23:00:45.373] UpdateSplashTitle: My Bot v8.1.9 (Pie64_5), Profile: 2ndVill
0: D [2025-04-13 23:00:45.377] Aquire Mutex for Profile: 2ndVill
0: D [2025-04-13 23:00:45.377] My Bot is not the only running instance
0: D [2025-04-13 23:00:45.377] SplashStep 3 of 10: Loading Main GUI...(15.92 sec)
0: D [2025-04-13 23:00:45.400] SplashStep 4 of 10: Loading GUI Bottom...(15.94 sec)
0: D [2025-04-13 23:00:45.432] AndroidToFront: Source chkBackground
0: D [2025-04-13 23:00:45.598] SplashStep 5 of 10: Loading Log tab...(16.14 sec)
0: D [2025-04-13 23:00:46.157] SplashStep 6 of 10: Loading Village tab...(16.7 sec)
0: D [2025-04-13 23:00:56.544] SplashStep 7 of 10: Loading Attack tab...(27.09 sec)
0: D [2025-04-13 23:01:14.760] SplashStep 8 of 10: Loading Bot tab...(45.3 sec)
0: D [2025-04-13 23:01:15.209] Profiles found: 2ndVill|Main|MyVillage
0: D [2025-04-13 23:01:18.724] SplashStep 9 of 10: Loading About Us tab...(49.27 sec)
0: D [2025-04-13 23:01:18.745] SplashStep 10 of 10: Initializing GUI...(49.28 sec)
0: D [2025-04-13 23:01:18.877] Redraw MyBot ControlIds (forced): 0x000A53F8, 0x000A53EE
0: D [2025-04-13 23:01:18.878] Control ID 0x000A53F8 handle: 0x000A53F8 parent: 0x000A53FA $g_hFrmBot: 0x00101E80 $g_hFrmBotEx: 0x000B49F4 Pos: 10, 115, 452, 298
0: D [2025-04-13 23:01:18.878] Control ID 0x000A53F8 RedrawWindow Pos: 10, 115, 462, 413
0: D [2025-04-13 23:01:18.878] Control ID 0x000A53EE handle: 0x000A53EE parent: 0x000A53FA $g_hFrmBot: 0x00101E80 $g_hFrmBotEx: 0x000B49F4 Pos: 10, 417, 452, 106
0: D [2025-04-13 23:01:18.878] Control ID 0x000A53EE RedrawWindow Pos: 10, 417, 462, 523
0: D [2025-04-13 23:01:18.879] $g_hFrmBot=0x00101E80
0: D [2025-04-13 23:01:18.879] $g_hFrmBotEx=0x000B49F4
0: D [2025-04-13 23:01:18.880] $g_hFrmBotBottom=0x000B51A0
0: D [2025-04-13 23:01:18.880] $g_hFrmBotEmbeddedShield=0
0: D [2025-04-13 23:01:18.880] $g_hFrmBotEmbeddedShieldInput=10
0: D [2025-04-13 23:01:18.880] $g_hFrmBotEmbeddedGraphics=0
0: D [2025-04-13 23:01:18.882] Created attack log file: Z:\Games\coc\MyBot-MBR_v8.1.9r4\Profiles\2ndVill\Logs\AttackLog-2025-04.log
0: D [2025-04-13 23:01:18.884] readConfig(), call number 2
0: D [2025-04-13 23:01:18.905] Read Building Config Z:\Games\coc\MyBot-MBR_v8.1.9r4\Profiles\2ndVill\building.ini
0: D [2025-04-13 23:01:18.916] Read Config Z:\Games\coc\MyBot-MBR_v8.1.9r4\Profiles\2ndVill\config.ini
0: D [2025-04-13 23:01:19.044] Read Clan Games Config Z:\Games\coc\MyBot-MBR_v8.1.9r4\Profiles\2ndVill\clangames.ini
0: D [2025-04-13 23:01:19.048] applyConfig(), call number 1
0: D [2025-04-13 23:01:19.048] Threading: Using 0 threads for parallelism
0: D [2025-04-13 23:01:19.048] Threading: Using 0 threads shared across all bot instances
0: D [2025-04-13 23:01:19.049] HideAndroidWindow: False, False, True, applyConfig
0: D [2025-04-13 23:01:19.050] AndroidToFront: Source applyConfig->HideAndroidWindow
0: D [2025-04-13 23:01:19.050] Disable MyBot Window Redraw: applyConfig
0: D [2025-04-13 23:01:19.052] Bot title updated to: My Bot v8.1.9 (Pie64_5)
0: D [2025-04-13 23:01:23.333] Redraw MyBot Window: applyConfig
0: D [2025-04-13 23:01:23.350] $g_sProfilePath = Z:\Games\coc\MyBot-MBR_v8.1.9r4\Profiles
0: D [2025-04-13 23:01:23.350] $g_sProfileCurrentName = 2ndVill
0: D [2025-04-13 23:01:23.350] $g_sProfileLogsPath = Z:\Games\coc\MyBot-MBR_v8.1.9r4\Profiles\2ndVill\Logs\
2: D [2025-04-13 23:01:23.368] Restore bot window to -495, -63, caller: GUIControl_WM_NCACTIVATE
2: D [2025-04-13 23:01:23.375] HideAndroidWindow: False, False, True, BotMinimizeRestore
2: D [2025-04-13 23:01:23.375] AndroidToFront: Source BotMinimizeRestore->HideAndroidWindow
2: D [2025-04-13 23:01:23.486] MyBot.run.dll opened.
2: D [2025-04-13 23:01:23.486] Threading: Using 0 threads shared across all bot instances
2: D [2025-04-13 23:01:23.574] Threading: Using 0 threads for parallelism
2: D [2025-04-13 23:01:23.575] setAndroidPID: $pid=24928
2: D [2025-04-13 23:01:23.775] Android PID=24928 initialized: BlueStacks5-Pie64_5, HD-Player
2: D [2025-04-13 23:01:23.775] debugMBRFunctions: $iDebugSearchArea=0, $iDebugRedArea=0, $giDebugOcr=0
2: D [2025-04-13 23:01:24.279] SetBotGuiPID: $pid=70576
2: D [2025-04-13 23:01:24.398] Bot GUI PID=70576 initialized: 70576
2: L [2025-04-13 23:01:24.399] Android Emulator Configuration: BlueStacks5 (instance Pie64_5)
2: D [2025-04-13 23:01:24.945] Last GitHub version is 8.1.9
2: D [2025-04-13 23:01:24.945] Your version is 8.1.9
2: L [2025-04-13 23:01:24.945] WELCOME CHIEF, YOU HAVE THE LATEST MYBOT VERSION
2: D [2025-04-13 23:01:24.961] Maximum of 2 bots running at same time configured
2: D [2025-04-13 23:01:24.962] MyBot.run launch time 55281 ms.
2: D [2025-04-13 23:01:24.973] Nox version not found
2: L [2025-04-13 23:01:24.974] Emulator Found In Your Machine :
2: L [2025-04-13 23:01:24.975]   - BlueStacks5 version: 5.21.580.1017
2: D [2025-04-13 23:01:25.027] Notify | NotifyGetLastMessageFromTelegram()
2: D [2025-04-13 23:01:30.674] New Bot Host Window Handle registered: 0x000B5192
2: D [2025-04-13 23:01:40.874] Restore bot window to -495, -63, caller: GUIControl_WM_NCACTIVATE
2: D [2025-04-13 23:01:40.878] HideAndroidWindow: False, False, True, BotMinimizeRestore
2: D [2025-04-13 23:01:40.878] AndroidToFront: Source BotMinimizeRestore->HideAndroidWindow
2: L [2025-04-13 23:01:40.895] Closing My Bot v8.1.9 (Pie64_5), please wait ...
2: L [2025-04-13 23:01:41.367] Closing My Bot v8.1.9 (Pie64_5) now ...
2: D [2025-04-13 23:01:41.378] SetupProfileFolder: Z:\Games\coc\MyBot-MBR_v8.1.9r4\Profiles\2ndVill
2: D [2025-04-13 23:01:41.390] saveConfig(), call number 1
2: D [2025-04-13 23:01:41.400] Save Building Config Z:\Games\coc\MyBot-MBR_v8.1.9r4\Profiles\2ndVill\building.ini
2: D [2025-04-13 23:01:41.412] Save Config Z:\Games\coc\MyBot-MBR_v8.1.9r4\Profiles\2ndVill\config.ini
2: D [2025-04-13 23:01:41.413] GlRenderMode = gl
2: D [2025-04-13 23:01:41.414] BlueStacks5 (Pie64_5) is using OpenGL, disable WinAPI for Background Mode
2: D [2025-04-13 23:01:41.414] Enable ADB screencap for Background Mode
2: D [2025-04-13 23:01:41.517] Save Clan Games Config Z:\Games\coc\MyBot-MBR_v8.1.9r4\Profiles\2ndVill\clangames.ini
2: D [2025-04-13 23:01:41.526] SaveConfig(), time = 0.13 sec
2: D [2025-04-13 23:01:41.548] Opened BlueStacks5 System Bar: True
2: D [2025-04-13 23:01:41.549] AndroidToFront: Source BotClose
2: D [2025-04-13 23:01:41.634] ADB shell already terminated, PID = 60520
2: D [2025-04-13 23:01:41.703] ADB minitouch shell terminated, PID = 73336
2: D [2025-04-13 23:01:41.703] Release Mutex for Profile: 2ndVill
0: D [2025-04-13 23:01:42.805] Bot Host Window Handle un-registered: 0x000B5192
