0: D [2025-04-14 01:58:01.369] Created log file: Z:\Games\coc\MyBot-MBR_v8.1.9r4\Profiles\2ndVill\Logs\2025-04-14_01.58.01.log
0: D [2025-04-14 01:58:01.370] Full Command Line: 3 2ndVill BlueStacks5 Pie64_5
0: D [2025-04-14 01:58:01.370] @AutoItExe: C:\Program Files (x86)\AutoIt3\AutoIt3.exe
0: D [2025-04-14 01:58:01.370] @ScriptFullPath: Z:\Games\coc\MyBot-MBR_v8.1.9r4\mybot.run.au3
0: D [2025-04-14 01:58:01.370] @WorkingDir: Z:\Games\coc\MyBot-MBR_v8.1.9r4
0: D [2025-04-14 01:58:01.371] @AutoItPID: 362316
0: D [2025-04-14 01:58:01.371] @OSArch: X64
0: D [2025-04-14 01:58:01.371] @OSVersion: WIN_10
0: D [2025-04-14 01:58:01.371] @OSBuild: 26100
0: D [2025-04-14 01:58:01.371] @OSServicePack: 
0: D [2025-04-14 01:58:01.372] Primary Display: 2560 x 1440 - 32bit
0: D [2025-04-14 01:58:01.366] MyBot.run/API/1.1 Message ID = 49809
0: D [2025-04-14 01:58:01.367] MyBot.run/STATE/1.1 Message ID = 49810
0: D [2025-04-14 01:58:01.368] SetupProfileFolder: Z:\Games\coc\MyBot-MBR_v8.1.9r4\Profiles\2ndVill
0: L [2025-04-14 01:58:01.369] ====================== BOT LOG ======================
0: D [2025-04-14 01:58:01.373] Created switch log file: Z:\Games\coc\MyBot-MBR_v8.1.9r4\Profiles\SwitchAccLog-2025-04.log
0: D [2025-04-14 01:58:01.374] readConfig(), call number 1
0: D [2025-04-14 01:58:01.392] Read Building Config Z:\Games\coc\MyBot-MBR_v8.1.9r4\Profiles\2ndVill\building.ini
0: D [2025-04-14 01:58:01.402] Read Config Z:\Games\coc\MyBot-MBR_v8.1.9r4\Profiles\2ndVill\config.ini
0: D [2025-04-14 01:58:01.516] Read Clan Games Config Z:\Games\coc\MyBot-MBR_v8.1.9r4\Profiles\2ndVill\clangames.ini
0: D [2025-04-14 01:58:01.559] Bot title updated to: My Bot v8.1.9
0: D [2025-04-14 01:58:01.564] Aquired mutex ticket: Launching.1, 0x000003E0
0: L [2025-04-14 01:58:01.606] Watchdog launched
0: D [2025-04-14 01:58:07.356] SplashStep 1 of 10: Initializing Android...(5.75 sec)
0: D [2025-04-14 01:58:07.359] SplashStep 1 of 10: Initializing Android...(BlueStacks5)...(5.77 sec)
0: D [2025-04-14 01:58:07.360] UpdateAndroidConfig("Pie64_5")
0: D [2025-04-14 01:58:07.361] InitAndroid(False): BlueStacks5
0: D [2025-04-14 01:58:07.361] Using ADB Path C:\Program Files\BlueStacks_nxt\HD-Adb.exe
0: D [2025-04-14 01:58:07.374] g_sAndroidPicturesHostPath = C:\ProgramData\BlueStacks_nxt\Engine\UserData\SharedFolder\
0: D [2025-04-14 01:58:07.374] g_sAndroidPicturesPath = /mnt/windows/BstSharedFolder/
0: D [2025-04-14 01:58:07.375] Searching BlueStacks5 Window: Title = 'BlueStacks5 ', Class = '[CLASS:BlueStacksApp; INSTANCE:1]', Text = '_ctl.W'
0: D [2025-04-14 01:58:07.375] WMI Query: Select Handle,ExecutablePath,CommandLine from Win32_Process where ExecutablePath like '%C:\\Program Files\\BlueStacks_nxt\\HD-Player.exe%'
0: D [2025-04-14 01:58:08.036] 24928 = C:\Program Files\BlueStacks_nxt\HD-Player.exe ("C:\\Program Files\\BlueStacks_nxt\\HD-Player.exe" "--instance" "Pie64_5")
0: D [2025-04-14 01:58:08.036] 147904 = C:\Program Files\BlueStacks_nxt\HD-Player.exe ("C:\Program Files\BlueStacks_nxt\HD-Player.exe" "--instance" "Pie64")
0: D [2025-04-14 01:58:08.037] Found Process 24928 by CommandLine: C:\Program Files\BlueStacks_nxt\HD-Player.exe "--instance" "Pie64_5"
0: D [2025-04-14 01:58:08.204] Found Android window: BlueStacks Keymap Overlay, 0x000705E6, Qt672QWindowToolSaveBits, 860, 732
0: D [2025-04-14 01:58:08.204] Found Android window: BlueStacks5-Pie64_5, 0x00022726, Qt672QWindowIcon, 862, 766
0: D [2025-04-14 01:58:08.205] Found 2 windows, searching for '_ctl.W' with class '[CLASS:BlueStacksApp; INSTANCE:1]'
0: D [2025-04-14 01:58:08.205] Found BlueStacks5 Window 'BlueStacks5-Pie64_5' (0x00022726) by PID 24928 ('C:\Program Files\BlueStacks_nxt\HD-Player.exe "--instance" "Pie64_5"')
0: D [2025-04-14 01:58:08.206] Move Android Window 'BlueStacks5-Pie64_5' to position: -1078, -162
0: D [2025-04-14 01:58:08.207] HideAndroidWindow: False, Default, True, WinGetAndroidHandle:1
0: D [2025-04-14 01:58:08.207] AndroidToFront: Source WinGetAndroidHandle:1->HideAndroidWindow
0: L [2025-04-14 01:58:08.208] BlueStacks5 (Pie64_5) running in window mode
0: D [2025-04-14 01:58:08.209] abi_list="x86,x64,arm,arm64"
0: D [2025-04-14 01:58:08.209] adb_port="5605"
0: D [2025-04-14 01:58:08.209] ads_app_activity="com.uncube.gamevantage.ui.activities.MainActivity"
0: D [2025-04-14 01:58:08.210] ads_app_package="com.uncube.gamevantage"
0: D [2025-04-14 01:58:08.210] ads_display_time=""
0: D [2025-04-14 01:58:08.210] ads_limit_min_pixels="900"
0: D [2025-04-14 01:58:08.210] ads_screen_width="172"
0: D [2025-04-14 01:58:08.210] ads_screen_width_percentage="20"
0: D [2025-04-14 01:58:08.210] airplane_mode_active="0"
0: D [2025-04-14 01:58:08.211] airplane_mode_active_time=""
0: D [2025-04-14 01:58:08.211] android_google_ad_id="94af3f99-ea76-4c57-8f60-0f8c4e3ebb72"
0: D [2025-04-14 01:58:08.211] android_id="87c95a4523c0cc2f"
0: D [2025-04-14 01:58:08.211] android_sound_while_tapping="1"
0: D [2025-04-14 01:58:08.211] app_launch_count="0"
0: D [2025-04-14 01:58:08.212] astc_decoding_mode="software"
0: D [2025-04-14 01:58:08.212] autohide_notifications="0"
0: D [2025-04-14 01:58:08.212] boot_duration="8079"
0: D [2025-04-14 01:58:08.212] camera_backend="qt"
0: D [2025-04-14 01:58:08.212] camera_device="Windows default"
0: D [2025-04-14 01:58:08.213] cpus="4"
0: D [2025-04-14 01:58:08.213] custom_resolution_selected="1"
0: D [2025-04-14 01:58:08.213] device_carrier_code="se_26202"
0: D [2025-04-14 01:58:08.213] device_country_code="276"
0: D [2025-04-14 01:58:08.213] device_custom_brand=""
0: D [2025-04-14 01:58:08.213] device_custom_manufacturer=""
0: D [2025-04-14 01:58:08.214] device_custom_model=""
0: D [2025-04-14 01:58:08.214] device_profile_code="optp"
0: D [2025-04-14 01:58:08.214] display_name="BlueStacks5-Pie64_5"
0: D [2025-04-14 01:58:08.214] dpi="160"
0: D [2025-04-14 01:58:08.214] eco_mode_max_fps="5"
0: D [2025-04-14 01:58:08.214] enable_fps_display="1"
0: D [2025-04-14 01:58:08.215] enable_fullscreen_all_apps="0"
0: D [2025-04-14 01:58:08.215] enable_high_fps="0"
0: D [2025-04-14 01:58:08.215] enable_logcat_redirection="0"
0: D [2025-04-14 01:58:08.215] enable_notifications="1"
0: D [2025-04-14 01:58:08.215] enable_root_access="0"
0: D [2025-04-14 01:58:08.216] enable_vsync="0"
0: D [2025-04-14 01:58:08.216] fb_height="732"
0: D [2025-04-14 01:58:08.216] fb_width="860"
0: D [2025-04-14 01:58:08.216] first_boot="0"
0: D [2025-04-14 01:58:08.216] game_controls_enabled="1"
0: D [2025-04-14 01:58:08.217] gl_win_height="732"
0: D [2025-04-14 01:58:08.217] gl_win_screen="LG FHD"
0: D [2025-04-14 01:58:08.217] gl_win_x="3"
0: D [2025-04-14 01:58:08.217] gl_win_y="92"
0: D [2025-04-14 01:58:08.217] google_account_logins="ernestllido6@gmail.com"
0: D [2025-04-14 01:58:08.218] google_login_popup_shown="0"
0: D [2025-04-14 01:58:08.218] graphics_engine="aga"
0: D [2025-04-14 01:58:08.218] graphics_renderer="gl"
0: D [2025-04-14 01:58:08.218] grm_ignored_rules=""
0: D [2025-04-14 01:58:08.218] launch_date=""
0: D [2025-04-14 01:58:08.218] libc_mem_allocator="jem"
0: D [2025-04-14 01:58:08.219] macro_win_height="-1"
0: D [2025-04-14 01:58:08.219] macro_win_screen=""
0: D [2025-04-14 01:58:08.219] macro_win_x="-1"
0: D [2025-04-14 01:58:08.219] macro_win_y="-1"
0: D [2025-04-14 01:58:08.219] max_fps="60"
0: D [2025-04-14 01:58:08.219] nowbux_signin_completed="0"
0: D [2025-04-14 01:58:08.220] nowgg_email=""
0: D [2025-04-14 01:58:08.220] nowgg_userAvatarUrl=""
0: D [2025-04-14 01:58:08.220] nowgg_userId=""
0: D [2025-04-14 01:58:08.220] nowgg_username=""
0: D [2025-04-14 01:58:08.220] pin_to_top="0"
0: D [2025-04-14 01:58:08.221] ram="12288"
0: D [2025-04-14 01:58:08.221] refresh_token=""
0: D [2025-04-14 01:58:08.221] show_nowbux_rewards_red_dot_onboarding="1"
0: D [2025-04-14 01:58:08.221] show_sidebar="0"
0: D [2025-04-14 01:58:08.221] split_ad_enabled="0"
0: D [2025-04-14 01:58:08.222] split_ad_show_times="-1"
0: D [2025-04-14 01:58:08.222] status.adb_port="5605"
0: D [2025-04-14 01:58:08.222] status.ip_addr_prefix_len="24"
0: D [2025-04-14 01:58:08.223] status.ip_gateway_addr="10.0.2.2"
0: D [2025-04-14 01:58:08.223] status.ip_guest_addr="10.0.2.15"
0: D [2025-04-14 01:58:08.223] status.session_id="22"
0: D [2025-04-14 01:58:08.223] token=""
0: D [2025-04-14 01:58:08.223] vulkan_supported="1"
0: D [2025-04-14 01:58:08.352] Using default ADB Daemon port, minitouch port is 6039
0: D [2025-04-14 01:58:08.353] Disabled WerFault for HD-Player.exe
0: D [2025-04-14 01:58:08.354] Disabled WerFault for HD-Adb.exe
0: D [2025-04-14 01:58:08.354] Func LaunchConsole: C:\Program Files\BlueStacks_nxt\BstkVMMgr.exe guestproperty enumerate Pie64_5
0: D [2025-04-14 01:58:08.578] Func LaunchConsole Output: BstkVMMgr.exe: error: Code E_FAIL (0x80004005) (extended info not available)
BstkVMMgr.exe: error: Context: "LockMachine(a->session, LockType_Shared)" at line 328 of file VBoxManageGuestProp.cpp
0: D [2025-04-14 01:58:08.579] Func LaunchConsole: C:\Program Files\BlueStacks_nxt\BstkVMMgr.exe getextradata Pie64_5 enumerate
0: D [2025-04-14 01:58:08.802] Func LaunchConsole Output: Key: VBoxInternal/CPUM/HostCPUID/00000001/ecx, Value: 0x201
Key: VBoxInternal/CPUM/IsaExts/AVX2, Value: 1
Key: VBoxInternal/Devices/HvMem/0/PCIBusNo, Value: 0
Key: VBoxInternal/Devices/HvMem/0/PCIDeviceNo, Value: 8
Key: VBoxInternal/Devices/HvMem/0/PCIFunctionNo, Value: 0
Key: VBoxInternal/Devices/bstaudio/0/PCIBusNo, Value: 0
Key: VBoxInternal/Devices/bstaudio/0/PCIDeviceNo, Value: 9
Key: VBoxInternal/Devices/bstaudio/0/PCIFunctionNo, Value: 0
Key: VBoxInternal/Devices/bstcamera/0/PCIBusNo, Value: 0
Key: VBoxInternal/Devices/bstcamera/0/PCIDeviceNo, Value: 16
Key: VBoxInternal/Devices/bstcamera/0/PCIFunctionNo, Value: 0
Key: VBoxInternal/Devices/bstpgaipc/0/PCIBusNo, Value: 0
Key: VBoxInternal/Devices/bstpgaipc/0/PCIDeviceNo, Value: 14
Key: VBoxInternal/Devices/bstpgaipc/0/PCIFunctionNo, Value: 0
Key: VBoxInternal/Devices/bstserial/0/Junk, Value: 0
Key: VBoxInternal/Devices/bstvmsg/0/PCIBusNo, Value: 0
Key: VBoxInternal/Devices/bstvmsg/0/PCIDeviceNo, Value: 10
Key: VBoxInternal/Devices/bstvmsg/0/PCIFunctionNo, Value: 0
Key: VBoxInternal/Devices/virtio-net/0/LUN#0/Config/UseHostResolver, Value: 1
Key: VBoxInternal/GIM/Provider, Value: KVM
Key: VBoxInternal/HM/HMForced, Value: 1
Key: VBoxInternal/PDM/Devices/bstdevices/Path, Value: C:\Program Files\BlueStacks_nxt\HD-Vdes-Service.dll
Key: VBoxInternal2/SavestateOnBatteryLow, Value: 0
0: D [2025-04-14 01:58:08.804] GlRenderMode = gl
0: D [2025-04-14 01:58:08.804] BlueStacks5 (Pie64_5) is using OpenGL, disable WinAPI for Background Mode
0: D [2025-04-14 01:58:08.805] Enable ADB screencap for Background Mode
0: D [2025-04-14 01:58:08.806] Android: BlueStacks5
0: D [2025-04-14 01:58:08.806] Android Config: 0
0: D [2025-04-14 01:58:08.807] Android Version: 5.21.580.1017
0: D [2025-04-14 01:58:08.807] Android Instance: Pie64_5
0: D [2025-04-14 01:58:08.807] Android Window Title: BlueStacks5-Pie64_5
0: D [2025-04-14 01:58:08.807] Android Program Path: C:\Program Files\BlueStacks_nxt\HD-Player.exe
0: D [2025-04-14 01:58:08.807] Android Program Parameter: "--instance" "Pie64_5"
0: D [2025-04-14 01:58:08.808] Android Program FileVersionInfo: 1033,,BlueStack Systems,BlueStacks,5.21.580.1017,,Copyright 2011 BlueStack Systems, Inc.  All Rights Reserved.,,HD-Player,BlueStacks,5.21.580.1017,,
0: D [2025-04-14 01:58:08.808] Android SecureME setting: 3
0: D [2025-04-14 01:58:08.808] Android ADB Path: C:\Program Files\BlueStacks_nxt\HD-Adb.exe
0: D [2025-04-14 01:58:08.808] Android ADB Global Options: 
0: D [2025-04-14 01:58:08.809] Android VBoxManage Path: C:\Program Files\BlueStacks_nxt\BstkVMMgr.exe
0: D [2025-04-14 01:58:08.809] Android ADB Device: 127.0.0.1:5605
0: D [2025-04-14 01:58:08.809] Android ADB Shared Folder: /mnt/windows/BstSharedFolder/
0: D [2025-04-14 01:58:08.809] Android ADB Shared Folder on Host: C:\ProgramData\BlueStacks_nxt\Engine\UserData\SharedFolder\
0: D [2025-04-14 01:58:08.809] Android ADB Shared SubFolder: 
0: D [2025-04-14 01:58:08.810] Android Mouse Device: BlueStacks Virtual Touch
0: D [2025-04-14 01:58:08.810] Android ADB screencap command enabled: True
0: D [2025-04-14 01:58:08.810] Android ADB input command enabled: True
0: D [2025-04-14 01:58:08.810] Android ADB Mouse Click enabled: True
0: D [2025-04-14 01:58:08.810] Android ADB Click Drag enabled: True
0: D [2025-04-14 01:58:08.811] Bot Background Mode for screen capture: disabled
0: D [2025-04-14 01:58:08.811] No Focus Tampering: False
0: D [2025-04-14 01:58:08.811] InitAndroid(False): BlueStacks5 END, initialization successful = True, result = True
0: D [2025-04-14 01:58:08.811] UpdateAndroidConfig("Pie64_5") END
0: D [2025-04-14 01:58:08.812] SplashStep 1 of 10: Initializing Android...(BlueStacks5)(7.22 sec)
0: D [2025-04-14 01:58:08.814] SplashStep 2 of 10: Detecting Android...(7.22 sec)
0: D [2025-04-14 01:58:08.815] Retrieving CoC distributors
0: D [2025-04-14 01:58:08.816] Func LaunchConsole: C:\Program Files\BlueStacks_nxt\HD-Adb.exe connect 127.0.0.1:5605
0: D [2025-04-14 01:58:09.037] Func LaunchConsole Output: already connected to 127.0.0.1:5605
0: D [2025-04-14 01:58:09.038] Func LaunchConsole: C:\Program Files\BlueStacks_nxt\HD-Adb.exe -s 127.0.0.1:5605 shell /data/anr/../../system/xbin/bstk/su root echo $USER:$USER_ID
0: D [2025-04-14 01:58:09.275] Func LaunchConsole Output: shell:2000
0: D [2025-04-14 01:58:09.276] Func LaunchConsole: C:\Program Files\BlueStacks_nxt\HD-Adb.exe -s 127.0.0.1:5605 shell /data/anr/../../system/xbin/bstk/su root mount|grep -E 'vboxsf|sharefolder'
0: D [2025-04-14 01:58:09.483] Func LaunchConsole Output: Documents on /mnt/windows/Documents type vboxsf (ro,nosuid,nodev,relatime,iocharset=utf8,uid=1000,gid=1015,dmode=0777,fmode=0777,dmask=02,fmask=02)
Pictures on /mnt/windows/Pictures type vboxsf (ro,nosuid,nodev,relatime,iocharset=utf8,uid=1000,gid=1015,dmode=0777,fmode=0777,dmask=02,fmask=02)
InputMapper on /mnt/windows/InputMapper type vboxsf (rw,nosuid,nodev,relatime,iocharset=utf8,uid=1000,gid=1015,dmode=0777,fmode=0777,dmask=02,fmask=02)
BstSharedFolder on /mnt/windows/BstSharedFolder type vboxsf (rw,nosuid,nodev,relatime,iocharset=utf8,uid=1000,gid=1015,dmode=0777,fmode=0777)
0: D [2025-04-14 01:58:09.486] Created dummy file: C:\ProgramData\BlueStacks_nxt\Engine\UserData\SharedFolder\10B430B30E9854169CE5810F3AD6E26B834D16A7
0: D [2025-04-14 01:58:09.487] Func LaunchConsole: C:\Program Files\BlueStacks_nxt\HD-Adb.exe -s 127.0.0.1:5605 shell /data/anr/../../system/xbin/bstk/su root ls '/mnt/windows/BstSharedFolder/10B430B30E9854169CE5810F3AD6E26B834D16A7'
0: D [2025-04-14 01:58:09.690] Func LaunchConsole Output: /mnt/windows/BstSharedFolder/10B430B30E9854169CE5810F3AD6E26B834D16A7
0: D [2025-04-14 01:58:09.690] Using /mnt/windows/BstSharedFolder/ for Android shared folder
0: D [2025-04-14 01:58:09.691] C:\ProgramData\BlueStacks_nxt\Engine\UserData\SharedFolder\ exists
0: D [2025-04-14 01:58:09.692] Func LaunchConsole: C:\Program Files\BlueStacks_nxt\HD-Adb.exe connect 127.0.0.1:5605
0: D [2025-04-14 01:58:09.882] Func LaunchConsole Output: already connected to 127.0.0.1:5605
0: D [2025-04-14 01:58:09.882] Func LaunchConsole: C:\Program Files\BlueStacks_nxt\HD-Adb.exe -s 127.0.0.1:5605 shell /data/anr/../../system/xbin/bstk/su root echo $USER:$USER_ID
0: D [2025-04-14 01:58:10.083] Func LaunchConsole Output: shell:2000
0: D [2025-04-14 01:58:10.084] Run pipe ADB shell: "C:\Program Files\BlueStacks_nxt\HD-Adb.exe" -s 127.0.0.1:5605 shell -t -t /data/anr/../../system/xbin/bstk/su root
0: D [2025-04-14 01:58:11.342] Initialize shell prompt with 'mybot.run:'
0: D [2025-04-14 01:58:15.598] Initialize shell prompt with 'mybot.run:'
0: D [2025-04-14 01:58:16.095] ADB shell launched, PID = 365736: Android Steady Shell PID=1832

OP516FL1:/ # 
0: D [2025-04-14 01:58:16.106] Android Version API = 28
0: D [2025-04-14 01:58:16.106] Android Version 9.0
0: D [2025-04-14 01:58:16.107] Func LaunchConsole: C:\Program Files\BlueStacks_nxt\HD-Adb.exe connect 127.0.0.1:5605
0: D [2025-04-14 01:58:16.310] Func LaunchConsole Output: already connected to 127.0.0.1:5605
0: D [2025-04-14 01:58:16.310] Func LaunchConsole: C:\Program Files\BlueStacks_nxt\HD-Adb.exe -s 127.0.0.1:5605 shell /data/anr/../../system/xbin/bstk/su root echo $USER:$USER_ID
0: D [2025-04-14 01:58:16.541] Func LaunchConsole Output: shell:2000
0: D [2025-04-14 01:58:17.117] 1 running bot instances detected
0: D [2025-04-14 01:58:17.225] BlueStacks5 getevent -p: add device 1: /dev/input/event6

  name:     "Android Power Button"

  events:

    KEY (0001): 0074  008f 

  input props:

    <none>

could not get driver version for /dev/input/mice, Not a typewriter

add device 2: /dev/input/event1

  name:     "Sleep Button"

  events:

    KEY (0001): 008e 

  input props:

    <none>

add device 3: /dev/input/event4

  name:     "BlueStacks Virtual Touch"

  events:

    ABS (0003): 0035  : value 0, min 0, max 32767, fuzz 0, flat 0, resolution 0

                0036  : value 0, min 0, max 32767, fuzz 0, flat 0, resolution 0

  input props:

    <none>

add device 4: /dev/input/event0

  name:     "Power Button"

  events:

    KEY (0001): 0074 

  input props:

    <none>

add device 5: /dev/input/event5

  name:     "VirtualBox mouse integration"

  events:

    KEY (0001): 0110  0111  0112  0113  0114 

    REL (0002): 0006  0008 

    ABS (0003): 0000  : value 0, min 0, max 65535, fuzz 0, flat 0, resolution 0

                0001  : value 0, min 0, max 65535, fuzz 0, flat 0, resolution 0

  input props:

    <none>

could not get driver version for /dev/input/mouse0, Not a typewriter

add device 6: /dev/input/event2

  name:     "AT Translated Set 2 keyboard"

  events:

    KEY (0001): 0001  0002  0003  0004  0005  0006  0007  0008 

                0009  000a  000b  000c  000d  000e  000f  0010 

                0011  0012  0013  0014  0015  0016  0017  0018 

                0019  001a  001b  001c  001d  001e  001f  0020 

                0021  0022  0023  0024  0025  0026  0027  0028 

                0029  002a  002b  002c  002d  002e  002f  0030 

                0031  0032  0033  0034  0035  0036  0037  0038 

                0039  003a  003b  003c  003d  003e  003f  0040 

                0041  0042  0043  0044  0045  0046  0047  0048 

                0049  004a  004b  004c  004d  004e  004f  0050 

                0051  0052  0053  0055  0056  0057  0058  0059 

                005a  005b  005c  005d  005e  005f  0060  0061 

                0062  0063  0064  0066  0067  0068  0069  006a 

                006b  006c  006d  006e  006f  0070  0071  0072 

                0073  0074  0075  0076  0077  0079  007a  007b 

                007c  007d  007e  007f  0080  008c  008e  008f 

                009b  009c  009d  009e  009f  00a3  00a4  00a5 

                00a6  00ac  00ad  00b7  00b8  00b9  00d9  00e2 

    MSC (0004): 0004 

    LED (0011): 0000  0001  0002 

  input props:

    <none>

add device 7: /dev/input/event3

  name:     "AT Translated Set 2 keyboard"

  events:

    KEY (0001): 0001  0002  0003  0004  0005  0006  0007  0008 

                0009  000a  000b  000c  000d  000e  000f  0010 

                0011  0012  0013  0014  0015  0016  0017  0018 

                0019  001a  001b  001c  001d  001e  001f  0020 

                0021  0022  0023  0024  0025  0026  0027  0028 

                0029  002a  002b  002c  002d  002e  002f  0030 

                0031  0032  0033  0034  0035  0036  0037  0038 

                0039  003a  003b  003c  003d  003e  003f  0040 

                0041  0042  0043  0044  0045  0046  0047  0048 

                0049  004a  004b  004c  004d  004e  004f  0050 

                0051  0052  0053  0055  0056  0057  0058  0059 

                005a  005b  005c  005d  005e  005f  0060  0061 

                0062  0063  0064  0066  0067  0068  0069  006a 

                006b  006c  006d  006e  006f  0070  0071  0072 

                0073  0074  0075  0076  0077  0079  007a  007b 

                007c  007d  007e  007f  0080  008c  008e  008f 

                009b  009c  009d  009e  009f  00a3  00a4  00a5 

                00a6  00ac  00ad  00b7  00b8  00b9  00d9  00e2 

    MSC (0004): 0004 

  input props:

    <none>
0: D [2025-04-14 01:58:17.226] Using /dev/input/event4 for mouse events
0: D [2025-04-14 01:58:17.226] Func LaunchConsole: C:\Program Files\BlueStacks_nxt\HD-Adb.exe connect 127.0.0.1:5605
0: D [2025-04-14 01:58:17.455] Func LaunchConsole Output: already connected to 127.0.0.1:5605
0: D [2025-04-14 01:58:17.455] Func LaunchConsole: C:\Program Files\BlueStacks_nxt\HD-Adb.exe -s 127.0.0.1:5605 shell /data/anr/../../system/xbin/bstk/su root echo $USER:$USER_ID
0: D [2025-04-14 01:58:17.664] Func LaunchConsole Output: shell:2000
0: D [2025-04-14 01:58:17.665] Run pipe ADB shell for minituch: "C:\Program Files\BlueStacks_nxt\HD-Adb.exe" -s 127.0.0.1:5605 shell -t -t /data/anr/../../system/xbin/bstk/su root /mnt/windows/BstSharedFolder/minitouch -d /dev/input/event4 -i
0: D [2025-04-14 01:58:18.206] Bot title updated to: My Bot v8.1.9 (Pie64_5)
0: D [2025-04-14 01:58:18.207] UpdateSplashTitle: My Bot v8.1.9 (Pie64_5), Profile: 2ndVill
0: D [2025-04-14 01:58:18.211] Aquire Mutex for Profile: 2ndVill
0: D [2025-04-14 01:58:18.211] My Bot is not the only running instance
0: D [2025-04-14 01:58:18.212] SplashStep 3 of 10: Loading Main GUI...(16.61 sec)
0: D [2025-04-14 01:58:18.237] SplashStep 4 of 10: Loading GUI Bottom...(16.64 sec)
0: D [2025-04-14 01:58:18.271] AndroidToFront: Source chkBackground
0: D [2025-04-14 01:58:18.449] SplashStep 5 of 10: Loading Log tab...(16.84 sec)
0: D [2025-04-14 01:58:19.015] SplashStep 6 of 10: Loading Village tab...(17.42 sec)
0: D [2025-04-14 01:58:32.733] SplashStep 7 of 10: Loading Attack tab...(31.14 sec)
0: D [2025-04-14 01:58:56.313] SplashStep 8 of 10: Loading Bot tab...(54.72 sec)
0: D [2025-04-14 01:58:56.833] Profiles found: 2ndVill|Main|MyVillage
0: D [2025-04-14 01:58:59.974] SplashStep 9 of 10: Loading About Us tab...(58.38 sec)
0: D [2025-04-14 01:59:00.009] SplashStep 10 of 10: Initializing GUI...(58.41 sec)
0: D [2025-04-14 01:59:00.161] Redraw MyBot ControlIds (forced): 0x00090D72, 0x00090BD8
0: D [2025-04-14 01:59:00.162] Control ID 0x00090D72 handle: 0x00090D72 parent: 0x00090BFA $g_hFrmBot: 0x00164B84 $g_hFrmBotEx: 0x000A1932 Pos: 10, 115, 452, 298
0: D [2025-04-14 01:59:00.163] Control ID 0x00090D72 RedrawWindow Pos: 10, 115, 462, 413
0: D [2025-04-14 01:59:00.163] Control ID 0x00090BD8 handle: 0x00090BD8 parent: 0x00090BFA $g_hFrmBot: 0x00164B84 $g_hFrmBotEx: 0x000A1932 Pos: 10, 417, 452, 106
0: D [2025-04-14 01:59:00.163] Control ID 0x00090BD8 RedrawWindow Pos: 10, 417, 462, 523
0: D [2025-04-14 01:59:00.164] $g_hFrmBot=0x00164B84
0: D [2025-04-14 01:59:00.164] $g_hFrmBotEx=0x000A1932
0: D [2025-04-14 01:59:00.164] $g_hFrmBotBottom=0x001540BE
0: D [2025-04-14 01:59:00.165] $g_hFrmBotEmbeddedShield=0
0: D [2025-04-14 01:59:00.165] $g_hFrmBotEmbeddedShieldInput=10
0: D [2025-04-14 01:59:00.165] $g_hFrmBotEmbeddedGraphics=0
0: D [2025-04-14 01:59:00.167] Created attack log file: Z:\Games\coc\MyBot-MBR_v8.1.9r4\Profiles\2ndVill\Logs\AttackLog-2025-04.log
0: D [2025-04-14 01:59:00.169] readConfig(), call number 2
0: D [2025-04-14 01:59:00.194] Read Building Config Z:\Games\coc\MyBot-MBR_v8.1.9r4\Profiles\2ndVill\building.ini
0: D [2025-04-14 01:59:00.205] Read Config Z:\Games\coc\MyBot-MBR_v8.1.9r4\Profiles\2ndVill\config.ini
0: D [2025-04-14 01:59:00.340] Read Clan Games Config Z:\Games\coc\MyBot-MBR_v8.1.9r4\Profiles\2ndVill\clangames.ini
0: D [2025-04-14 01:59:00.343] applyConfig(), call number 1
0: D [2025-04-14 01:59:00.343] Threading: Using 0 threads for parallelism
0: D [2025-04-14 01:59:00.343] Threading: Using 0 threads shared across all bot instances
0: D [2025-04-14 01:59:00.344] HideAndroidWindow: False, False, True, applyConfig
0: D [2025-04-14 01:59:00.344] AndroidToFront: Source applyConfig->HideAndroidWindow
0: D [2025-04-14 01:59:00.346] Disable MyBot Window Redraw: applyConfig
0: D [2025-04-14 01:59:00.348] Bot title updated to: My Bot v8.1.9 (Pie64_5)
0: D [2025-04-14 01:59:05.381] Redraw MyBot Window: applyConfig
0: D [2025-04-14 01:59:05.399] $g_sProfilePath = Z:\Games\coc\MyBot-MBR_v8.1.9r4\Profiles
0: D [2025-04-14 01:59:05.399] $g_sProfileCurrentName = 2ndVill
0: D [2025-04-14 01:59:05.399] $g_sProfileLogsPath = Z:\Games\coc\MyBot-MBR_v8.1.9r4\Profiles\2ndVill\Logs\
2: D [2025-04-14 01:59:05.422] Restore bot window to -495, -63, caller: GUIControl_WM_NCACTIVATE
2: D [2025-04-14 01:59:05.427] HideAndroidWindow: False, False, True, BotMinimizeRestore
2: D [2025-04-14 01:59:05.428] AndroidToFront: Source BotMinimizeRestore->HideAndroidWindow
2: D [2025-04-14 01:59:05.529] MyBot.run.dll opened.
2: D [2025-04-14 01:59:05.530] Threading: Using 0 threads shared across all bot instances
2: D [2025-04-14 01:59:05.607] Threading: Using 0 threads for parallelism
2: D [2025-04-14 01:59:05.608] setAndroidPID: $pid=24928
2: D [2025-04-14 01:59:05.798] Android PID=24928 initialized: BlueStacks5-Pie64_5, HD-Player
2: D [2025-04-14 01:59:05.799] debugMBRFunctions: $iDebugSearchArea=0, $iDebugRedArea=0, $giDebugOcr=0
2: D [2025-04-14 01:59:06.302] SetBotGuiPID: $pid=362316
2: D [2025-04-14 01:59:06.423] Bot GUI PID=362316 initialized: 362316
2: L [2025-04-14 01:59:06.424] Android Emulator Configuration: BlueStacks5 (instance Pie64_5)
2: D [2025-04-14 01:59:06.998] Last GitHub version is 8.1.9
2: D [2025-04-14 01:59:06.998] Your version is 8.1.9
2: L [2025-04-14 01:59:06.998] WELCOME CHIEF, YOU HAVE THE LATEST MYBOT VERSION
2: D [2025-04-14 01:59:07.012] Maximum of 2 bots running at same time configured
2: D [2025-04-14 01:59:07.012] MyBot.run launch time 65125 ms.
2: D [2025-04-14 01:59:07.020] Nox version not found
2: L [2025-04-14 01:59:07.022] Emulator Found In Your Machine :
2: L [2025-04-14 01:59:07.022]   - BlueStacks5 version: 5.21.580.1017
2: D [2025-04-14 01:59:07.067] Notify | NotifyGetLastMessageFromTelegram()
2: D [2025-04-14 01:59:10.781] Restore bot window to -495, -63, caller: GUIControl_WM_NCACTIVATE
2: D [2025-04-14 01:59:10.784] HideAndroidWindow: False, False, True, BotMinimizeRestore
2: D [2025-04-14 01:59:10.784] AndroidToFront: Source BotMinimizeRestore->HideAndroidWindow
2: D [2025-04-14 01:59:16.253] Created attack log file: Z:\Games\coc\MyBot-MBR_v8.1.9r4\Profiles\2ndVill\Logs\AttackLog-2025-04.log
2: L [2025-04-14 01:59:16.253] ====================== BOT LOG ======================
2: D [2025-04-14 01:59:16.288] saveConfig(), call number 1
2: D [2025-04-14 01:59:16.302] Save Building Config Z:\Games\coc\MyBot-MBR_v8.1.9r4\Profiles\2ndVill\building.ini
2: D [2025-04-14 01:59:16.315] Save Config Z:\Games\coc\MyBot-MBR_v8.1.9r4\Profiles\2ndVill\config.ini
2: D [2025-04-14 01:59:16.317] GlRenderMode = gl
2: D [2025-04-14 01:59:16.317] BlueStacks5 (Pie64_5) is using OpenGL, disable WinAPI for Background Mode
2: D [2025-04-14 01:59:16.318] Enable ADB screencap for Background Mode
2: D [2025-04-14 01:59:16.417] Save Clan Games Config Z:\Games\coc\MyBot-MBR_v8.1.9r4\Profiles\2ndVill\clangames.ini
2: D [2025-04-14 01:59:16.421] SaveConfig(), time = 0.14 sec
2: D [2025-04-14 01:59:16.421] readConfig(), call number 3
2: D [2025-04-14 01:59:16.442] Read Building Config Z:\Games\coc\MyBot-MBR_v8.1.9r4\Profiles\2ndVill\building.ini
2: D [2025-04-14 01:59:16.452] Read Config Z:\Games\coc\MyBot-MBR_v8.1.9r4\Profiles\2ndVill\config.ini
2: D [2025-04-14 01:59:16.569] Read Clan Games Config Z:\Games\coc\MyBot-MBR_v8.1.9r4\Profiles\2ndVill\clangames.ini
2: D [2025-04-14 01:59:16.572] applyConfig(), call number 2
2: D [2025-04-14 01:59:16.572] Threading: Using 0 threads for parallelism
2: D [2025-04-14 01:59:16.573] Threading: Using 0 threads shared across all bot instances
2: D [2025-04-14 01:59:16.573] HideAndroidWindow: False, False, True, applyConfig
2: D [2025-04-14 01:59:16.574] AndroidToFront: Source applyConfig->HideAndroidWindow
2: D [2025-04-14 01:59:16.576] Disable MyBot Window Redraw: applyConfig
2: D [2025-04-14 01:59:16.578] Bot title updated to: My Bot v8.1.9 (Pie64_5)
2: D [2025-04-14 01:59:18.403] New Bot Host Window Handle registered: 0x001E35AA
2: D [2025-04-14 01:59:22.199] HideAndroidWindow: False, False, True, GUIControl_WM_ACTIVATEAPP->ShowAndroidWindow
2: D [2025-04-14 01:59:22.199] AndroidToFront: Source GUIControl_WM_ACTIVATEAPP->ShowAndroidWindow->HideAndroidWindow
2: D [2025-04-14 01:59:22.203] HideAndroidWindow: False, False, True, GUIControl_WM_ACTIVATEAPP->ShowAndroidWindow
2: D [2025-04-14 01:59:22.203] AndroidToFront: Source GUIControl_WM_ACTIVATEAPP->ShowAndroidWindow->HideAndroidWindow
2: D [2025-04-14 01:59:22.204] HideAndroidWindow: False, False, True, GUIControl_WM_ACTIVATEAPP->ShowAndroidWindow
2: D [2025-04-14 01:59:22.204] AndroidToFront: Source GUIControl_WM_ACTIVATEAPP->ShowAndroidWindow->HideAndroidWindow
2: D [2025-04-14 01:59:22.205] HideAndroidWindow: False, False, True, GUIControl_WM_ACTIVATEAPP->ShowAndroidWindow
2: D [2025-04-14 01:59:22.205] AndroidToFront: Source GUIControl_WM_ACTIVATEAPP->ShowAndroidWindow->HideAndroidWindow
2: D [2025-04-14 01:59:22.206] HideAndroidWindow: False, False, True, GUIControl_WM_ACTIVATEAPP->ShowAndroidWindow
2: D [2025-04-14 01:59:22.206] AndroidToFront: Source GUIControl_WM_ACTIVATEAPP->ShowAndroidWindow->HideAndroidWindow
2: D [2025-04-14 01:59:22.207] HideAndroidWindow: False, False, True, GUIControl_WM_ACTIVATEAPP->ShowAndroidWindow
2: D [2025-04-14 01:59:22.207] AndroidToFront: Source GUIControl_WM_ACTIVATEAPP->ShowAndroidWindow->HideAndroidWindow
2: D [2025-04-14 01:59:22.348] Disable GUI Controls
2: D [2025-04-14 01:59:23.558] Redraw MyBot Window: BotStart
2: D [2025-04-14 01:59:23.573] Aquired mutex ticket: ActiveBot.1, 0x00000A7C
2: D [2025-04-14 01:59:23.574] Android Window Handle: 0x00022726
2: D [2025-04-14 01:59:23.574] InitiateLayout: BlueStacks5-Pie64_5 Android-ClientSize: 860 x 732
2: D [2025-04-14 01:59:23.574] CheckScreenAndroid: Window size 862 x 766 <> 860 x 732
2: D [2025-04-14 01:59:23.578] bst.instance.Pie64_5.display_name="BlueStacks5-Pie64_5"
2: D [2025-04-14 01:59:23.578] bst.instance.Pie64_5.dpi="160"
2: D [2025-04-14 01:59:23.578] bst.instance.Pie64_5.fb_height="732"
2: D [2025-04-14 01:59:23.579] bst.instance.Pie64_5.fb_width="860"
2: D [2025-04-14 01:59:23.579] bst.instance.Pie64_5.gl_win_height="732"
2: D [2025-04-14 01:59:23.592] BlueStacks5 font_scale = 1
2: D [2025-04-14 01:59:23.966] Restore bot window to -495, -63, caller: GUIControl_WM_SHELLHOOK
2: L [2025-04-14 01:59:24.245] ~~~ My Bot v8.1.9 (Pie64_5) Powered by MyBot.run ~~~~
2: D [2025-04-14 01:59:24.257] Free disk space is 1034885.0703125 MB
2: L [2025-04-14 01:59:24.258] mybot.run.au3 Script running on WIN_10  X64
2: D [2025-04-14 01:59:24.297] Clash of Clans Game App = versionName=17.126.20
2: L [2025-04-14 01:59:24.297] >>  CoC Game App Version = 17.126.20
2: L [2025-04-14 01:59:24.298] ===================== Bot Start =====================
2: L [2025-04-14 01:59:24.298] -------------  Current Profile: 2ndVill -------------
2: L [2025-04-14 01:59:24.299] BlueStacks5 (Pie64_5) will be automatically rebooted in 1d 0h 0m
2: D [2025-04-14 01:59:24.311] Closed BlueStacks5 System Bar: False
2: L [2025-04-14 01:59:24.312] Trying to locate Main Screen
2: D [2025-04-14 01:59:25.674] Checking chat tab pixel exists to ensure images have loaded correctly
2: D [2025-04-14 01:59:26.272] ChatTabPixel found
2: D [2025-04-14 01:59:26.445] Main Village detected
2: D [2025-04-14 01:59:26.576] GVZ using : \imgxml\village\NormalVillage\
2: D [2025-04-14 01:59:26.905] Sceneries Search find : villageDS-350-656
2: D [2025-04-14 01:59:26.906] Coords : 385, 649
2: D [2025-04-14 01:59:26.906] Ref Coord : 350, 656
2: D [2025-04-14 01:59:26.906] Village Scenery Found: DS
2: D [2025-04-14 01:59:26.907] Scenery search (in 0.33 seconds)
2: D [2025-04-14 01:59:26.907] Scenery routines completed (in 0 seconds)
2: D [2025-04-14 01:59:26.907] Loading Stone Scenery: DS
2: D [2025-04-14 01:59:26.907] GetVillageSize check for image stoneDS-99-487-69,879896966152_0_92.xml
2: D [2025-04-14 01:59:26.982] Found stone image at 130, 477: stoneDS-99-487-69,879896966152_0_92.xml
2: D [2025-04-14 01:59:26.982] Found Stone scenery : DS
2: D [2025-04-14 01:59:26.983] Stone search (in 0.08 seconds)
2: D [2025-04-14 01:59:26.983] GetVillageSize check for image treeDA-567-49-83,202036842375_0_92.xml
2: D [2025-04-14 01:59:27.048] GetVillageSize check for image treeDAS-648-117-97,8018707308159_0_92.xml
2: D [2025-04-14 01:59:27.126] GetVillageSize check for image treeDO-787-188-107,057974948156_0_92.xml
2: D [2025-04-14 01:59:27.187] GetVillageSize check for image treeDP-704-158-86,744279350283_0_92.xml
2: D [2025-04-14 01:59:27.219] GetVillageSize check for image treeDSS-646-116-91,454086841431_0_92.xml
2: D [2025-04-14 01:59:27.299] GetVillageSize cannot find tree
2: D [2025-04-14 01:59:27.299] Tree search (in 0.31 seconds)
2: D [2025-04-14 01:59:27.299] Found Stone! Offset : 31, -10
2: D [2025-04-14 01:59:27.300] GetVillageSize calculations (in 0 seconds)
2: D [2025-04-14 01:59:27.369] Main Village detected
2: D [2025-04-14 01:59:27.369] Testing Coords : 130,477
2: D [2025-04-14 01:59:27.556] Main 1 Pixel Color #1: AEDCF4, #2: 7ABDE3, #3: F4F4EC
2: D [2025-04-14 01:59:27.566] Main 2 Pixel Color #1: AEDCF4, #2: 7ABDE3, #3: F4F4EC
2: D [2025-04-14 01:59:27.573] Main 3 Pixel Color #1: AEDCF4, #2: 7ABDE3, #3: F4F4EC
2: D [2025-04-14 01:59:28.770] Restore bot window to -495, -63, caller: GUIControl_WM_NCACTIVATE
2: D [2025-04-14 01:59:28.774] HideAndroidWindow: False, False, True, BotMinimizeRestore
2: D [2025-04-14 01:59:28.774] AndroidToFront: Source BotMinimizeRestore->HideAndroidWindow
2: L [2025-04-14 01:59:30.459] Zooming Out
2: D [2025-04-14 01:59:31.958] Running minitouch script Normal1
2: D [2025-04-14 01:59:32.558] Main Village detected
2: D [2025-04-14 01:59:32.682] GVZ using : \imgxml\village\NormalVillage\
2: D [2025-04-14 01:59:33.003] Sceneries Search find : villageDS-350-656
2: D [2025-04-14 01:59:33.003] Coords : 359, 656
2: D [2025-04-14 01:59:33.003] Ref Coord : 350, 656
2: D [2025-04-14 01:59:33.003] Village Scenery Found: DS
2: D [2025-04-14 01:59:33.004] Scenery search (in 0.33 seconds)
2: D [2025-04-14 01:59:33.004] Scenery routines completed (in 0 seconds)
2: D [2025-04-14 01:59:33.004] Loading Stone Scenery: DS
2: D [2025-04-14 01:59:33.004] GetVillageSize check for image stoneDS-99-487-69,879896966152_0_92.xml
2: D [2025-04-14 01:59:33.084] Found stone image at 108, 486: stoneDS-99-487-69,879896966152_0_92.xml
2: D [2025-04-14 01:59:33.084] Found Stone scenery : DS
2: D [2025-04-14 01:59:33.084] Stone search (in 0.08 seconds)
2: D [2025-04-14 01:59:33.085] GetVillageSize check for image treeDA-567-49-83,202036842375_0_92.xml
2: D [2025-04-14 01:59:33.138] GetVillageSize check for image treeDAS-648-117-97,8018707308159_0_92.xml
2: D [2025-04-14 01:59:33.217] GetVillageSize check for image treeDO-787-188-107,057974948156_0_92.xml
2: D [2025-04-14 01:59:33.273] GetVillageSize check for image treeDP-704-158-86,744279350283_0_92.xml
2: D [2025-04-14 01:59:33.306] GetVillageSize check for image treeDSS-646-116-91,454086841431_0_92.xml
2: D [2025-04-14 01:59:33.378] Found tree image at 656, 114: treeDSS-646-116-91,454086841431_0_92.xml
2: D [2025-04-14 01:59:33.378] Tree search (in 0.3 seconds)
2: D [2025-04-14 01:59:33.379] Found Stone and Tree!
2: D [2025-04-14 01:59:33.379] Village Size : 501.00127872945
2: D [2025-04-14 01:59:33.379] Zoom Factor : 1.00278009809502
2: D [2025-04-14 01:59:33.379] Offset : 10, -1
2: D [2025-04-14 01:59:33.379] GetVillageSize calculations (in 0 seconds)
2: D [2025-04-14 01:59:33.443] Main Village detected
2: D [2025-04-14 01:59:33.444] Testing Coords : 108,486
2: D [2025-04-14 01:59:33.734] 2 running bot instances detected
2: D [2025-04-14 01:59:33.774] Main Village detected
2: D [2025-04-14 01:59:33.782] Main 1 Pixel Color #1: AEDCF4, #2: 7ABDE3, #3: F4F4EC
2: D [2025-04-14 01:59:33.791] Main 2 Pixel Color #1: AEDCF4, #2: 7ABDE3, #3: F4F4EC
2: D [2025-04-14 01:59:33.799] Main 3 Pixel Color #1: AEDCF4, #2: 7ABDE3, #3: F4F4EC
2: D [2025-04-14 01:59:35.763] Main Village detected
2: D [2025-04-14 01:59:35.902] GVZ using : \imgxml\village\NormalVillage\
2: D [2025-04-14 01:59:36.222] Sceneries Search find : villageDS-350-656
2: D [2025-04-14 01:59:36.222] Coords : 357, 657
2: D [2025-04-14 01:59:36.222] Ref Coord : 350, 656
2: D [2025-04-14 01:59:36.222] Village Scenery Found: DS
2: D [2025-04-14 01:59:36.223] Scenery search (in 0.33 seconds)
2: D [2025-04-14 01:59:36.223] Scenery routines completed (in 0 seconds)
2: D [2025-04-14 01:59:36.223] Loading Stone Scenery: DS
2: D [2025-04-14 01:59:36.223] GetVillageSize check for image stoneDS-99-487-69,879896966152_0_92.xml
2: D [2025-04-14 01:59:36.302] Found stone image at 105, 488: stoneDS-99-487-69,879896966152_0_92.xml
2: D [2025-04-14 01:59:36.302] Found Stone scenery : DS
2: D [2025-04-14 01:59:36.303] Stone search (in 0.08 seconds)
2: D [2025-04-14 01:59:36.303] GetVillageSize check for image treeDA-567-49-83,202036842375_0_92.xml
2: D [2025-04-14 01:59:36.357] GetVillageSize check for image treeDAS-648-117-97,8018707308159_0_92.xml
2: D [2025-04-14 01:59:36.440] GetVillageSize check for image treeDO-787-188-107,057974948156_0_92.xml
2: D [2025-04-14 01:59:36.497] GetVillageSize check for image treeDP-704-158-86,744279350283_0_92.xml
2: D [2025-04-14 01:59:36.528] GetVillageSize check for image treeDSS-646-116-91,454086841431_0_92.xml
2: D [2025-04-14 01:59:36.599] Found tree image at 653, 116: treeDSS-646-116-91,454086841431_0_92.xml
2: D [2025-04-14 01:59:36.599] Tree search (in 0.3 seconds)
2: D [2025-04-14 01:59:36.600] Found Stone and Tree!
2: D [2025-04-14 01:59:36.600] Village Size : 501.00127872945
2: D [2025-04-14 01:59:36.600] Zoom Factor : 1.00278009809502
2: D [2025-04-14 01:59:36.600] Offset : 7, 1
2: D [2025-04-14 01:59:36.601] GetVillageSize calculations (in 0 seconds)
2: D [2025-04-14 01:59:36.742] Main Village detected
2: D [2025-04-14 01:59:36.743] ZoomOut Completed(in 94331.35 seconds)
2: L [2025-04-14 01:59:36.744] Main Screen located
2: D [2025-04-14 01:59:36.748] Notify | NotifyPendingActions()
2: D [2025-04-14 01:59:36.900] Main Village detected
2: D [2025-04-14 01:59:37.030] GVZ using : \imgxml\village\NormalVillage\
2: D [2025-04-14 01:59:37.362] Sceneries Search find : villageDS-350-656
2: D [2025-04-14 01:59:37.362] Coords : 357, 657
2: D [2025-04-14 01:59:37.363] Ref Coord : 350, 656
2: D [2025-04-14 01:59:37.363] Village Scenery Found: DS
2: D [2025-04-14 01:59:37.364] Scenery search (in 0.33 seconds)
2: D [2025-04-14 01:59:37.364] Scenery routines completed (in 0 seconds)
2: D [2025-04-14 01:59:37.364] Loading Stone Scenery: DS
2: D [2025-04-14 01:59:37.365] GetVillageSize check for image stoneDS-99-487-69,879896966152_0_92.xml
2: D [2025-04-14 01:59:37.443] Found stone image at 105, 488: stoneDS-99-487-69,879896966152_0_92.xml
2: D [2025-04-14 01:59:37.443] Found Stone scenery : DS
2: D [2025-04-14 01:59:37.444] Stone search (in 0.08 seconds)
2: D [2025-04-14 01:59:37.445] GetVillageSize check for image treeDA-567-49-83,202036842375_0_92.xml
2: D [2025-04-14 01:59:37.503] GetVillageSize check for image treeDAS-648-117-97,8018707308159_0_92.xml
2: D [2025-04-14 01:59:37.581] GetVillageSize check for image treeDO-787-188-107,057974948156_0_92.xml
2: D [2025-04-14 01:59:37.637] GetVillageSize check for image treeDP-704-158-86,744279350283_0_92.xml
2: D [2025-04-14 01:59:37.669] GetVillageSize check for image treeDSS-646-116-91,454086841431_0_92.xml
2: D [2025-04-14 01:59:37.747] Found tree image at 653, 116: treeDSS-646-116-91,454086841431_0_92.xml
2: D [2025-04-14 01:59:37.748] Tree search (in 0.31 seconds)
2: D [2025-04-14 01:59:37.748] Found Stone and Tree!
2: D [2025-04-14 01:59:37.748] Village Size : 501.00127872945
2: D [2025-04-14 01:59:37.748] Zoom Factor : 1.00278009809502
2: D [2025-04-14 01:59:37.749] Offset : 7, 1
2: D [2025-04-14 01:59:37.749] GetVillageSize calculations (in 0 seconds)
2: D [2025-04-14 01:59:37.911] Main Village detected
2: D [2025-04-14 01:59:37.912] ZoomOut Completed(in 94332.52 seconds)
2: D [2025-04-14 01:59:37.920] Main 1 Pixel Color #1: AEDCF4, #2: 7ABDE3, #3: F4F4EC
2: D [2025-04-14 01:59:37.928] Main 2 Pixel Color #1: AEDCF4, #2: 7ABDE3, #3: F4F4EC
2: D [2025-04-14 01:59:37.935] Main 3 Pixel Color #1: AEDCF4, #2: 7ABDE3, #3: F4F4EC
2: L [2025-04-14 01:59:39.214] Detecting your Buildings
2: D [2025-04-14 01:59:39.351] Main Village detected
2: D [2025-04-14 01:59:41.675] Select TH Level:7
2: L [2025-04-14 01:59:41.779] Language setting is English: Correct.
2: D [2025-04-14 01:59:41.780] -- FirstCheck Loop --
2: D [2025-04-14 01:59:41.780] Detecting Town Hall level
2: D [2025-04-14 01:59:41.781] Town Hall level is currently saved as 7
2: D [2025-04-14 01:59:41.782] imgloc TH search Start
2: D [2025-04-14 01:59:41.782] $xdirectory = Z:\Games\coc\MyBot-MBR_v8.1.9r4\imgxml\Buildings\Townhall
2: D [2025-04-14 01:59:42.331] Waiting for DLL async function SearchMultipleTilesBetweenLevels ...
2: D [2025-04-14 01:59:42.876] imgloc THSearch Notfound, Retry:  0
2: D [2025-04-14 01:59:42.876] $xdirectory = Z:\Games\coc\MyBot-MBR_v8.1.9r4\imgxml\Buildings\Townhall2
2: D [2025-04-14 01:59:43.531] Waiting for DLL async function SearchMultipleTilesBetweenLevels ...
2: D [2025-04-14 01:59:43.640] imgloc THSearch Notfound, Retry:  1
2: D [2025-04-14 01:59:43.640] Detected Town Hall level is 7
2: D [2025-04-14 01:59:43.640] Town Hall level has not changed
2: D [2025-04-14 01:59:43.788] Main Village detected
2: L [2025-04-14 01:59:43.789] Checking key buildings...
2: D [2025-04-14 01:59:43.854] Main Village detected
2: L [2025-04-14 01:59:43.855] Town Hall found at position: 361,301
2: D [2025-04-14 01:59:43.917] Main Village detected
2: L [2025-04-14 01:59:43.918] Clan Castle found at position: 417,271
2: D [2025-04-14 01:59:43.980] Main Village detected
2: L [2025-04-14 01:59:43.980] Laboratory found at position: 752,347
2: D [2025-04-14 01:59:44.120] Main Village detected
2: L [2025-04-14 01:59:44.121] Hero Hall found at position: 533,272
2: L [2025-04-14 01:59:44.121] Pet House not checked (TH7 < TH14)
2: D [2025-04-14 01:59:44.129] Main 1 Pixel Color #1: AEDCF4, #2: 7ABDE3, #3: F4F4EC
2: D [2025-04-14 01:59:44.138] Main 2 Pixel Color #1: AEDCF4, #2: 7ABDE3, #3: F4F4EC
2: D [2025-04-14 01:59:44.147] Main 3 Pixel Color #1: AEDCF4, #2: 7ABDE3, #3: F4F4EC
2: L [2025-04-14 01:59:44.926] Village Report
2: L [2025-04-14 01:59:45.035]  [T]: 870
2: L [2025-04-14 01:59:45.064]  [G]: 1 503 086 [E]: 3 932 149 [D]: 14 262 [GEM]: 178
2: D [2025-04-14 01:59:45.118] Checking chat tab pixel exists to ensure images have loaded correctly
2: D [2025-04-14 01:59:45.703] ChatTabPixel found
2: D [2025-04-14 01:59:45.854] Main Village detected
2: D [2025-04-14 01:59:45.979] GVZ using : \imgxml\village\NormalVillage\
2: D [2025-04-14 01:59:46.296] Sceneries Search find : villageDS-350-656
2: D [2025-04-14 01:59:46.296] Coords : 357, 657
2: D [2025-04-14 01:59:46.297] Ref Coord : 350, 656
2: D [2025-04-14 01:59:46.297] Village Scenery Found: DS
2: D [2025-04-14 01:59:46.297] Scenery search (in 0.33 seconds)
2: D [2025-04-14 01:59:46.298] Scenery routines completed (in 0 seconds)
2: D [2025-04-14 01:59:46.298] Loading Stone Scenery: DS
2: D [2025-04-14 01:59:46.298] GetVillageSize check for image stoneDS-99-487-69,879896966152_0_92.xml
2: D [2025-04-14 01:59:46.374] Found stone image at 105, 488: stoneDS-99-487-69,879896966152_0_92.xml
2: D [2025-04-14 01:59:46.374] Found Stone scenery : DS
2: D [2025-04-14 01:59:46.374] Stone search (in 0.08 seconds)
2: D [2025-04-14 01:59:46.375] GetVillageSize check for image treeDA-567-49-83,202036842375_0_92.xml
2: D [2025-04-14 01:59:46.428] GetVillageSize check for image treeDAS-648-117-97,8018707308159_0_92.xml
2: D [2025-04-14 01:59:46.510] GetVillageSize check for image treeDO-787-188-107,057974948156_0_92.xml
2: D [2025-04-14 01:59:46.566] GetVillageSize check for image treeDP-704-158-86,744279350283_0_92.xml
2: D [2025-04-14 01:59:46.601] GetVillageSize check for image treeDSS-646-116-91,454086841431_0_92.xml
2: D [2025-04-14 01:59:46.676] Found tree image at 653, 116: treeDSS-646-116-91,454086841431_0_92.xml
2: D [2025-04-14 01:59:46.676] Tree search (in 0.3 seconds)
2: D [2025-04-14 01:59:46.676] Found Stone and Tree!
2: D [2025-04-14 01:59:46.677] Village Size : 501.00127872945
2: D [2025-04-14 01:59:46.677] Zoom Factor : 1.00278009809502
2: D [2025-04-14 01:59:46.677] Offset : 7, 1
2: D [2025-04-14 01:59:46.677] GetVillageSize calculations (in 0 seconds)
2: D [2025-04-14 01:59:46.821] Main Village detected
2: D [2025-04-14 01:59:46.821] ZoomOut Completed(in 94341.43 seconds)
2: D [2025-04-14 01:59:46.826] Notify | NotifyPendingActions()
2: L [2025-04-14 01:59:46.838] Running auto-upgrade for buildings...
2: L [2025-04-14 01:59:46.839] Starting Auto Upgrade
2: D [2025-04-14 01:59:47.921] Main 1 Pixel Color #1: AEDCF4, #2: 7ABDE3, #3: F4F4EC
2: D [2025-04-14 01:59:47.929] Main 2 Pixel Color #1: AEDCF4, #2: 7ABDE3, #3: F4F4EC
2: D [2025-04-14 01:59:47.938] Main 3 Pixel Color #1: AEDCF4, #2: 7ABDE3, #3: F4F4EC
2: L [2025-04-14 01:59:49.250] 0 builder is upgrading your heroes.
2: L [2025-04-14 01:59:49.250] 0 free builder is reserved for heroes.
2: L [2025-04-14 01:59:49.251] No builder available. Skipping Auto Upgrade!
2: D [2025-04-14 01:59:52.778] $sTriangle: 
2: D [2025-04-14 01:59:52.786] Main 1 Pixel Color #1: AEDCF4, #2: 7ABDE3, #3: F4F4EC
2: D [2025-04-14 01:59:52.793] Main 2 Pixel Color #1: AEDCF4, #2: 7ABDE3, #3: F4F4EC
2: D [2025-04-14 01:59:52.801] Main 3 Pixel Color #1: AEDCF4, #2: 7ABDE3, #3: F4F4EC
2: L [2025-04-14 01:59:53.571] Auto Upgrade finished
2: D [2025-04-14 01:59:54.151] Main 1 Pixel Color #1: AEDCF4, #2: 7ABDE3, #3: F4F4EC
2: D [2025-04-14 01:59:54.161] Main 2 Pixel Color #1: AEDCF4, #2: 7ABDE3, #3: F4F4EC
2: D [2025-04-14 01:59:54.169] Main 3 Pixel Color #1: AEDCF4, #2: 7ABDE3, #3: F4F4EC
2: D [2025-04-14 01:59:55.586] Main Village detected
2: D [2025-04-14 01:59:55.714] GVZ using : \imgxml\village\NormalVillage\
2: D [2025-04-14 01:59:56.032] Sceneries Search find : villageDS-350-656
2: D [2025-04-14 01:59:56.032] Coords : 357, 657
2: D [2025-04-14 01:59:56.033] Ref Coord : 350, 656
2: D [2025-04-14 01:59:56.033] Village Scenery Found: DS
2: D [2025-04-14 01:59:56.033] Scenery search (in 0.33 seconds)
2: D [2025-04-14 01:59:56.033] Scenery routines completed (in 0 seconds)
2: D [2025-04-14 01:59:56.033] Loading Stone Scenery: DS
2: D [2025-04-14 01:59:56.034] GetVillageSize check for image stoneDS-99-487-69,879896966152_0_92.xml
2: D [2025-04-14 01:59:56.110] Found stone image at 105, 488: stoneDS-99-487-69,879896966152_0_92.xml
2: D [2025-04-14 01:59:56.111] Found Stone scenery : DS
2: D [2025-04-14 01:59:56.111] Stone search (in 0.08 seconds)
2: D [2025-04-14 01:59:56.111] GetVillageSize check for image treeDA-567-49-83,202036842375_0_92.xml
2: D [2025-04-14 01:59:56.167] GetVillageSize check for image treeDAS-648-117-97,8018707308159_0_92.xml
2: D [2025-04-14 01:59:56.250] GetVillageSize check for image treeDO-787-188-107,057974948156_0_92.xml
2: D [2025-04-14 01:59:56.308] GetVillageSize check for image treeDP-704-158-86,744279350283_0_92.xml
2: D [2025-04-14 01:59:56.339] GetVillageSize check for image treeDSS-646-116-91,454086841431_0_92.xml
2: D [2025-04-14 01:59:56.412] Found tree image at 653, 116: treeDSS-646-116-91,454086841431_0_92.xml
2: D [2025-04-14 01:59:56.412] Tree search (in 0.3 seconds)
2: D [2025-04-14 01:59:56.413] Found Stone and Tree!
2: D [2025-04-14 01:59:56.413] Village Size : 501.00127872945
2: D [2025-04-14 01:59:56.413] Zoom Factor : 1.00278009809502
2: D [2025-04-14 01:59:56.413] Offset : 7, 1
2: D [2025-04-14 01:59:56.414] GetVillageSize calculations (in 0 seconds)
2: D [2025-04-14 01:59:56.565] Main Village detected
2: D [2025-04-14 01:59:56.846] ZoomOut Completed(in 94351.45 seconds)
2: L [2025-04-14 01:59:56.846] Checking Laboratory for auto-upgrade...
2: D [2025-04-14 01:59:56.860] Calling Laboratory function with auto-upgrade enabled...
2: D [2025-04-14 01:59:56.860] _RunFunction: Laboratory BEGIN
2: D [2025-04-14 01:59:57.148] Checking chat tab pixel exists to ensure images have loaded correctly
2: D [2025-04-14 01:59:57.732] ChatTabPixel found
2: D [2025-04-14 01:59:57.886] Main Village detected
2: D [2025-04-14 01:59:58.010] GVZ using : \imgxml\village\NormalVillage\
2: D [2025-04-14 01:59:58.326] Sceneries Search find : villageDS-350-656
2: D [2025-04-14 01:59:58.326] Coords : 357, 657
2: D [2025-04-14 01:59:58.327] Ref Coord : 350, 656
2: D [2025-04-14 01:59:58.327] Village Scenery Found: DS
2: D [2025-04-14 01:59:58.327] Scenery search (in 0.33 seconds)
2: D [2025-04-14 01:59:58.327] Scenery routines completed (in 0 seconds)
2: D [2025-04-14 01:59:58.328] Loading Stone Scenery: DS
2: D [2025-04-14 01:59:58.328] GetVillageSize check for image stoneDS-99-487-69,879896966152_0_92.xml
2: D [2025-04-14 01:59:58.403] Found stone image at 105, 488: stoneDS-99-487-69,879896966152_0_92.xml
2: D [2025-04-14 01:59:58.403] Found Stone scenery : DS
2: D [2025-04-14 01:59:58.404] Stone search (in 0.08 seconds)
2: D [2025-04-14 01:59:58.404] GetVillageSize check for image treeDA-567-49-83,202036842375_0_92.xml
2: D [2025-04-14 01:59:58.460] GetVillageSize check for image treeDAS-648-117-97,8018707308159_0_92.xml
2: D [2025-04-14 01:59:58.541] GetVillageSize check for image treeDO-787-188-107,057974948156_0_92.xml
2: D [2025-04-14 01:59:58.598] GetVillageSize check for image treeDP-704-158-86,744279350283_0_92.xml
2: D [2025-04-14 01:59:58.629] GetVillageSize check for image treeDSS-646-116-91,454086841431_0_92.xml
2: D [2025-04-14 01:59:58.708] Found tree image at 653, 116: treeDSS-646-116-91,454086841431_0_92.xml
2: D [2025-04-14 01:59:58.708] Tree search (in 0.3 seconds)
2: D [2025-04-14 01:59:58.708] Found Stone and Tree!
2: D [2025-04-14 01:59:58.709] Village Size : 501.00127872945
2: D [2025-04-14 01:59:58.709] Zoom Factor : 1.00278009809502
2: D [2025-04-14 01:59:58.709] Offset : 7, 1
2: D [2025-04-14 01:59:58.709] GetVillageSize calculations (in 0 seconds)
2: D [2025-04-14 01:59:58.861] Main Village detected
2: D [2025-04-14 01:59:59.139] ZoomOut Completed(in 94353.74 seconds)
2: D [2025-04-14 01:59:59.143] Notify | NotifyPendingActions()
2: D [2025-04-14 01:59:59.143] _RunFunction: Laboratory END
2: D [2025-04-14 01:59:59.144] Laboratory function completed.
2: L [2025-04-14 02:00:01.150] Checking Laboratory for auto-upgrade...
2: D [2025-04-14 02:00:01.290] Main Village detected
2: D [2025-04-14 02:00:01.292] Any Lab end time: , DIFF= 
2: L [2025-04-14 02:00:01.292] Checking Troop Upgrade in Laboratory ...
2: D [2025-04-14 02:00:01.301] Main 1 Pixel Color #1: AEDCF4, #2: 7ABDE3, #3: F4F4EC
2: D [2025-04-14 02:00:01.309] Main 2 Pixel Color #1: AEDCF4, #2: 7ABDE3, #3: F4F4EC
2: D [2025-04-14 02:00:01.316] Main 3 Pixel Color #1: AEDCF4, #2: 7ABDE3, #3: F4F4EC
2: L [2025-04-14 02:00:02.105] Village Report
2: L [2025-04-14 02:00:02.491]  [T]: 870
2: L [2025-04-14 02:00:02.599]  [G]: 1 503 086 [E]: 3 932 149 [D]: 14 262 [GEM]: 178
2: D [2025-04-14 02:00:05.632] _GetPixelColor(X, Y): A2CB6C:A1CA6B
2: L [2025-04-14 02:00:05.634] Laboratory Upgrade in progress, waiting for completion
2: D [2025-04-14 02:00:05.855] $sLabTimeOCR: 7h25m, $iLabFinishTime = 446 m
2: L [2025-04-14 02:00:05.856] Research will finish in 7h25m (2025/04/14 09:26:05)
2: D [2025-04-14 02:00:07.123] Window Closed!
2: D [2025-04-14 02:00:08.462] Clearing Building Text
2: L [2025-04-14 02:00:08.935] Laboratory upgrade already in progress, skipping manual upgrade.
2: D [2025-04-14 02:00:09.023] Main 1 Pixel Color #1: AEDCF4, #2: 7ABDE3, #3: F4F4EC
2: D [2025-04-14 02:00:09.031] Main 2 Pixel Color #1: AEDCF4, #2: 7ABDE3, #3: F4F4EC
2: D [2025-04-14 02:00:09.041] Main 3 Pixel Color #1: AEDCF4, #2: 7ABDE3, #3: F4F4EC
2: L [2025-04-14 02:00:09.803] Village Report
2: L [2025-04-14 02:00:09.914]  [T]: 870
2: L [2025-04-14 02:00:09.942]  [G]: 1 503 086 [E]: 3 932 149 [D]: 14 262 [GEM]: 178
2: L [2025-04-14 02:00:09.946] Laboratory upgrade attempt completed.
2: D [2025-04-14 02:00:09.946] -- FirstCheck on Train --
2: D [2025-04-14 02:00:09.955] Main 1 Pixel Color #1: AEDCF4, #2: 7ABDE3, #3: F4F4EC
2: D [2025-04-14 02:00:09.964] Main 2 Pixel Color #1: AEDCF4, #2: 7ABDE3, #3: F4F4EC
2: D [2025-04-14 02:00:09.972] Main 3 Pixel Color #1: AEDCF4, #2: 7ABDE3, #3: F4F4EC
2: D [2025-04-14 02:00:10.252] Begin IsSearchAttackScheduled:
2: D [2025-04-14 02:00:10.836] Main 1 Pixel Color #1: AEDCF4, #2: 7ABDE3, #3: F4F4EC
2: D [2025-04-14 02:00:10.844] Main 2 Pixel Color #1: AEDCF4, #2: 7ABDE3, #3: F4F4EC
2: D [2025-04-14 02:00:10.853] Main 3 Pixel Color #1: AEDCF4, #2: 7ABDE3, #3: F4F4EC
2: L [2025-04-14 02:00:11.123] Going to Attack
2: D [2025-04-14 02:00:13.118] Multiplayer Tab is open
2: D [2025-04-14 02:00:16.784] Restore bot window to -495, -63, caller: GUIControl_WM_SHELLHOOK
2: D [2025-04-14 02:00:18.427] HideAndroidWindow: False, False, True, GUIControl_WM_ACTIVATEAPP->ShowAndroidWindow
2: D [2025-04-14 02:00:18.427] AndroidToFront: Source GUIControl_WM_ACTIVATEAPP->ShowAndroidWindow->HideAndroidWindow
2: D [2025-04-14 02:00:18.430] HideAndroidWindow: False, False, True, GUIControl_WM_ACTIVATEAPP->ShowAndroidWindow
2: D [2025-04-14 02:00:18.430] AndroidToFront: Source GUIControl_WM_ACTIVATEAPP->ShowAndroidWindow->HideAndroidWindow
2: D [2025-04-14 02:00:18.431] HideAndroidWindow: False, False, True, GUIControl_WM_ACTIVATEAPP->ShowAndroidWindow
2: D [2025-04-14 02:00:18.431] AndroidToFront: Source GUIControl_WM_ACTIVATEAPP->ShowAndroidWindow->HideAndroidWindow
2: D [2025-04-14 02:00:18.432] HideAndroidWindow: False, False, True, GUIControl_WM_ACTIVATEAPP->ShowAndroidWindow
2: D [2025-04-14 02:00:18.432] AndroidToFront: Source GUIControl_WM_ACTIVATEAPP->ShowAndroidWindow->HideAndroidWindow
2: D [2025-04-14 02:00:18.432] HideAndroidWindow: False, False, True, GUIControl_WM_ACTIVATEAPP->ShowAndroidWindow
2: D [2025-04-14 02:00:18.433] AndroidToFront: Source GUIControl_WM_ACTIVATEAPP->ShowAndroidWindow->HideAndroidWindow
2: D [2025-04-14 02:00:18.433] HideAndroidWindow: False, False, True, GUIControl_WM_ACTIVATEAPP->ShowAndroidWindow
2: D [2025-04-14 02:00:18.434] AndroidToFront: Source GUIControl_WM_ACTIVATEAPP->ShowAndroidWindow->HideAndroidWindow
2: D [2025-04-14 02:00:18.437] Restore bot window to -495, -63, caller: GUIControl_WM_NCACTIVATE
2: D [2025-04-14 02:00:18.440] HideAndroidWindow: False, False, True, BotMinimizeRestore
2: D [2025-04-14 02:00:18.441] AndroidToFront: Source BotMinimizeRestore->HideAndroidWindow
2: D [2025-04-14 02:00:27.260] Released Bot slot mutex: 0x00000A7C
2: D [2025-04-14 02:00:27.300] Disable MyBot Window Redraw: ToggleGuiControls
2: D [2025-04-14 02:00:27.301] Enable GUI Controls
2: D [2025-04-14 02:00:28.320] Redraw MyBot Window: ToggleGuiControls
2: D [2025-04-14 02:00:28.359] Opened BlueStacks5 System Bar: True
2: L [2025-04-14 02:00:28.442] ===================== Bot Stop ======================
