2025-04-10 05:21:59 : ============================= ATTACK LOG ==============================
2025-04-10 05:21:59 : |                       ------- LOOT --------            -- BONUS --   |
2025-04-10 05:21:59 : |AC| TIME|TROPHY|SRC|DS|   GOLD| ELIXIR|   DE| TR| *|  %| G & E|  DE|L.|
2025-04-10 05:55:14 : ============================= ATTACK LOG ==============================
2025-04-10 05:55:14 : |                       ------- LOOT --------            -- BONUS --   |
2025-04-10 05:55:14 : |AC| TIME|TROPHY|SRC|DS|   GOLD| ELIXIR|   DE| TR| *|  %| G & E|  DE|L.|
2025-04-10 06:40:55 : ============================= ATTACK LOG ==============================
2025-04-10 06:40:55 : |                       ------- LOOT --------            -- BONUS --   |
2025-04-10 06:40:55 : |AC| TIME|TROPHY|SRC|DS|   GOLD| ELIXIR|   DE| TR| *|  %| G & E|  DE|L.|
2025-04-10 06:45:43 : ============================= ATTACK LOG ==============================
2025-04-10 06:45:43 : |                       ------- LOOT --------            -- BONUS --   |
2025-04-10 06:45:43 : |AC| TIME|TROPHY|SRC|DS|   GOLD| ELIXIR|   DE| TR| *|  %| G & E|  DE|L.|
2025-04-10 06:46:50 : ============================= ATTACK LOG ==============================
2025-04-10 06:46:50 : |                       ------- LOOT --------            -- BONUS --   |
2025-04-10 06:46:50 : |AC| TIME|TROPHY|SRC|DS|   GOLD| ELIXIR|   DE| TR| *|  %| G & E|  DE|L.|
2025-04-11 01:42:18 : ============================= ATTACK LOG ==============================
2025-04-11 01:42:18 : |                       ------- LOOT --------            -- BONUS --   |
2025-04-11 01:42:18 : |AC| TIME|TROPHY|SRC|DS|   GOLD| ELIXIR|   DE| TR| *|  %| G & E|  DE|L.|
2025-04-11 16:31:58 : ============================= ATTACK LOG ==============================
2025-04-11 16:31:58 : |                       ------- LOOT --------            -- BONUS --   |
2025-04-11 16:31:58 : |AC| TIME|TROPHY|SRC|DS|   GOLD| ELIXIR|   DE| TR| *|  %| G & E|  DE|L.|
2025-04-11 16:43:03 : ============================= ATTACK LOG ==============================
2025-04-11 16:43:03 : |                       ------- LOOT --------            -- BONUS --   |
2025-04-11 16:43:03 : |AC| TIME|TROPHY|SRC|DS|   GOLD| ELIXIR|   DE| TR| *|  %| G & E|  DE|L.|
2025-04-11 17:22:52 : ============================= ATTACK LOG ==============================
2025-04-11 17:22:52 : |                       ------- LOOT --------            -- BONUS --   |
2025-04-11 17:22:52 : |AC| TIME|TROPHY|SRC|DS|   GOLD| ELIXIR|   DE| TR| *|  %| G & E|  DE|L.|
2025-04-11 17:43:10 : | 1|17:43|   749|  1| 8| 217666| 251186|    0| 10| 3| 62|    1k|   0|B1||0/220|
2025-04-11 17:47:34 : | 1|17:47|   759|  7| 4| 417128| 258880|  243| 12| 3|  0|    1k|   0|B1||0/220|
2025-04-11 18:02:09 : | 1|18:02|   771|  7| 4| 265786| 385646|  405| -7| 0| 33|    0k|   0|--||0/220|
2025-04-11 18:06:49 : | 1|18:06|   771| 10| 4| 196258| 188081|  101| 20| 3|  0|    1k|   0|B1||0/220|
2025-04-11 18:11:33 : | 1|18:11|   771| 14| 4| 199688| 330761|  785|  1| 1| 33|    0k|   0|B1||0/220|
2025-04-11 18:35:51 : | 1|18:35|   785| 53| 4| 254197| 225955|  496| 12| 3|100|    1k|   0|B1||0/220|
2025-04-11 18:51:48 : | 1|18:51|   797|  5| 4|  81901| 103427|  385|  1| 1| 61|    1k|   0|B1||0/220|
2025-04-11 19:17:51 : | 1|19:17|   799|  8| 8| 269915| 418441|  288| -7| 0| 48|    0k|   0|--||0/220|
2025-04-11 19:32:11 : | 1|19:32|   792| 51| 4|      0|      0|    0|  0| 0|  0|    0k|   0|--||0/220|
2025-04-11 20:18:38 : | 1|20:18|   812|128| 4| 188687| 165042|  151|  3| 2| 80|    2k| 100|S3||0/220|
2025-04-11 20:35:31 : | 1|20:35|   815| 15| 4| 106806|  93686|  436| -7| 0| 41|    0k|   0|--||0/220|
2025-04-11 21:06:11 : | 1|21:06|   832|  6| 8| 249996| 250877|    0|  6| 3|100|    2k| 100|S3||0/220|
2025-04-11 21:16:24 : | 1|21:16|   832| 15| 8| 257425| 210047|  258|  3| 2| 91|    2k| 100|S3||0/220|
2025-04-11 22:10:56 : | 1|22:10|   848|211| 4| 215357| 134360|  179| 28| 3|  0|    2k| 100|S3||0/220|
2025-04-11 23:24:14 : | 1|23:24|   879| 43| 8| 222190| 185878|    0|  1| 1| 54|    2k|  84|S3||0/220|
2025-04-12 00:07:00 : | 1|00:07|   870|165| 4|  89636| 140636|  602|  1| 1| 75|    2k| 100|S3||0/220|
2025-04-12 00:21:38 : | 1|00:21|   871|  4| 4|  93649|  20000|   10| -9| 0| 25|    0k|   0|--||0/220|
2025-04-12 00:29:11 : | 1|00:29|   862| 15| 4| 450018| 156503|  126|  3| 3|100|    2k| 100|S3||0/220|
2025-04-12 00:48:30 : | 1|00:48|   865| 14| 4| 375855| 312871|  371|-10| 0| 29|    0k|   0|--||0/220|
2025-04-12 00:54:02 : | 1|00:54|   865| 14| 4| 269650| 333835|  340|  7| 3|  0|    2k| 100|S3||0/220|
2025-04-12 01:17:03 : | 1|01:17|   867| 10| 8| 588914| 500336| 1200|  3| 2| 91|    2k| 100|S3||0/220|
2025-04-12 01:25:53 : | 1|01:25|   867|  8| 4| 239129| 191478|  990|  9| 3|100|    2k| 100|S3||0/220|
2025-04-12 01:29:39 : | 1|01:29|   867|  6| 4| 217802| 212032|  151|  7| 3|100|    2k| 100|S3||0/220|
2025-04-12 01:44:57 : | 1|01:44|   886|  5| 4|      0|      0|    0|  0| 0|  0|    2k| 100|--||0/220|
2025-04-12 02:11:43 : | 1|02:11|   894|  4| 4| 495345| 333282|  653| 10| 3|100|    2k| 100|S3||0/220|
2025-04-12 02:19:49 : | 1|02:19|   894| 28| 4| 310800| 407733| 1367|  3| 2| 53|    2k|  83|S3||0/220|
2025-04-12 02:30:08 : ============================= ATTACK LOG ==============================
2025-04-12 02:30:08 : |                       ------- LOOT --------            -- BONUS --   |
2025-04-12 02:30:08 : |AC| TIME|TROPHY|SRC|DS|   GOLD| ELIXIR|   DE| TR| *|  %| G & E|  DE|L.|
2025-04-12 02:35:38 : | 1|02:35|   897| 12| 4| 437179| 194056|   77|  8| 3|100|    2k| 100|S3||0/220|
2025-04-12 03:02:01 : | 1|03:02|   688| 22| 8| 282008| 209859|    8| 10| 3|100|    1k|   0|B1||0/220|
2025-04-12 03:08:15 : | 1|03:08|   698| 15| 4| 299114| 260591|  106| 15| 3|100|    1k|   0|B1||0/220|
2025-04-12 03:10:56 : | 1|03:10|   698|  3| 4| 141924| 131451|  825| 10| 3|100|    1k|   0|B1||0/220|
2025-04-12 03:15:36 : | 1|03:15|   723|  9| 4| 399728| 339574|  595| 21| 3|100|    1k|   0|B1||0/220|
2025-04-12 03:25:37 : | 1|03:25|   744| 33| 4| 598745| 438845| 1256| 14| 3|100|    1k|   0|B1||0/220|
2025-04-12 03:36:45 : | 1|03:36|   758| 37| 4| 386408| 383568|  317| 12| 3|100|    1k|   0|B1||0/220|
2025-04-12 03:45:49 : | 1|03:45|   758| 36| 4| 154843| 165276|  104| 20| 3|100|    1k|   0|B1||0/220|
2025-04-12 03:52:21 : | 1|03:52|   758| 23| 4| 297617| 366227| 1190| 19| 3|100|    1k|   0|B1||0/220|
2025-04-12 04:03:13 : | 1|04:03|   809| 36| 4| 367201| 434348|  459|  3| 2| 66|    2k|  96|S3||0/220|
2025-04-12 04:07:03 : | 1|04:07|   809|  9| 4| 150458| 128684|   88| 15| 3|100|    2k| 100|S3||0/220|
2025-04-12 04:21:01 : | 1|04:21|   827| 56| 4| 313868| 238251|  408| 19| 3|100|    2k| 100|S3||0/220|
2025-04-12 08:25:54 : ============================= ATTACK LOG ==============================
2025-04-12 08:25:54 : |                       ------- LOOT --------            -- BONUS --   |
2025-04-12 08:25:54 : |AC| TIME|TROPHY|SRC|DS|   GOLD| ELIXIR|   DE| TR| *|  %| G & E|  DE|L.|
2025-04-12 08:27:44 : ============================= ATTACK LOG ==============================
2025-04-12 08:27:44 : |                       ------- LOOT --------            -- BONUS --   |
2025-04-12 08:27:44 : |AC| TIME|TROPHY|SRC|DS|   GOLD| ELIXIR|   DE| TR| *|  %| G & E|  DE|L.|
2025-04-12 08:44:03 : | 1|08:44|   846| 53| 4| 121466| 143510|  315| 22| 3|100|    2k| 100|S3||0/220|
2025-04-12 09:02:52 : | 1|09:02|   868| 11| 4| 136660| 167535|  342| 12| 3|100|    2k| 100|S3||0/220|
2025-04-12 09:06:25 : | 1|09:06|   868|  3| 4| 310882| 158278|   53|  1| 1| 69|    2k|  99|S3||0/220|
2025-04-12 09:13:27 : | 1|09:13|   868| 28| 4| 244728| 242100|  223|  7| 2| 50|    2k|  80|S3||0/220|
2025-04-12 11:51:11 : | 1|11:51|   873| 78| 4| 340164| 127646|   46| 11| 3|100|    2k| 100|S3||0/220|
2025-04-12 12:21:58 : | 1|12:21|   884|107| 4| 112606|  72791|  120| -9| 0| 22|    0k|   0|--||0/220|
2025-04-12 12:43:06 : | 1|12:43|   896| 31| 8| 147159| 215672|  282| 21| 3|100|    2k| 100|S3||0/220|
2025-04-12 14:31:07 : ============================= ATTACK LOG ==============================
2025-04-12 14:31:07 : |                       ------- LOOT --------            -- BONUS --   |
2025-04-12 14:31:07 : |AC| TIME|TROPHY|SRC|DS|   GOLD| ELIXIR|   DE| TR| *|  %| G & E|  DE|L.|
2025-04-12 14:34:07 : ============================= ATTACK LOG ==============================
2025-04-12 14:34:07 : |                       ------- LOOT --------            -- BONUS --   |
2025-04-12 14:34:07 : |AC| TIME|TROPHY|SRC|DS|   GOLD| ELIXIR|   DE| TR| *|  %| G & E|  DE|L.|
2025-04-12 14:52:36 : | 1|14:52|   819| 39| 4| 509861| 645194|  238| 20| 3|100|    2k| 100|S3||0/220|
2025-04-12 15:35:46 : | 1|15:35|   863|169| 4| 530881| 551841|  228|  9| 3|100|    2k| 100|S3||0/220|
2025-04-12 15:57:11 : | 1|15:57|   872| 78| 4|  98002| 108423|   94|  7| 2| 70|    2k| 100|S3||0/220|
2025-04-12 17:57:30 : ============================= ATTACK LOG ==============================
2025-04-12 17:57:30 : |                       ------- LOOT --------            -- BONUS --   |
2025-04-12 17:57:30 : |AC| TIME|TROPHY|SRC|DS|   GOLD| ELIXIR|   DE| TR| *|  %| G & E|  DE|L.|
2025-04-12 18:14:07 : | 1|18:14|   871| 42| 3| 326113| 101668|  904| 14| 3|100|    2k| 100|S3||0/220|
2025-04-12 18:22:55 : | 1|18:22|   885| 19| 4| 363000| 368500|  925| 13| 3|100|    2k| 100|S3||0/220|
2025-04-12 18:41:55 : | 1|18:41|   898| 68| 4| 549254| 428017|  644| 12| 3|100|    2k| 100|S3||0/220|
2025-04-12 19:15:24 : ============================= ATTACK LOG ==============================
2025-04-12 19:15:24 : |                       ------- LOOT --------            -- BONUS --   |
2025-04-12 19:15:24 : |AC| TIME|TROPHY|SRC|DS|   GOLD| ELIXIR|   DE| TR| *|  %| G & E|  DE|L.|
2025-04-12 19:16:54 : ============================= ATTACK LOG ==============================
2025-04-12 19:16:54 : |                       ------- LOOT --------            -- BONUS --   |
2025-04-12 19:16:54 : |AC| TIME|TROPHY|SRC|DS|   GOLD| ELIXIR|   DE| TR| *|  %| G & E|  DE|L.|
2025-04-12 20:48:17 : | 1|20:48|   691|  6| 4| 379154| 365997|    0| 11| 3|100|    1k|   0|B1||0/220|
2025-04-12 21:02:26 : | 1|21:02|   702|  7| 3| 238335| 238644|  443| 11| 3|100|    1k|   0|B1||0/220|
2025-04-12 21:09:11 : | 1|21:09|   713| 15| 4| 266355| 206166|  120| 11| 3|100|    1k|   0|B1||0/220|
2025-04-12 21:13:37 : | 1|21:13|   713|  6| 4| 680677| 689675|  132| 13| 3|100|    1k|   0|B1||0/220|
2025-04-12 21:17:04 : | 1|21:17|   737|  2| 4| 529991| 510687|  604| 13| 3|100|    1k|   0|B1||0/220|
2025-04-12 21:22:54 : | 1|21:22|   750| 13| 4| 330300| 152779|    0| 23| 3|100|    1k|   0|B1||0/220|
2025-04-12 21:26:38 : | 1|21:26|   750|  7| 4| 299764| 145453|  413| 24| 3|100|    1k|   0|B1||0/220|
2025-04-12 22:03:22 : | 1|22:03|   797|156| 4| 432115| 257845|  897| 26| 3|100|    1k|   0|B1||0/220|
2025-04-12 22:25:36 : | 1|22:25|   823| 78| 4| 244813| 199940|  400| 14| 3|100|    2k| 100|S3||0/220|
2025-04-12 22:31:25 : ============================= ATTACK LOG ==============================
2025-04-12 22:31:25 : |                       ------- LOOT --------            -- BONUS --   |
2025-04-12 22:31:25 : |AC| TIME|TROPHY|SRC|DS|   GOLD| ELIXIR|   DE| TR| *|  %| G & E|  DE|L.|
2025-04-12 22:38:54 : | 1|22:38|   837| 13| 4| 229060| 101453|  508| 13| 3|100|    2k| 100|S3||0/220|
2025-04-12 22:49:22 : | 1|22:49|   850| 27| 4| 101305| 100700|  290| 15| 3|100|    2k| 100|S3||0/220|
2025-04-12 22:55:51 : | 1|22:55|   850| 11| 4| 196710| 484738|  726| -9| 0| 49|    0k|   0|--||0/220|
2025-04-12 23:08:54 : ============================= ATTACK LOG ==============================
2025-04-12 23:08:54 : |                       ------- LOOT --------            -- BONUS --   |
2025-04-12 23:08:54 : |AC| TIME|TROPHY|SRC|DS|   GOLD| ELIXIR|   DE| TR| *|  %| G & E|  DE|L.|
2025-04-12 23:36:25 : | 1|23:36|   856|104| 4| 550792| 541706|  816|  8| 3|100|    2k| 100|S3||0/220|
2025-04-12 23:49:41 : ============================= ATTACK LOG ==============================
2025-04-12 23:49:41 : |                       ------- LOOT --------            -- BONUS --   |
2025-04-12 23:49:41 : |AC| TIME|TROPHY|SRC|DS|   GOLD| ELIXIR|   DE| TR| *|  %| G & E|  DE|L.|
2025-04-13 00:02:44 : | 1|00:02|   864| 38| 4| 327270| 212571|  418| 13| 3|100|    2k| 100|S3||0/220|
2025-04-13 00:17:04 : | 1|00:17|   877| 46| 4| 352174| 341818|   12| 16| 3|100|    2k| 100|S3||0/220|
2025-04-13 00:26:21 : | 1|00:26|   877| 31| 4| 202385| 184437|  129| 13| 3|100|    2k| 100|S3||0/220|
2025-04-13 01:27:52 : | 1|01:27|   688|  1| 4| 443568| 407393|  917| 22| 3|100|    1k|   0|B1||0/220|
2025-04-13 01:52:35 : | 1|01:52|   710| 78| 4| 255517| 252675|  359| 23| 3|100|    1k|   0|B1||0/220|
2025-04-13 01:57:46 : | 1|01:57|   733|  2| 3| 232457| 263770|    0| 12| 3|100|    1k|   0|B1||0/220|
2025-04-13 02:03:33 : | 1|02:03|   733| 18| 4| 169771| 160842|  643| 10| 3|100|    1k|   0|B1||0/220|
2025-04-13 02:25:56 : | 1|02:25|   755| 97| 4| 217858| 172214|  132| 15| 3|100|    1k|   0|B1||0/220|
2025-04-13 02:33:10 : | 1|02:33|   770| 11| 4| 714358| 446333|  578| 10| 3|100|    1k|   0|B1||0/220|
2025-04-13 02:40:46 : | 1|02:40|   770| 19| 4| 338239| 188178|  312| 21| 3|100|    1k|   0|B1||0/220|
2025-04-13 02:57:57 : | 1|02:57|   801| 69| 4| 373009| 524775|  461| 16| 3|100|    2k| 100|S3||0/220|
2025-04-13 03:13:48 : | 1|03:13|   817| 48| 4| 220359| 254923|  732| 12| 3|100|    2k| 100|S3||0/220|
2025-04-13 03:16:56 : | 1|03:16|   817|  4| 4| 316566| 242891|  532| 10| 3|100|    2k| 100|S3||0/220|
2025-04-13 03:36:01 : | 1|03:36|   839| 67| 4| 200327| 408890|  727|  6| 2| 77|    2k| 100|S3||0/220|
2025-04-13 09:50:19 : | 1|09:50|   844|  3| 4| 192745| 181970|  179| 14| 3|100|    2k| 100|S3||0/220|
2025-04-13 09:59:48 : | 1|09:59|   858| 30| 4| 445060| 302134|    0|  9| 3|100|    2k| 100|S3||0/220|
2025-04-13 10:06:11 : | 1|10:06|   858| 20| 4| 235046| 248603|  197| 16| 3|100|    2k| 100|S3||0/220|
2025-04-13 10:19:01 : | 1|10:19|   858| 47| 4| 563229| 287675|  323| 17| 3|100|    2k| 100|S3||0/220|
2025-04-13 11:06:17 : | 1|11:06|   900|183| 4| 296953| 177780|  375| 16| 3|100|    2k| 100|S3||0/220|
2025-04-13 11:39:48 : | 1|11:39|   699| 51| 4| 327263| 380700|  879|  5| 2| 76|    1k|   0|B1||0/220|
2025-04-13 11:47:33 : | 1|11:47|   704| 16| 4| 386707| 517156|    0|  9| 3|100|    1k|   0|B1||0/220|
2025-04-13 12:07:13 : | 1|12:07|   713| 78| 4| 134368| 201716|  919| 11| 3|100|    1k|   0|B1||0/220|
2025-04-13 12:24:06 : | 1|12:24|   724| 53| 4| 499666| 504906|  378| 15| 3|100|    1k|   0|B1||0/220|
2025-04-13 12:34:40 : | 1|12:34|   739| 27| 4| 348569| 418537| 1121| 13| 3|100|    1k|   0|B1||0/220|
2025-04-13 12:54:33 : | 1|12:54|   752| 77| 4| 213335| 193528|  626| 11| 3|100|    1k|   0|B1||0/220|
2025-04-13 13:00:51 : | 1|13:00|   763|  6| 4| 305899| 304321|  306| 11| 3|100|    1k|   0|B1||0/220|
2025-04-13 13:31:53 : | 1|13:31|   774|122| 4| 184939| 194431|  217| 10| 3|100|    1k|   0|B1||0/220|
2025-04-13 13:43:55 : | 1|13:43|   784| 37| 4| 345980| 304837|  108|  9| 3|100|    1k|   0|B1||0/220|
2025-04-13 13:52:55 : | 1|13:52|   784| 33| 4| 292855| 301557|    0| 10| 3|100|    1k|   0|B1||0/220|
2025-04-13 14:14:00 : | 1|14:14|   803| 80| 4| 322883| 263932|  352|  8| 2| 72|    2k| 100|S3||0/220|
2025-04-13 16:32:22 : | 1|16:32|   799| 34| 4| 310239| 325608|   68|  9| 3|100|    2k| 100|S3||0/220|
2025-04-13 16:44:09 : | 1|16:44|   808| 34| 4| 418736| 423247|  568| 11| 3|100|    2k| 100|S3||0/220|
2025-04-13 16:50:45 : | 1|16:50|   808| 19| 4| 113589| 225084|  201| 18| 3| 99|    2k| 100|S3||0/220|
2025-04-13 19:10:05 : | 1|19:10|   837|585| 3| 401934| 241535|  479| 12| 3|100|    2k| 100|S3||0/220|
2025-04-13 21:33:45 : ============================= ATTACK LOG ==============================
2025-04-13 21:33:45 : |                       ------- LOOT --------            -- BONUS --   |
2025-04-13 21:33:45 : |AC| TIME|TROPHY|SRC|DS|   GOLD| ELIXIR|   DE| TR| *|  %| G & E|  DE|L.|
2025-04-13 21:43:23 : ============================= ATTACK LOG ==============================
2025-04-13 21:43:23 : |                       ------- LOOT --------            -- BONUS --   |
2025-04-13 21:43:23 : |AC| TIME|TROPHY|SRC|DS|   GOLD| ELIXIR|   DE| TR| *|  %| G & E|  DE|L.|
2025-04-13 21:50:23 : ============================= ATTACK LOG ==============================
2025-04-13 21:50:23 : |                       ------- LOOT --------            -- BONUS --   |
2025-04-13 21:50:23 : |AC| TIME|TROPHY|SRC|DS|   GOLD| ELIXIR|   DE| TR| *|  %| G & E|  DE|L.|
2025-04-13 22:03:22 : | 1|22:03|   839| 31| 4| 292383| 233025|  271| 13| 3|100|    2k| 100|S3||0/220|
2025-04-13 22:08:36 : ============================= ATTACK LOG ==============================
2025-04-13 22:08:36 : |                       ------- LOOT --------            -- BONUS --   |
2025-04-13 22:08:36 : |AC| TIME|TROPHY|SRC|DS|   GOLD| ELIXIR|   DE| TR| *|  %| G & E|  DE|L.|
2025-04-13 22:13:28 : ============================= ATTACK LOG ==============================
2025-04-13 22:13:28 : |                       ------- LOOT --------            -- BONUS --   |
2025-04-13 22:13:28 : |AC| TIME|TROPHY|SRC|DS|   GOLD| ELIXIR|   DE| TR| *|  %| G & E|  DE|L.|
2025-04-13 22:45:09 : ============================= ATTACK LOG ==============================
2025-04-13 22:45:09 : |                       ------- LOOT --------            -- BONUS --   |
2025-04-13 22:45:09 : |AC| TIME|TROPHY|SRC|DS|   GOLD| ELIXIR|   DE| TR| *|  %| G & E|  DE|L.|
2025-04-13 22:49:59 : | 1|22:49|   852| 12| 4| 301189| 277983|  386|  6| 3|100|    2k| 100|S3||0/220|
2025-04-13 22:57:23 : | 1|22:57|   858| 13| 4| 424304| 301369| 1138| 12| 3|100|    2k| 100|S3||0/220|
2025-04-13 23:01:18 : ============================= ATTACK LOG ==============================
2025-04-13 23:01:18 : |                       ------- LOOT --------            -- BONUS --   |
2025-04-13 23:01:18 : |AC| TIME|TROPHY|SRC|DS|   GOLD| ELIXIR|   DE| TR| *|  %| G & E|  DE|L.|
2025-04-14 01:59:00 : ============================= ATTACK LOG ==============================
2025-04-14 01:59:00 : |                       ------- LOOT --------            -- BONUS --   |
2025-04-14 01:59:00 : |AC| TIME|TROPHY|SRC|DS|   GOLD| ELIXIR|   DE| TR| *|  %| G & E|  DE|L.|
2025-04-14 02:18:41 : | 1|02:18|   870| 10| 4| 375125| 372582|  227|  6| 3|100|    2k| 100|S3||0/220|
2025-04-14 02:26:37 : | 1|02:26|   876| 20| 4| 362231| 309497|  553| 12| 3|100|    2k| 100|S3||0/220|
2025-04-14 02:29:52 : | 1|02:29|   876|  4| 4| 141191| 123513|  279| 11| 3|100|    2k| 100|S3||0/220|
2025-04-14 02:33:59 : | 1|02:33|   899|  8| 4| 191982| 139569|  575|  8| 3|100|    2k| 100|S3||0/220|
2025-04-14 05:26:31 : ============================= ATTACK LOG ==============================
2025-04-14 05:26:31 : |                       ------- LOOT --------            -- BONUS --   |
2025-04-14 05:26:31 : |AC| TIME|TROPHY|SRC|DS|   GOLD| ELIXIR|   DE| TR| *|  %| G & E|  DE|L.|
2025-04-14 06:11:35 : | 1|06:11|   699|  4| 4| 322475| 490792|  126| 11| 3|100|    1k|   0|B1||0/220|
2025-04-14 06:19:19 : | 1|06:19|   699| 29| 4| 512025| 496080|  732| 16| 3|100|    1k|   0|B1||0/220|
2025-04-14 06:25:05 : | 1|06:25|   699| 24| 4| 150348| 187600|  136| 18| 3|100|    1k|   0|B1||0/220|
2025-04-14 06:58:17 : | 1|06:58|   744| 35| 4| 328180| 180519|  246| 26| 3|100|    1k|   0|B1||0/220|
2025-04-14 07:02:48 : | 1|07:02|   744| 14| 4| 148860| 112528|    0| 14| 3|100|    1k|   0|B1||0/220|
2025-04-14 07:07:41 : | 1|07:07|   744| 19| 4| 178742| 112515|  390| 11| 3|100|    1k|   0|B1||0/220|
2025-04-14 07:23:43 : | 1|07:23|   795| 60| 4| 363635| 410962|  343| 13| 3|100|    1k|   0|B1||0/220|
2025-04-14 08:06:49 : | 1|08:06|   808| 53| 4| 139410| 202547|    0| 10| 3|100|    2k| 100|S3||0/220|
2025-04-14 08:30:26 : | 1|08:30|   818| 18| 4| 289857| 304645|  525| 11| 3|100|    2k| 100|S3||0/220|
2025-04-14 08:34:37 : | 1|08:34|   818| 11| 4| 164106| 125502|  223| 10| 3|100|    2k| 100|S3||0/220|
2025-04-14 08:43:51 : | 1|08:43|   818| 42| 4| 394813| 393192| 1350| 14| 3|100|    2k| 100|S3||0/220|
2025-04-14 08:57:18 : | 1|08:57|   848| 28| 4|  23839|  82266|    0| -7| 0| 35|    0k|   0|--||0/220|
2025-04-14 09:03:13 : | 1|09:03|   841|  9| 4| 226745| 125917|  321| 12| 3|100|    2k| 100|S3||0/220|
2025-04-14 09:07:47 : | 1|09:07|   841| 13| 4| 294643| 692408| 1142|  3| 2| 63|    2k|  93|S3||0/220|
2025-04-14 09:18:54 : | 1|09:18|   841| 50| 4| 340449| 301143|  516|  9| 3|100|    2k| 100|S3||0/220|
2025-04-14 09:31:00 : | 1|09:31|   865| 35| 4| 373377| 236440|  441|  4| 2| 97|    2k| 100|S3||0/220|
2025-04-14 09:48:05 : | 1|09:48|   869| 63| 4| 162307| 186662|  578| 10| 3|100|    2k| 100|S3||0/220|
2025-04-14 14:08:23 : | 1|14:08|   879|  8| 4| 345858| 391062|  606|  2| 2| 83|    2k| 100|S3||0/220|
2025-04-14 14:16:11 : | 1|14:16|   881| 18| 4| 336976| 389719|  652| 11| 3|100|    2k| 100|S3||0/220|
2025-04-14 14:19:28 : | 1|14:19|   881|  2| 4| 380238| 343018|  374|  3| 2| 74|    2k| 100|S3||0/220|
2025-04-14 14:22:08 : | 1|14:22|   881|  1| 4| 209154| 237275|  179| 19| 3|100|    2k| 100|S3||0/220|
2025-04-14 14:43:33 : | 1|14:43|   694| 23| 4| 404614| 370948|  789| 18| 3|100|    1k|   0|B1||0/220|
2025-04-14 14:46:11 : | 1|14:46|   694|  3| 4| 318142| 190760|  331| 16| 3|100|    1k|   0|B1||0/220|
2025-04-14 14:51:34 : | 1|14:51|   694| 13| 4| 245109| 214516|  607| 16| 3|100|    1k|   0|B1||0/220|
2025-04-14 15:04:24 : | 1|15:04|   736| 34| 4| 429113| 324119|  967| 14| 3|100|    1k|   0|B1||0/220|
2025-04-14 15:23:47 : ============================= ATTACK LOG ==============================
2025-04-14 15:23:47 : |                       ------- LOOT --------            -- BONUS --   |
2025-04-14 15:23:47 : |AC| TIME|TROPHY|SRC|DS|   GOLD| ELIXIR|   DE| TR| *|  %| G & E|  DE|L.|
2025-04-14 15:29:36 : | 1|15:29|   750|  6| 4| 278373| 166301|  652| 12| 3|100|    1k|   0|B1||0/220|
