2025-04-10 09:47:52 : Upgrading Wall to level 6 for 30 000 Elixir - Duration : 1
2025-04-10 09:48:10 : Upgrading Wall to level 6 for 30 000 Elixir - Duration : 1
2025-04-10 09:48:28 : Upgrading Wall to level 6 for 30 000 Elixir - Duration : 1
2025-04-10 09:48:46 : Upgrading Wall to level 6 for 30 000 Elixir - Duration : 1
2025-04-10 09:49:05 : Upgrading Wall to level 6 for 30 000 Elixir - Duration : 1
2025-04-10 09:49:23 : Upgrading Wall to level 6 for 30 000 Elixir - Duration : 1
2025-04-10 09:49:41 : Upgrading Wall to level 6 for 30 000 Elixir - Duration : 1
2025-04-10 11:07:16 : Upgrading Elixir Collector to level 10 for 75 000 Gold - Duration : 3h
2025-04-10 11:07:31 : Upgrading Gold Mine to level 8 for 28 000 Elixir - Duration : 1h
2025-04-10 11:07:49 : Upgrading Wall to level 6 for 30 000 Elixir - Duration : 1
2025-04-10 11:08:07 : Upgrading Wall to level 6 for 30 000 Elixir - Duration : 1
2025-04-10 11:08:26 : Upgrading Wall to level 6 for 30 000 Elixir - Duration : 1
2025-04-10 11:08:43 : Upgrading Wall to level 6 for 30 000 Elixir - Duration : 1
2025-04-10 11:09:01 : Upgrading Wall to level 6 for 30 000 Gold - Duration : 1
2025-04-10 11:09:19 : Upgrading Wall to level 6 for 30 000 Elixir - Duration : 1
2025-04-10 11:09:37 : Upgrading Wall to level 6 for 30 000 Gold - Duration : 1
2025-04-10 11:09:54 : Upgrading Wall to level 6 for 30 000 Elixir - Duration : 1
2025-04-10 11:10:12 : Upgrading Wall to level 6 for 30 000 Gold - Duration : 1
2025-04-10 12:15:16 : Upgrading Air Defense to level 4 for 500 000 Gold - Duration : 12h
2025-04-10 12:15:31 : Upgrading Gold Mine to level 9 for 56 000 Elixir - Duration : 2h
2025-04-10 12:15:49 : Upgrading Wall to level 6 for 30 000 Elixir - Duration : 1
2025-04-10 12:16:07 : Upgrading Wall to level 6 for 30 000 Elixir - Duration : 1
2025-04-10 12:16:25 : Upgrading Wall to level 6 for 30 000 Elixir - Duration : 1
2025-04-10 12:16:43 : Upgrading Wall to level 6 for 30 000 Elixir - Duration : 1
2025-04-10 12:17:01 : Upgrading Wall to level 6 for 30 000 Elixir - Duration : 1
2025-04-10 12:17:19 : Upgrading Wall to level 6 for 30 000 Elixir - Duration : 1
2025-04-10 12:17:36 : Upgrading Wall to level 6 for 30 000 Elixir - Duration : 1
2025-04-10 12:17:54 : Upgrading Wall to level 6 for 30 000 Elixir - Duration : 1
2025-04-10 12:18:12 : Upgrading Wall to level 6 for 30 000 Elixir - Duration : 1
2025-04-10 12:20:24 : Upgrading Wall to level 6 for 30 000 Elixir - Duration : 1
2025-04-10 12:20:42 : Upgrading Wall to level 6 for 30 000 Elixir - Duration : 1
2025-04-10 12:21:00 : Upgrading Wall to level 6 for 30 000 Elixir - Duration : 1
2025-04-10 12:21:19 : Upgrading Wall to level 6 for 30 000 Elixir - Duration : 1
2025-04-10 12:21:38 : Upgrading Wall to level 6 for 30 000 Elixir - Duration : 1
2025-04-10 12:21:55 : Upgrading Wall to level 6 for 30 000 Elixir - Duration : 1
2025-04-10 12:22:14 : Upgrading Wall to level 6 for 30 000 Elixir - Duration : 1
2025-04-10 12:22:31 : Upgrading Wall to level 6 for 30 000 Gold - Duration : 1
2025-04-10 12:22:50 : Upgrading Wall to level 6 for 30 000 Elixir - Duration : 1
2025-04-10 12:23:07 : Upgrading Wall to level 6 for 30 000 Gold - Duration : 1
2025-04-10 12:23:25 : Upgrading Wall to level 6 for 30 000 Elixir - Duration : 1
2025-04-10 12:26:08 : Upgrading Wall to level 6 for 30 000 Gold - Duration : 1
2025-04-10 12:26:27 : Upgrading Wall to level 6 for 30 000 Elixir - Duration : 1
2025-04-10 12:26:46 : Upgrading Wall to level 6 for 30 000 Gold - Duration : 1
2025-04-10 12:27:04 : Upgrading Wall to level 6 for 30 000 Elixir - Duration : 1
2025-04-10 12:27:23 : Upgrading Wall to level 6 for 30 000 Gold - Duration : 1
2025-04-10 12:27:42 : Upgrading Wall to level 6 for 30 000 Elixir - Duration : 1
2025-04-10 12:28:00 : Upgrading Wall to level 6 for 30 000 Gold - Duration : 1
2025-04-10 12:28:18 : Upgrading Wall to level 6 for 30 000 Elixir - Duration : 1
2025-04-10 12:28:35 : Upgrading Wall to level 6 for 30 000 Gold - Duration : 1
2025-04-10 12:28:54 : Upgrading Wall to level 6 for 30 000 Elixir - Duration : 1
2025-04-10 12:29:11 : Upgrading Wall to level 6 for 30 000 Gold - Duration : 1
2025-04-10 12:32:28 : Upgrading Wall to level 6 for 30 000 Elixir - Duration : 1
2025-04-10 12:32:45 : Upgrading Wall to level 6 for 30 000 Gold - Duration : 1
2025-04-10 12:33:03 : Upgrading Wall to level 6 for 30 000 Elixir - Duration : 1
2025-04-10 12:33:21 : Upgrading Wall to level 6 for 30 000 Gold - Duration : 1
2025-04-10 12:33:39 : Upgrading Wall to level 6 for 30 000 Elixir - Duration : 1
2025-04-10 12:33:57 : Upgrading Wall to level 6 for 30 000 Gold - Duration : 1
2025-04-10 12:34:15 : Upgrading Wall to level 6 for 30 000 Elixir - Duration : 1
2025-04-10 12:34:33 : Upgrading Wall to level 6 for 30 000 Gold - Duration : 1
2025-04-10 12:34:53 : Upgrading Wall to level 6 for 30 000 Elixir - Duration : 1
2025-04-10 12:35:11 : Upgrading Wall to level 6 for 30 000 Gold - Duration : 1
2025-04-10 12:35:28 : Upgrading Wall to level 6 for 30 000 Elixir - Duration : 1
2025-04-10 12:38:50 : Upgrading Wall to level 6 for 30 000 Gold - Duration : 1
2025-04-10 12:39:08 : Upgrading Wall to level 6 for 30 000 Elixir - Duration : 1
2025-04-10 12:39:26 : Upgrading Wall to level 6 for 30 000 Gold - Duration : 1
2025-04-10 12:39:44 : Upgrading Wall to level 6 for 30 000 Elixir - Duration : 1
2025-04-10 12:40:01 : Upgrading Wall to level 6 for 30 000 Gold - Duration : 1
2025-04-10 12:40:20 : Upgrading Wall to level 6 for 30 000 Elixir - Duration : 1
2025-04-10 12:40:38 : Upgrading Wall to level 6 for 30 000 Gold - Duration : 1
2025-04-10 12:40:55 : Upgrading Wall to level 6 for 30 000 Elixir - Duration : 1
2025-04-10 12:41:13 : Upgrading Wall to level 6 for 30 000 Gold - Duration : 1
2025-04-10 12:41:31 : Upgrading Wall to level 6 for 30 000 Elixir - Duration : 1
2025-04-10 12:41:49 : Upgrading Wall to level 6 for 30 000 Gold - Duration : 1
2025-04-11 02:59:09 : Upgrading Elixir Collector to level 11 for 85 000 Gold - Duration : 4h
2025-04-11 04:44:33 : Upgrading Elixir Collector to level 11 for 85 000 Gold - Duration : 4h
2025-04-11 06:59:41 : Upgrading Elixir Collector to level 11 for 85 000 Gold - Duration : 4h
2025-04-11 08:36:27 : Upgrading Elixir Collector to level 11 for 85 000 Gold - Duration : 4h
2025-04-11 08:36:42 : Upgrading Elixir Collector to level 11 for 85 000 Gold - Duration : 4h
2025-04-11 08:47:39 : Upgrading Elixir Collector to level 11 for 85 000 Gold - Duration : 4h
2025-04-11 11:00:06 : Upgrading Elixir Storage to level 11 for 500 000 Gold - Duration : 6h
2025-04-11 12:38:41 : Upgrading Elixir Storage to level 11 for 500 000 Gold - Duration : 6h
2025-04-11 12:38:59 : Upgrading Laboratory to level 5 for 200 000 Elixir - Duration : 8h
2025-04-11 12:48:43 : Upgrading Dark Elixir Storage to level 2 for 500 000 Elixir - Duration : 16h
2025-04-11 20:25:53 : Upgrading Air Sweeper to level 3 for 450 000 Gold - Duration : 8h
2025-04-12 04:27:18 : Upgrading Wizard Tower to level 4 for 400 000 Gold - Duration : 8h
2025-04-12 04:29:59 : Upgrading Wizard Tower to level 4 for 400 000 Gold - Duration : 8h
2025-04-12 06:13:21 : Upgrading Hidden Tesla to level 2 for 350 000 Gold - Duration : 3h
2025-04-12 11:27:45 : Upgrading Hidden Tesla to level 3 for 500 000 Gold - Duration : 4h
2025-04-12 15:37:55 : Upgrading Hidden Tesla to level 3 for 500 000 Gold - Duration : 4h
2025-04-12 15:58:35 : Upgrading Mortar to level 5 for 300 000 Gold - Duration : 6h
2025-04-12 15:58:50 : Upgrading Mortar to level 5 for 300 000 Gold - Duration : 6h
2025-04-12 22:05:24 : Upgrading Archer Tower to level 8 for 200 000 Gold - Duration : 4h
2025-04-13 02:28:03 : Upgrading Cannon to level 8 for 160 000 Gold - Duration : 3h
2025-04-13 03:00:01 : Upgrading Air Defense to level 2 for 90 000 Gold - Duration : 2h
2025-04-13 03:00:16 : Upgrading Mortar to level 2 for 25 000 Gold - Duration : 1h
2025-04-13 04:02:48 : Upgrading Mortar to level 3 for 90 000 Gold - Duration : 2h
2025-04-13 05:00:53 : Upgrading Air Defense to level 3 for 210 000 Gold - Duration : 6h
2025-04-13 05:28:41 : Upgrading Archer Tower to level 2 for 2 000 Gold - Duration : 2m
2025-04-13 05:32:23 : Upgrading Archer Tower to level 3 for 5 000 Gold - Duration : 20m
2025-04-13 05:54:36 : Upgrading Archer Tower to level 4 for 20 000 Gold - Duration : 1h
2025-04-13 06:03:52 : Upgrading Mortar to level 4 for 180 000 Gold - Duration : 3h
2025-04-13 06:56:16 : Upgrading Archer Tower to level 5 for 70 000 Gold - Duration : 1h30m
2025-04-13 08:27:11 : Upgrading Archer Tower to level 6 for 80 000 Gold - Duration : 2h
2025-04-13 09:04:47 : Upgrading Mortar to level 5 for 300 000 Gold - Duration : 6h
2025-04-13 11:07:56 : Upgrading Air Defense to level 4 for 500 000 Gold - Duration : 12h
2025-04-13 11:08:11 : Upgrading Archer Tower to level 7 for 150 000 Gold - Duration : 3h
2025-04-13 12:56:36 : Upgrading Cannon to level 2 for 1 000 Gold - Duration : 30s
2025-04-13 13:32:53 : Upgrading Cannon to level 3 for 4 000 Gold - Duration : 2m
2025-04-13 14:16:02 : Upgrading Archer Tower to level 8 for 200 000 Gold - Duration : 4h
2025-04-13 14:16:18 : Upgrading Cannon to level 4 for 16 000 Gold - Duration : 20m
2025-04-13 14:37:26 : Upgrading Cannon to level 5 for 50 000 Gold - Duration : 30m
2025-04-13 15:05:00 : Upgrading Cannon to level 2 for 1 000 Gold - Duration : 30s
2025-04-13 15:07:20 : Upgrading Cannon to level 3 for 4 000 Gold - Duration : 2m
2025-04-13 15:10:17 : Upgrading Cannon to level 6 for 60 000 Gold - Duration : 1h
2025-04-13 15:10:32 : Upgrading Cannon to level 4 for 16 000 Gold - Duration : 20m
2025-04-13 19:11:53 : Upgrading Cannon to level 8 for 160 000 Gold - Duration : 3h
2025-04-13 19:12:09 : Upgrading Cannon to level 7 for 100 000 Gold - Duration : 2h
2025-04-13 19:12:24 : Upgrading Spring Trap to level 2 for 130 000 Gold - Duration : 2h
2025-04-13 21:12:29 : Upgrading Cannon to level 8 for 160 000 Gold - Duration : 3h
2025-04-13 21:12:44 : Upgrading Spring Trap to level 2 for 130 000 Gold - Duration : 2h
2025-04-14 05:45:39 : Upgrading Bomb to level 4 for 40 000 Gold - Duration : 30m
2025-04-14 05:45:55 : Upgrading Bomb to level 4 for 40 000 Gold - Duration : 30m
2025-04-14 06:27:08 : Upgrading Bomb to level 4 for 40 000 Gold - Duration : 30m
2025-04-14 06:27:22 : Upgrading Bomb to level 4 for 40 000 Gold - Duration : 30m
2025-04-14 07:09:04 : Upgrading Bomb to level 2 for 1 000 Gold - Duration : 3m
2025-04-14 07:09:18 : Upgrading Bomb to level 2 for 1 000 Gold - Duration : 3m
2025-04-14 07:25:38 : Upgrading Bomb to level 3 for 10 000 Gold - Duration : 10m
2025-04-14 07:25:53 : Upgrading Bomb to level 3 for 10 000 Gold - Duration : 10m
2025-04-14 08:08:36 : Upgrading Bomb to level 4 for 40 000 Gold - Duration : 30m
2025-04-14 08:08:51 : Upgrading Bomb to level 4 for 40 000 Gold - Duration : 30m
